[0.361s] DEBUG:colcon:Command line arguments: ['/usr/bin/colcon', 'build']
[0.361s] DEBUG:colcon:Parsed command line arguments: Namespace(log_base=None, log_level=None, verb_name='build', build_base='build', install_base='install', merge_install=False, symlink_install=False, test_result_base=None, continue_on_error=False, executor='parallel', parallel_workers=8, event_handlers=None, ignore_user_meta=False, metas=['./colcon.meta'], base_paths=['.'], packages_ignore=None, packages_ignore_regex=None, paths=None, packages_up_to=None, packages_up_to_regex=None, packages_above=None, packages_above_and_dependencies=None, packages_above_depth=None, packages_select_by_dep=None, packages_skip_by_dep=None, packages_skip_up_to=None, packages_select_build_failed=False, packages_skip_build_finished=False, packages_select_test_failures=False, packages_skip_test_passed=False, packages_select=None, packages_skip=None, packages_select_regex=None, packages_skip_regex=None, packages_start=None, packages_end=None, lookup_in_workspace=False, cargo_args=None, clean_build=False, cmake_args=None, cmake_target=None, cmake_target_skip_unavailable=False, cmake_clean_cache=False, cmake_clean_first=False, cmake_force_configure=False, ament_cmake_args=None, catkin_cmake_args=None, catkin_skip_building_tests=False, mixin_files=None, mixin=None, verb_parser=<colcon_mixin.mixin.mixin_argument.MixinArgumentDecorator object at 0x7f9ff8146320>, verb_extension=<colcon_core.verb.build.BuildVerb object at 0x7f9ff81457b0>, main=<bound method BuildVerb.main of <colcon_core.verb.build.BuildVerb object at 0x7f9ff81457b0>>, mixin_verb=('build',))
[0.810s] Level 1:colcon.colcon_core.package_discovery:discover_packages(colcon_meta) check parameters
[0.810s] Level 1:colcon.colcon_core.package_discovery:discover_packages(recursive) check parameters
[0.811s] Level 1:colcon.colcon_core.package_discovery:discover_packages(ignore) check parameters
[0.811s] Level 1:colcon.colcon_core.package_discovery:discover_packages(path) check parameters
[0.811s] Level 1:colcon.colcon_core.package_discovery:discover_packages(colcon_meta) discover
[0.811s] Level 1:colcon.colcon_core.package_discovery:discover_packages(recursive) discover
[0.811s] INFO:colcon.colcon_core.package_discovery:Crawling recursively for packages in '/home/user/ros2_ws'
[0.811s] Level 1:colcon.colcon_core.package_identification:_identify(.) by extensions ['ignore', 'ignore_ament_install']
[0.811s] Level 1:colcon.colcon_core.package_identification:_identify(.) by extension 'ignore'
[0.811s] Level 1:colcon.colcon_core.package_identification:_identify(.) by extension 'ignore_ament_install'
[0.811s] Level 1:colcon.colcon_core.package_identification:_identify(.) by extensions ['colcon_pkg']
[0.846s] Level 1:colcon.colcon_core.package_identification:_identify(.) by extension 'colcon_pkg'
[0.847s] Level 1:colcon.colcon_core.package_identification:_identify(.) by extensions ['colcon_meta']
[0.847s] Level 1:colcon.colcon_core.package_identification:_identify(.) by extension 'colcon_meta'
[0.847s] Level 1:colcon.colcon_core.package_identification:_identify(.) by extensions ['ament_cargo']
[0.847s] Level 1:colcon.colcon_core.package_identification:_identify(.) by extension 'ament_cargo'
[0.847s] Level 1:colcon.colcon_core.package_identification:_identify(.) by extensions ['ros']
[0.847s] Level 1:colcon.colcon_core.package_identification:_identify(.) by extension 'ros'
[0.868s] Level 1:colcon.colcon_core.package_identification:_identify(.) by extensions ['cargo', 'cmake', 'python']
[0.868s] Level 1:colcon.colcon_core.package_identification:_identify(.) by extension 'cargo'
[0.869s] Level 1:colcon.colcon_core.package_identification:_identify(.) by extension 'cmake'
[0.869s] Level 1:colcon.colcon_core.package_identification:_identify(.) by extension 'python'
[0.869s] Level 1:colcon.colcon_core.package_identification:_identify(.) by extensions ['python_setup_py']
[0.869s] Level 1:colcon.colcon_core.package_identification:_identify(.) by extension 'python_setup_py'
[0.869s] Level 1:colcon.colcon_core.package_identification:_identify(build) by extensions ['ignore', 'ignore_ament_install']
[0.869s] Level 1:colcon.colcon_core.package_identification:_identify(build) by extension 'ignore'
[0.869s] Level 1:colcon.colcon_core.package_identification:_identify(build) ignored
[0.869s] Level 1:colcon.colcon_core.package_identification:_identify(install) by extensions ['ignore', 'ignore_ament_install']
[0.870s] Level 1:colcon.colcon_core.package_identification:_identify(install) by extension 'ignore'
[0.870s] Level 1:colcon.colcon_core.package_identification:_identify(install) ignored
[0.870s] Level 1:colcon.colcon_core.package_identification:_identify(log) by extensions ['ignore', 'ignore_ament_install']
[0.870s] Level 1:colcon.colcon_core.package_identification:_identify(log) by extension 'ignore'
[0.870s] Level 1:colcon.colcon_core.package_identification:_identify(log) ignored
[0.870s] Level 1:colcon.colcon_core.package_identification:_identify(src) by extensions ['ignore', 'ignore_ament_install']
[0.870s] Level 1:colcon.colcon_core.package_identification:_identify(src) by extension 'ignore'
[0.870s] Level 1:colcon.colcon_core.package_identification:_identify(src) by extension 'ignore_ament_install'
[0.870s] Level 1:colcon.colcon_core.package_identification:_identify(src) by extensions ['colcon_pkg']
[0.870s] Level 1:colcon.colcon_core.package_identification:_identify(src) by extension 'colcon_pkg'
[0.870s] Level 1:colcon.colcon_core.package_identification:_identify(src) by extensions ['colcon_meta']
[0.871s] Level 1:colcon.colcon_core.package_identification:_identify(src) by extension 'colcon_meta'
[0.871s] Level 1:colcon.colcon_core.package_identification:_identify(src) by extensions ['ament_cargo']
[0.871s] Level 1:colcon.colcon_core.package_identification:_identify(src) by extension 'ament_cargo'
[0.871s] Level 1:colcon.colcon_core.package_identification:_identify(src) by extensions ['ros']
[0.871s] Level 1:colcon.colcon_core.package_identification:_identify(src) by extension 'ros'
[0.871s] Level 1:colcon.colcon_core.package_identification:_identify(src) by extensions ['cargo', 'cmake', 'python']
[0.871s] Level 1:colcon.colcon_core.package_identification:_identify(src) by extension 'cargo'
[0.871s] Level 1:colcon.colcon_core.package_identification:_identify(src) by extension 'cmake'
[0.871s] Level 1:colcon.colcon_core.package_identification:_identify(src) by extension 'python'
[0.871s] Level 1:colcon.colcon_core.package_identification:_identify(src) by extensions ['python_setup_py']
[0.871s] Level 1:colcon.colcon_core.package_identification:_identify(src) by extension 'python_setup_py'
[0.871s] Level 1:colcon.colcon_core.package_identification:_identify(src/my_interfaces) by extensions ['ignore', 'ignore_ament_install']
[0.872s] Level 1:colcon.colcon_core.package_identification:_identify(src/my_interfaces) by extension 'ignore'
[0.872s] Level 1:colcon.colcon_core.package_identification:_identify(src/my_interfaces) by extension 'ignore_ament_install'
[0.872s] Level 1:colcon.colcon_core.package_identification:_identify(src/my_interfaces) by extensions ['colcon_pkg']
[0.872s] Level 1:colcon.colcon_core.package_identification:_identify(src/my_interfaces) by extension 'colcon_pkg'
[0.872s] Level 1:colcon.colcon_core.package_identification:_identify(src/my_interfaces) by extensions ['colcon_meta']
[0.872s] Level 1:colcon.colcon_core.package_identification:_identify(src/my_interfaces) by extension 'colcon_meta'
[0.872s] Level 1:colcon.colcon_core.package_identification:_identify(src/my_interfaces) by extensions ['ament_cargo']
[0.872s] Level 1:colcon.colcon_core.package_identification:_identify(src/my_interfaces) by extension 'ament_cargo'
[0.872s] Level 1:colcon.colcon_core.package_identification:_identify(src/my_interfaces) by extensions ['ros']
[0.872s] Level 1:colcon.colcon_core.package_identification:_identify(src/my_interfaces) by extension 'ros'
[0.877s] DEBUG:colcon.colcon_core.package_identification:Package 'src/my_interfaces' with type 'ros.ament_cmake' and name 'my_interfaces'
[0.877s] Level 1:colcon.colcon_core.package_identification:_identify(src/my_turtle) by extensions ['ignore', 'ignore_ament_install']
[0.877s] Level 1:colcon.colcon_core.package_identification:_identify(src/my_turtle) by extension 'ignore'
[0.878s] Level 1:colcon.colcon_core.package_identification:_identify(src/my_turtle) by extension 'ignore_ament_install'
[0.878s] Level 1:colcon.colcon_core.package_identification:_identify(src/my_turtle) by extensions ['colcon_pkg']
[0.878s] Level 1:colcon.colcon_core.package_identification:_identify(src/my_turtle) by extension 'colcon_pkg'
[0.878s] Level 1:colcon.colcon_core.package_identification:_identify(src/my_turtle) by extensions ['colcon_meta']
[0.878s] Level 1:colcon.colcon_core.package_identification:_identify(src/my_turtle) by extension 'colcon_meta'
[0.878s] Level 1:colcon.colcon_core.package_identification:_identify(src/my_turtle) by extensions ['ament_cargo']
[0.878s] Level 1:colcon.colcon_core.package_identification:_identify(src/my_turtle) by extension 'ament_cargo'
[0.878s] Level 1:colcon.colcon_core.package_identification:_identify(src/my_turtle) by extensions ['ros']
[0.878s] Level 1:colcon.colcon_core.package_identification:_identify(src/my_turtle) by extension 'ros'
[0.879s] DEBUG:colcon.colcon_core.package_identification:Package 'src/my_turtle' with type 'ros.ament_python' and name 'my_turtle'
[0.879s] Level 1:colcon.colcon_core.package_discovery:discover_packages(recursive) using defaults
[0.879s] Level 1:colcon.colcon_core.package_discovery:discover_packages(ignore) discover
[0.879s] Level 1:colcon.colcon_core.package_discovery:discover_packages(ignore) using defaults
[0.879s] Level 1:colcon.colcon_core.package_discovery:discover_packages(path) discover
[0.879s] Level 1:colcon.colcon_core.package_discovery:discover_packages(path) using defaults
[0.961s] Level 5:colcon.colcon_core.verb:set package 'my_interfaces' build argument 'lookup_in_workspace' from command line to 'False'
[0.961s] Level 5:colcon.colcon_core.verb:set package 'my_interfaces' build argument 'cargo_args' from command line to 'None'
[0.961s] Level 5:colcon.colcon_core.verb:set package 'my_interfaces' build argument 'clean_build' from command line to 'False'
[0.961s] Level 5:colcon.colcon_core.verb:set package 'my_interfaces' build argument 'cmake_args' from command line to 'None'
[0.961s] Level 5:colcon.colcon_core.verb:set package 'my_interfaces' build argument 'cmake_target' from command line to 'None'
[0.961s] Level 5:colcon.colcon_core.verb:set package 'my_interfaces' build argument 'cmake_target_skip_unavailable' from command line to 'False'
[0.961s] Level 5:colcon.colcon_core.verb:set package 'my_interfaces' build argument 'cmake_clean_cache' from command line to 'False'
[0.961s] Level 5:colcon.colcon_core.verb:set package 'my_interfaces' build argument 'cmake_clean_first' from command line to 'False'
[0.961s] Level 5:colcon.colcon_core.verb:set package 'my_interfaces' build argument 'cmake_force_configure' from command line to 'False'
[0.961s] Level 5:colcon.colcon_core.verb:set package 'my_interfaces' build argument 'ament_cmake_args' from command line to 'None'
[0.961s] Level 5:colcon.colcon_core.verb:set package 'my_interfaces' build argument 'catkin_cmake_args' from command line to 'None'
[0.961s] Level 5:colcon.colcon_core.verb:set package 'my_interfaces' build argument 'catkin_skip_building_tests' from command line to 'False'
[0.961s] DEBUG:colcon.colcon_core.verb:Building package 'my_interfaces' with the following arguments: {'ament_cmake_args': None, 'build_base': '/home/user/ros2_ws/build/my_interfaces', 'cargo_args': None, 'catkin_cmake_args': None, 'catkin_skip_building_tests': False, 'clean_build': False, 'cmake_args': None, 'cmake_clean_cache': False, 'cmake_clean_first': False, 'cmake_force_configure': False, 'cmake_target': None, 'cmake_target_skip_unavailable': False, 'install_base': '/home/user/ros2_ws/install/my_interfaces', 'lookup_in_workspace': False, 'merge_install': False, 'path': '/home/user/ros2_ws/src/my_interfaces', 'symlink_install': False, 'test_result_base': None}
[0.962s] Level 5:colcon.colcon_core.verb:set package 'my_turtle' build argument 'lookup_in_workspace' from command line to 'False'
[0.962s] Level 5:colcon.colcon_core.verb:set package 'my_turtle' build argument 'cargo_args' from command line to 'None'
[0.962s] Level 5:colcon.colcon_core.verb:set package 'my_turtle' build argument 'clean_build' from command line to 'False'
[0.962s] Level 5:colcon.colcon_core.verb:set package 'my_turtle' build argument 'cmake_args' from command line to 'None'
[0.962s] Level 5:colcon.colcon_core.verb:set package 'my_turtle' build argument 'cmake_target' from command line to 'None'
[0.962s] Level 5:colcon.colcon_core.verb:set package 'my_turtle' build argument 'cmake_target_skip_unavailable' from command line to 'False'
[0.963s] Level 5:colcon.colcon_core.verb:set package 'my_turtle' build argument 'cmake_clean_cache' from command line to 'False'
[0.963s] Level 5:colcon.colcon_core.verb:set package 'my_turtle' build argument 'cmake_clean_first' from command line to 'False'
[0.963s] Level 5:colcon.colcon_core.verb:set package 'my_turtle' build argument 'cmake_force_configure' from command line to 'False'
[0.963s] Level 5:colcon.colcon_core.verb:set package 'my_turtle' build argument 'ament_cmake_args' from command line to 'None'
[0.963s] Level 5:colcon.colcon_core.verb:set package 'my_turtle' build argument 'catkin_cmake_args' from command line to 'None'
[0.963s] Level 5:colcon.colcon_core.verb:set package 'my_turtle' build argument 'catkin_skip_building_tests' from command line to 'False'
[0.963s] DEBUG:colcon.colcon_core.verb:Building package 'my_turtle' with the following arguments: {'ament_cmake_args': None, 'build_base': '/home/user/ros2_ws/build/my_turtle', 'cargo_args': None, 'catkin_cmake_args': None, 'catkin_skip_building_tests': False, 'clean_build': False, 'cmake_args': None, 'cmake_clean_cache': False, 'cmake_clean_first': False, 'cmake_force_configure': False, 'cmake_target': None, 'cmake_target_skip_unavailable': False, 'install_base': '/home/user/ros2_ws/install/my_turtle', 'lookup_in_workspace': False, 'merge_install': False, 'path': '/home/user/ros2_ws/src/my_turtle', 'symlink_install': False, 'test_result_base': None}
[0.963s] INFO:colcon.colcon_core.executor:Executing jobs using 'parallel' executor
[0.966s] DEBUG:colcon.colcon_parallel_executor.executor.parallel:run_until_complete
[0.967s] INFO:colcon.colcon_ros.task.ament_cmake.build:Building ROS package in '/home/user/ros2_ws/src/my_interfaces' with build type 'ament_cmake'
[0.967s] INFO:colcon.colcon_cmake.task.cmake.build:Building CMake package in '/home/user/ros2_ws/src/my_interfaces'
[0.971s] INFO:colcon.colcon_core.plugin_system:Skipping extension 'colcon_core.shell.bat': Not used on non-Windows systems
[0.972s] INFO:colcon.colcon_core.shell:Skip shell extension 'powershell' for command environment: Not usable outside of PowerShell
[0.972s] DEBUG:colcon.colcon_core.shell:Skip shell extension 'dsv' for command environment
[0.985s] INFO:colcon.colcon_ros.task.ament_python.build:Building ROS package in '/home/user/ros2_ws/src/my_turtle' with build type 'ament_python'
[0.985s] Level 1:colcon.colcon_core.shell:create_environment_hook('my_turtle', 'ament_prefix_path')
[0.986s] INFO:colcon.colcon_core.shell:Creating environment hook '/home/user/ros2_ws/install/my_turtle/share/my_turtle/hook/ament_prefix_path.ps1'
[0.989s] INFO:colcon.colcon_core.shell:Creating environment descriptor '/home/user/ros2_ws/install/my_turtle/share/my_turtle/hook/ament_prefix_path.dsv'
[0.989s] INFO:colcon.colcon_core.shell:Creating environment hook '/home/user/ros2_ws/install/my_turtle/share/my_turtle/hook/ament_prefix_path.sh'
[0.991s] INFO:colcon.colcon_core.shell:Skip shell extension 'powershell' for command environment: Not usable outside of PowerShell
[0.991s] DEBUG:colcon.colcon_core.shell:Skip shell extension 'dsv' for command environment
[1.053s] DEBUG:colcon.colcon_core.event_handler.log_command:Invoking command in '/home/user/ros2_ws/build/my_interfaces': CMAKE_PREFIX_PATH=${CMAKE_PREFIX_PATH}:/home/simulations/ros2_sims_ws/install/rclrs_tests:/home/simulations/ros2_sims_ws/install/examples_rclrs_minimal_client_service:/home/simulations/ros2_sims_ws/install/sensor_msgs_py:/home/simulations/ros2_sims_ws/install/examples_rclrs_minimal_pub_sub:/home/simulations/ros2_sims_ws/install/examples_rclrs_message_demo:/home/simulations/ros2_sims_ws/install/rclrs:/home/simulations/ros2_sims_ws/install/rosidl_runtime_rs:/home/user/ros2_ws/install/my_turtle:/opt/ros/humble _=/usr/bin/env /usr/bin/cmake /home/user/ros2_ws/src/my_interfaces -DCMAKE_INSTALL_PREFIX=/home/user/ros2_ws/install/my_interfaces
[2.162s] INFO:colcon.colcon_core.task.python.build:Building Python package in '/home/user/ros2_ws/src/my_turtle'
[2.163s] INFO:colcon.colcon_core.shell:Skip shell extension 'powershell' for command environment: Not usable outside of PowerShell
[2.163s] DEBUG:colcon.colcon_core.shell:Skip shell extension 'dsv' for command environment
[3.578s] DEBUG:colcon.colcon_core.event_handler.log_command:Invoking command in '/home/user/ros2_ws/src/my_turtle': PYTHONPATH=/home/user/ros2_ws/build/my_turtle/prefix_override:/home/user/ros2_ws/install/my_turtle/lib/python3.10/site-packages:${PYTHONPATH} _=/usr/bin/env /usr/bin/python3 -W ignore:setup.py install is deprecated setup.py egg_info --egg-base ../../build/my_turtle build --build-base /home/user/ros2_ws/build/my_turtle/build install --record /home/user/ros2_ws/build/my_turtle/install.log --single-version-externally-managed install_data
[4.645s] DEBUG:colcon.colcon_core.event_handler.log_command:Invoked command in '/home/user/ros2_ws/src/my_turtle' returned '0': PYTHONPATH=/home/user/ros2_ws/build/my_turtle/prefix_override:/home/user/ros2_ws/install/my_turtle/lib/python3.10/site-packages:${PYTHONPATH} _=/usr/bin/env /usr/bin/python3 -W ignore:setup.py install is deprecated setup.py egg_info --egg-base ../../build/my_turtle build --build-base /home/user/ros2_ws/build/my_turtle/build install --record /home/user/ros2_ws/build/my_turtle/install.log --single-version-externally-managed install_data
[4.646s] Level 1:colcon.colcon_core.environment:checking '/home/user/ros2_ws/install/my_turtle' for CMake module files
[4.646s] Level 1:colcon.colcon_core.environment:checking '/home/user/ros2_ws/install/my_turtle' for CMake config files
[4.647s] Level 1:colcon.colcon_core.environment:checking '/home/user/ros2_ws/install/my_turtle/lib'
[4.647s] Level 1:colcon.colcon_core.environment:checking '/home/user/ros2_ws/install/my_turtle/bin'
[4.647s] Level 1:colcon.colcon_core.environment:checking '/home/user/ros2_ws/install/my_turtle/lib/pkgconfig/my_turtle.pc'
[4.648s] Level 1:colcon.colcon_core.environment:checking '/home/user/ros2_ws/install/my_turtle/lib/python3.10/site-packages'
[4.648s] Level 1:colcon.colcon_core.shell:create_environment_hook('my_turtle', 'pythonpath')
[4.648s] INFO:colcon.colcon_core.shell:Creating environment hook '/home/user/ros2_ws/install/my_turtle/share/my_turtle/hook/pythonpath.ps1'
[4.649s] INFO:colcon.colcon_core.shell:Creating environment descriptor '/home/user/ros2_ws/install/my_turtle/share/my_turtle/hook/pythonpath.dsv'
[4.650s] INFO:colcon.colcon_core.shell:Creating environment hook '/home/user/ros2_ws/install/my_turtle/share/my_turtle/hook/pythonpath.sh'
[4.652s] Level 1:colcon.colcon_core.environment:checking '/home/user/ros2_ws/install/my_turtle/bin'
[4.652s] Level 1:colcon.colcon_core.environment:create_environment_scripts_only(my_turtle)
[4.652s] INFO:colcon.colcon_core.shell:Creating package script '/home/user/ros2_ws/install/my_turtle/share/my_turtle/package.ps1'
[4.654s] INFO:colcon.colcon_core.shell:Creating package descriptor '/home/user/ros2_ws/install/my_turtle/share/my_turtle/package.dsv'
[4.655s] INFO:colcon.colcon_core.shell:Creating package script '/home/user/ros2_ws/install/my_turtle/share/my_turtle/package.sh'
[4.656s] INFO:colcon.colcon_core.shell:Creating package script '/home/user/ros2_ws/install/my_turtle/share/my_turtle/package.bash'
[4.657s] INFO:colcon.colcon_core.shell:Creating package script '/home/user/ros2_ws/install/my_turtle/share/my_turtle/package.zsh'
[4.661s] Level 1:colcon.colcon_core.environment:create_file_with_runtime_dependencies(/home/user/ros2_ws/install/my_turtle/share/colcon-core/packages/my_turtle)
[8.463s] DEBUG:colcon.colcon_core.event_handler.log_command:Invoked command in '/home/user/ros2_ws/build/my_interfaces' returned '0': CMAKE_PREFIX_PATH=${CMAKE_PREFIX_PATH}:/home/simulations/ros2_sims_ws/install/rclrs_tests:/home/simulations/ros2_sims_ws/install/examples_rclrs_minimal_client_service:/home/simulations/ros2_sims_ws/install/sensor_msgs_py:/home/simulations/ros2_sims_ws/install/examples_rclrs_minimal_pub_sub:/home/simulations/ros2_sims_ws/install/examples_rclrs_message_demo:/home/simulations/ros2_sims_ws/install/rclrs:/home/simulations/ros2_sims_ws/install/rosidl_runtime_rs:/home/user/ros2_ws/install/my_turtle:/opt/ros/humble _=/usr/bin/env /usr/bin/cmake /home/user/ros2_ws/src/my_interfaces -DCMAKE_INSTALL_PREFIX=/home/user/ros2_ws/install/my_interfaces
[8.464s] DEBUG:colcon.colcon_core.event_handler.log_command:Invoking command in '/home/user/ros2_ws/build/my_interfaces': CMAKE_PREFIX_PATH=${CMAKE_PREFIX_PATH}:/home/simulations/ros2_sims_ws/install/rclrs_tests:/home/simulations/ros2_sims_ws/install/examples_rclrs_minimal_client_service:/home/simulations/ros2_sims_ws/install/sensor_msgs_py:/home/simulations/ros2_sims_ws/install/examples_rclrs_minimal_pub_sub:/home/simulations/ros2_sims_ws/install/examples_rclrs_message_demo:/home/simulations/ros2_sims_ws/install/rclrs:/home/simulations/ros2_sims_ws/install/rosidl_runtime_rs:/home/user/ros2_ws/install/my_turtle:/opt/ros/humble _=/usr/bin/env /usr/bin/cmake --build /home/user/ros2_ws/build/my_interfaces -- -j8 -l8
[33.109s] DEBUG:colcon.colcon_core.event_handler.log_command:Invoked command in '/home/user/ros2_ws/build/my_interfaces' returned '0': CMAKE_PREFIX_PATH=${CMAKE_PREFIX_PATH}:/home/simulations/ros2_sims_ws/install/rclrs_tests:/home/simulations/ros2_sims_ws/install/examples_rclrs_minimal_client_service:/home/simulations/ros2_sims_ws/install/sensor_msgs_py:/home/simulations/ros2_sims_ws/install/examples_rclrs_minimal_pub_sub:/home/simulations/ros2_sims_ws/install/examples_rclrs_message_demo:/home/simulations/ros2_sims_ws/install/rclrs:/home/simulations/ros2_sims_ws/install/rosidl_runtime_rs:/home/user/ros2_ws/install/my_turtle:/opt/ros/humble _=/usr/bin/env /usr/bin/cmake --build /home/user/ros2_ws/build/my_interfaces -- -j8 -l8
[33.648s] DEBUG:colcon.colcon_core.event_handler.log_command:Invoking command in '/home/user/ros2_ws/build/my_interfaces': CMAKE_PREFIX_PATH=${CMAKE_PREFIX_PATH}:/home/simulations/ros2_sims_ws/install/rclrs_tests:/home/simulations/ros2_sims_ws/install/examples_rclrs_minimal_client_service:/home/simulations/ros2_sims_ws/install/sensor_msgs_py:/home/simulations/ros2_sims_ws/install/examples_rclrs_minimal_pub_sub:/home/simulations/ros2_sims_ws/install/examples_rclrs_message_demo:/home/simulations/ros2_sims_ws/install/rclrs:/home/simulations/ros2_sims_ws/install/rosidl_runtime_rs:/home/user/ros2_ws/install/my_turtle:/opt/ros/humble _=/usr/bin/env /usr/bin/cmake --install /home/user/ros2_ws/build/my_interfaces
[33.869s] Level 1:colcon.colcon_core.environment:create_environment_scripts_only(my_interfaces)
[33.869s] Level 1:colcon.colcon_core.environment:checking '/home/user/ros2_ws/install/my_interfaces' for CMake module files
[33.870s] Level 1:colcon.colcon_core.environment:checking '/home/user/ros2_ws/install/my_interfaces' for CMake config files
[33.871s] Level 1:colcon.colcon_core.shell:create_environment_hook('my_interfaces', 'cmake_prefix_path')
[33.883s] INFO:colcon.colcon_core.shell:Creating environment hook '/home/user/ros2_ws/install/my_interfaces/share/my_interfaces/hook/cmake_prefix_path.ps1'
[33.883s] INFO:colcon.colcon_core.shell:Creating environment descriptor '/home/user/ros2_ws/install/my_interfaces/share/my_interfaces/hook/cmake_prefix_path.dsv'
[33.884s] INFO:colcon.colcon_core.shell:Creating environment hook '/home/user/ros2_ws/install/my_interfaces/share/my_interfaces/hook/cmake_prefix_path.sh'
[33.886s] Level 1:colcon.colcon_core.environment:checking '/home/user/ros2_ws/install/my_interfaces/lib'
[33.886s] Level 1:colcon.colcon_core.shell:create_environment_hook('my_interfaces', 'ld_library_path_lib')
[33.887s] INFO:colcon.colcon_core.shell:Creating environment hook '/home/user/ros2_ws/install/my_interfaces/share/my_interfaces/hook/ld_library_path_lib.ps1'
[33.887s] INFO:colcon.colcon_core.shell:Creating environment descriptor '/home/user/ros2_ws/install/my_interfaces/share/my_interfaces/hook/ld_library_path_lib.dsv'
[33.888s] INFO:colcon.colcon_core.shell:Creating environment hook '/home/user/ros2_ws/install/my_interfaces/share/my_interfaces/hook/ld_library_path_lib.sh'
[33.888s] Level 1:colcon.colcon_core.environment:checking '/home/user/ros2_ws/install/my_interfaces/bin'
[33.888s] Level 1:colcon.colcon_core.environment:checking '/home/user/ros2_ws/install/my_interfaces/lib/pkgconfig/my_interfaces.pc'
[33.889s] Level 1:colcon.colcon_core.environment:checking '/home/user/ros2_ws/install/my_interfaces/lib/python3.10/site-packages'
[33.889s] Level 1:colcon.colcon_core.environment:checking '/home/user/ros2_ws/install/my_interfaces/bin'
[33.890s] INFO:colcon.colcon_core.shell:Creating package script '/home/user/ros2_ws/install/my_interfaces/share/my_interfaces/package.ps1'
[33.891s] DEBUG:colcon.colcon_core.event_handler.log_command:Invoked command in '/home/user/ros2_ws/build/my_interfaces' returned '0': CMAKE_PREFIX_PATH=${CMAKE_PREFIX_PATH}:/home/simulations/ros2_sims_ws/install/rclrs_tests:/home/simulations/ros2_sims_ws/install/examples_rclrs_minimal_client_service:/home/simulations/ros2_sims_ws/install/sensor_msgs_py:/home/simulations/ros2_sims_ws/install/examples_rclrs_minimal_pub_sub:/home/simulations/ros2_sims_ws/install/examples_rclrs_message_demo:/home/simulations/ros2_sims_ws/install/rclrs:/home/simulations/ros2_sims_ws/install/rosidl_runtime_rs:/home/user/ros2_ws/install/my_turtle:/opt/ros/humble _=/usr/bin/env /usr/bin/cmake --install /home/user/ros2_ws/build/my_interfaces
[33.891s] INFO:colcon.colcon_core.shell:Creating package descriptor '/home/user/ros2_ws/install/my_interfaces/share/my_interfaces/package.dsv'
[33.893s] INFO:colcon.colcon_core.shell:Creating package script '/home/user/ros2_ws/install/my_interfaces/share/my_interfaces/package.sh'
[33.893s] INFO:colcon.colcon_core.shell:Creating package script '/home/user/ros2_ws/install/my_interfaces/share/my_interfaces/package.bash'
[33.894s] INFO:colcon.colcon_core.shell:Creating package script '/home/user/ros2_ws/install/my_interfaces/share/my_interfaces/package.zsh'
[33.897s] Level 1:colcon.colcon_core.environment:create_file_with_runtime_dependencies(/home/user/ros2_ws/install/my_interfaces/share/colcon-core/packages/my_interfaces)
[34.362s] Level 1:colcon.colcon_core.environment:create_environment_scripts_only(my_interfaces)
[34.363s] Level 1:colcon.colcon_core.environment:checking '/home/user/ros2_ws/install/my_interfaces' for CMake module files
[34.364s] Level 1:colcon.colcon_core.environment:checking '/home/user/ros2_ws/install/my_interfaces' for CMake config files
[34.370s] Level 1:colcon.colcon_core.shell:create_environment_hook('my_interfaces', 'cmake_prefix_path')
[34.371s] INFO:colcon.colcon_core.shell:Creating environment hook '/home/user/ros2_ws/install/my_interfaces/share/my_interfaces/hook/cmake_prefix_path.ps1'
[34.371s] INFO:colcon.colcon_core.shell:Creating environment descriptor '/home/user/ros2_ws/install/my_interfaces/share/my_interfaces/hook/cmake_prefix_path.dsv'
[34.372s] INFO:colcon.colcon_core.shell:Creating environment hook '/home/user/ros2_ws/install/my_interfaces/share/my_interfaces/hook/cmake_prefix_path.sh'
[34.375s] Level 1:colcon.colcon_core.environment:checking '/home/user/ros2_ws/install/my_interfaces/lib'
[34.375s] Level 1:colcon.colcon_core.shell:create_environment_hook('my_interfaces', 'ld_library_path_lib')
[34.375s] INFO:colcon.colcon_core.shell:Creating environment hook '/home/user/ros2_ws/install/my_interfaces/share/my_interfaces/hook/ld_library_path_lib.ps1'
[34.376s] INFO:colcon.colcon_core.shell:Creating environment descriptor '/home/user/ros2_ws/install/my_interfaces/share/my_interfaces/hook/ld_library_path_lib.dsv'
[34.377s] INFO:colcon.colcon_core.shell:Creating environment hook '/home/user/ros2_ws/install/my_interfaces/share/my_interfaces/hook/ld_library_path_lib.sh'
[34.378s] Level 1:colcon.colcon_core.environment:checking '/home/user/ros2_ws/install/my_interfaces/bin'
[34.378s] Level 1:colcon.colcon_core.environment:checking '/home/user/ros2_ws/install/my_interfaces/lib/pkgconfig/my_interfaces.pc'
[34.378s] Level 1:colcon.colcon_core.environment:checking '/home/user/ros2_ws/install/my_interfaces/lib/python3.10/site-packages'
[34.378s] Level 1:colcon.colcon_core.environment:checking '/home/user/ros2_ws/install/my_interfaces/bin'
[34.380s] INFO:colcon.colcon_core.shell:Creating package script '/home/user/ros2_ws/install/my_interfaces/share/my_interfaces/package.ps1'
[34.380s] INFO:colcon.colcon_core.shell:Creating package descriptor '/home/user/ros2_ws/install/my_interfaces/share/my_interfaces/package.dsv'
[34.381s] INFO:colcon.colcon_core.shell:Creating package script '/home/user/ros2_ws/install/my_interfaces/share/my_interfaces/package.sh'
[34.382s] INFO:colcon.colcon_core.shell:Creating package script '/home/user/ros2_ws/install/my_interfaces/share/my_interfaces/package.bash'
[34.382s] INFO:colcon.colcon_core.shell:Creating package script '/home/user/ros2_ws/install/my_interfaces/share/my_interfaces/package.zsh'
[34.383s] Level 1:colcon.colcon_core.environment:create_file_with_runtime_dependencies(/home/user/ros2_ws/install/my_interfaces/share/colcon-core/packages/my_interfaces)
[34.384s] DEBUG:colcon.colcon_parallel_executor.executor.parallel:closing loop
[34.385s] DEBUG:colcon.colcon_parallel_executor.executor.parallel:loop closed
[34.385s] DEBUG:colcon.colcon_parallel_executor.executor.parallel:run_until_complete finished with '0'
[34.385s] DEBUG:colcon.colcon_core.event_reactor:joining thread
[34.396s] INFO:colcon.colcon_core.plugin_system:Skipping extension 'colcon_notification.desktop_notification.notify_send': Could not find 'notify-send'
[34.396s] INFO:colcon.colcon_core.plugin_system:Skipping extension 'colcon_notification.desktop_notification.terminal_notifier': Not used on non-Darwin systems
[34.396s] INFO:colcon.colcon_core.plugin_system:Skipping extension 'colcon_notification.desktop_notification.win32': Not used on non-Windows systems
[34.397s] INFO:colcon.colcon_notification.desktop_notification:Sending desktop notification using 'notify2'
[34.408s] DEBUG:colcon.colcon_notification.desktop_notification.notify2:Failed to initialize notify2: org.freedesktop.DBus.Error.Spawn.ExecFailed: /usr/bin/dbus-launch terminated abnormally without any error message
[34.409s] DEBUG:colcon.colcon_core.event_reactor:joined thread
[34.411s] INFO:colcon.colcon_core.shell:Creating prefix script '/home/user/ros2_ws/install/local_setup.ps1'
[34.415s] INFO:colcon.colcon_core.shell:Creating prefix util module '/home/user/ros2_ws/install/_local_setup_util_ps1.py'
[34.423s] INFO:colcon.colcon_core.shell:Creating prefix chain script '/home/user/ros2_ws/install/setup.ps1'
[34.427s] INFO:colcon.colcon_core.shell:Creating prefix script '/home/user/ros2_ws/install/local_setup.sh'
[34.427s] INFO:colcon.colcon_core.shell:Creating prefix util module '/home/user/ros2_ws/install/_local_setup_util_sh.py'
[34.428s] INFO:colcon.colcon_core.shell:Creating prefix chain script '/home/user/ros2_ws/install/setup.sh'
[34.432s] INFO:colcon.colcon_core.shell:Creating prefix script '/home/user/ros2_ws/install/local_setup.bash'
[34.444s] INFO:colcon.colcon_core.shell:Creating prefix chain script '/home/user/ros2_ws/install/setup.bash'
[34.455s] INFO:colcon.colcon_core.shell:Creating prefix script '/home/user/ros2_ws/install/local_setup.zsh'
[34.456s] INFO:colcon.colcon_core.shell:Creating prefix chain script '/home/user/ros2_ws/install/setup.zsh'
