/home/user/ros2_ws/install/my_turtle/lib/python3.10/site-packages/my_turtle/lap_time_action_server.py
/home/user/ros2_ws/install/my_turtle/lib/python3.10/site-packages/my_turtle/__init__.py
/home/user/ros2_ws/install/my_turtle/lib/python3.10/site-packages/my_turtle/lap_time_action_client.py
/home/user/ros2_ws/install/my_turtle/lib/python3.10/site-packages/my_turtle/wall_finder_server.py
/home/user/ros2_ws/install/my_turtle/lib/python3.10/site-packages/my_turtle/turtle_avoid_wall.py
/home/user/ros2_ws/install/my_turtle/lib/python3.10/site-packages/my_turtle/__pycache__/lap_time_action_server.cpython-310.pyc
/home/user/ros2_ws/install/my_turtle/lib/python3.10/site-packages/my_turtle/__pycache__/__init__.cpython-310.pyc
/home/user/ros2_ws/install/my_turtle/lib/python3.10/site-packages/my_turtle/__pycache__/lap_time_action_client.cpython-310.pyc
/home/user/ros2_ws/install/my_turtle/lib/python3.10/site-packages/my_turtle/__pycache__/wall_finder_server.cpython-310.pyc
/home/user/ros2_ws/install/my_turtle/lib/python3.10/site-packages/my_turtle/__pycache__/turtle_avoid_wall.cpython-310.pyc
/home/user/ros2_ws/install/my_turtle/share/ament_index/resource_index/packages/my_turtle
/home/user/ros2_ws/install/my_turtle/share/my_turtle/package.xml
/home/user/ros2_ws/install/my_turtle/share/my_turtle/launch/launch_all_nodes.py
/home/user/ros2_ws/install/my_turtle/lib/python3.10/site-packages/my_turtle-0.0.0-py3.10.egg-info/PKG-INFO
/home/user/ros2_ws/install/my_turtle/lib/python3.10/site-packages/my_turtle-0.0.0-py3.10.egg-info/zip-safe
/home/user/ros2_ws/install/my_turtle/lib/python3.10/site-packages/my_turtle-0.0.0-py3.10.egg-info/top_level.txt
/home/user/ros2_ws/install/my_turtle/lib/python3.10/site-packages/my_turtle-0.0.0-py3.10.egg-info/requires.txt
/home/user/ros2_ws/install/my_turtle/lib/python3.10/site-packages/my_turtle-0.0.0-py3.10.egg-info/entry_points.txt
/home/user/ros2_ws/install/my_turtle/lib/python3.10/site-packages/my_turtle-0.0.0-py3.10.egg-info/SOURCES.txt
/home/user/ros2_ws/install/my_turtle/lib/python3.10/site-packages/my_turtle-0.0.0-py3.10.egg-info/dependency_links.txt
/home/user/ros2_ws/install/my_turtle/lib/my_turtle/find_wall_server
/home/user/ros2_ws/install/my_turtle/lib/my_turtle/stop_on_obstacle
/home/user/ros2_ws/install/my_turtle/lib/my_turtle/time_lap_client
/home/user/ros2_ws/install/my_turtle/lib/my_turtle/time_lap_server
