[2.537s] Invoking command in '/home/user/ros2_ws/src/my_turtle': PYTHONPATH=/home/user/ros2_ws/build/my_turtle/prefix_override:/home/user/ros2_ws/install/my_turtle/lib/python3.10/site-packages:${PYTHONPATH} _=/usr/bin/env /usr/bin/python3 -W ignore:setup.py install is deprecated setup.py egg_info --egg-base ../../build/my_turtle build --build-base /home/user/ros2_ws/build/my_turtle/build install --record /home/user/ros2_ws/build/my_turtle/install.log --single-version-externally-managed install_data
[3.506s] running egg_info
[3.508s] writing ../../build/my_turtle/my_turtle.egg-info/PKG-INFO
[3.508s] writing dependency_links to ../../build/my_turtle/my_turtle.egg-info/dependency_links.txt
[3.510s] writing entry points to ../../build/my_turtle/my_turtle.egg-info/entry_points.txt
[3.510s] writing requirements to ../../build/my_turtle/my_turtle.egg-info/requires.txt
[3.510s] writing top-level names to ../../build/my_turtle/my_turtle.egg-info/top_level.txt
[3.512s] reading manifest file '../../build/my_turtle/my_turtle.egg-info/SOURCES.txt'
[3.513s] writing manifest file '../../build/my_turtle/my_turtle.egg-info/SOURCES.txt'
[3.514s] running build
[3.514s] running build_py
[3.514s] copying my_turtle/lap_time_action_client.py -> /home/user/ros2_ws/build/my_turtle/build/lib/my_turtle
[3.515s] copying my_turtle/wall_finder_server.py -> /home/user/ros2_ws/build/my_turtle/build/lib/my_turtle
[3.515s] running install
[3.516s] running install_lib
[3.529s] copying /home/user/ros2_ws/build/my_turtle/build/lib/my_turtle/lap_time_action_client.py -> /home/user/ros2_ws/install/my_turtle/lib/python3.10/site-packages/my_turtle
[3.530s] copying /home/user/ros2_ws/build/my_turtle/build/lib/my_turtle/wall_finder_server.py -> /home/user/ros2_ws/install/my_turtle/lib/python3.10/site-packages/my_turtle
[3.532s] byte-compiling /home/user/ros2_ws/install/my_turtle/lib/python3.10/site-packages/my_turtle/lap_time_action_client.py to lap_time_action_client.cpython-310.pyc
[3.534s] byte-compiling /home/user/ros2_ws/install/my_turtle/lib/python3.10/site-packages/my_turtle/wall_finder_server.py to wall_finder_server.cpython-310.pyc
[3.536s] running install_data
[3.536s] running install_egg_info
[3.577s] removing '/home/user/ros2_ws/install/my_turtle/lib/python3.10/site-packages/my_turtle-0.0.0-py3.10.egg-info' (and everything under it)
[3.578s] Copying ../../build/my_turtle/my_turtle.egg-info to /home/user/ros2_ws/install/my_turtle/lib/python3.10/site-packages/my_turtle-0.0.0-py3.10.egg-info
[3.581s] running install_scripts
[3.623s] Installing find_wall_server script to /home/user/ros2_ws/install/my_turtle/lib/my_turtle
[3.624s] Installing stop_on_obstacle script to /home/user/ros2_ws/install/my_turtle/lib/my_turtle
[3.624s] Installing time_lap_client script to /home/user/ros2_ws/install/my_turtle/lib/my_turtle
[3.625s] Installing time_lap_server script to /home/user/ros2_ws/install/my_turtle/lib/my_turtle
[3.626s] writing list of installed files to '/home/user/ros2_ws/build/my_turtle/install.log'
[3.725s] Invoked command in '/home/user/ros2_ws/src/my_turtle' returned '0': PYTHONPATH=/home/user/ros2_ws/build/my_turtle/prefix_override:/home/user/ros2_ws/install/my_turtle/lib/python3.10/site-packages:${PYTHONPATH} _=/usr/bin/env /usr/bin/python3 -W ignore:setup.py install is deprecated setup.py egg_info --egg-base ../../build/my_turtle build --build-base /home/user/ros2_ws/build/my_turtle/build install --record /home/user/ros2_ws/build/my_turtle/install.log --single-version-externally-managed install_data
