running egg_info
writing ../../build/my_turtle/my_turtle.egg-info/PKG-INFO
writing dependency_links to ../../build/my_turtle/my_turtle.egg-info/dependency_links.txt
writing entry points to ../../build/my_turtle/my_turtle.egg-info/entry_points.txt
writing requirements to ../../build/my_turtle/my_turtle.egg-info/requires.txt
writing top-level names to ../../build/my_turtle/my_turtle.egg-info/top_level.txt
reading manifest file '../../build/my_turtle/my_turtle.egg-info/SOURCES.txt'
writing manifest file '../../build/my_turtle/my_turtle.egg-info/SOURCES.txt'
running build
running build_py
copying my_turtle/lap_time_action_server.py -> /home/user/ros2_ws/build/my_turtle/build/lib/my_turtle
copying my_turtle/lap_time_action_client.py -> /home/user/ros2_ws/build/my_turtle/build/lib/my_turtle
running install
running install_lib
copying /home/user/ros2_ws/build/my_turtle/build/lib/my_turtle/lap_time_action_server.py -> /home/user/ros2_ws/install/my_turtle/lib/python3.10/site-packages/my_turtle
copying /home/user/ros2_ws/build/my_turtle/build/lib/my_turtle/lap_time_action_client.py -> /home/user/ros2_ws/install/my_turtle/lib/python3.10/site-packages/my_turtle
byte-compiling /home/user/ros2_ws/install/my_turtle/lib/python3.10/site-packages/my_turtle/lap_time_action_server.py to lap_time_action_server.cpython-310.pyc
byte-compiling /home/user/ros2_ws/install/my_turtle/lib/python3.10/site-packages/my_turtle/lap_time_action_client.py to lap_time_action_client.cpython-310.pyc
running install_data
running install_egg_info
removing '/home/user/ros2_ws/install/my_turtle/lib/python3.10/site-packages/my_turtle-0.0.0-py3.10.egg-info' (and everything under it)
Copying ../../build/my_turtle/my_turtle.egg-info to /home/user/ros2_ws/install/my_turtle/lib/python3.10/site-packages/my_turtle-0.0.0-py3.10.egg-info
running install_scripts
Installing find_wall_server script to /home/user/ros2_ws/install/my_turtle/lib/my_turtle
Installing stop_on_obstacle script to /home/user/ros2_ws/install/my_turtle/lib/my_turtle
Installing time_lap_client script to /home/user/ros2_ws/install/my_turtle/lib/my_turtle
Installing time_lap_server script to /home/user/ros2_ws/install/my_turtle/lib/my_turtle
writing list of installed files to '/home/user/ros2_ws/build/my_turtle/install.log'
