[2.880s] Invoking command in '/home/user/ros2_ws/src/my_turtle': PYTHONPATH=/home/user/ros2_ws/build/my_turtle/prefix_override:/home/user/ros2_ws/install/my_turtle/lib/python3.10/site-packages:${PYTHONPATH} _=/usr/bin/env /usr/bin/python3 -W ignore:setup.py install is deprecated setup.py egg_info --egg-base ../../build/my_turtle build --build-base /home/user/ros2_ws/build/my_turtle/build install --record /home/user/ros2_ws/build/my_turtle/install.log --single-version-externally-managed install_data
[3.870s] running egg_info
[3.872s] writing ../../build/my_turtle/my_turtle.egg-info/PKG-INFO
[3.872s] writing dependency_links to ../../build/my_turtle/my_turtle.egg-info/dependency_links.txt
[3.872s] writing entry points to ../../build/my_turtle/my_turtle.egg-info/entry_points.txt
[3.874s] writing requirements to ../../build/my_turtle/my_turtle.egg-info/requires.txt
[3.875s] writing top-level names to ../../build/my_turtle/my_turtle.egg-info/top_level.txt
[3.877s] reading manifest file '../../build/my_turtle/my_turtle.egg-info/SOURCES.txt'
[3.879s] writing manifest file '../../build/my_turtle/my_turtle.egg-info/SOURCES.txt'
[3.879s] running build
[3.879s] running build_py
[3.880s] copying my_turtle/lap_time_action_server.py -> /home/user/ros2_ws/build/my_turtle/build/lib/my_turtle
[3.881s] copying my_turtle/lap_time_action_client.py -> /home/user/ros2_ws/build/my_turtle/build/lib/my_turtle
[3.881s] copying my_turtle/wall_finder_server.py -> /home/user/ros2_ws/build/my_turtle/build/lib/my_turtle
[3.882s] copying my_turtle/turtle_avoid_wall.py -> /home/user/ros2_ws/build/my_turtle/build/lib/my_turtle
[3.882s] running install
[3.882s] running install_lib
[3.882s] copying /home/user/ros2_ws/build/my_turtle/build/lib/my_turtle/lap_time_action_server.py -> /home/user/ros2_ws/install/my_turtle/lib/python3.10/site-packages/my_turtle
[3.883s] copying /home/user/ros2_ws/build/my_turtle/build/lib/my_turtle/lap_time_action_client.py -> /home/user/ros2_ws/install/my_turtle/lib/python3.10/site-packages/my_turtle
[3.883s] copying /home/user/ros2_ws/build/my_turtle/build/lib/my_turtle/wall_finder_server.py -> /home/user/ros2_ws/install/my_turtle/lib/python3.10/site-packages/my_turtle
[3.883s] copying /home/user/ros2_ws/build/my_turtle/build/lib/my_turtle/turtle_avoid_wall.py -> /home/user/ros2_ws/install/my_turtle/lib/python3.10/site-packages/my_turtle
[3.884s] byte-compiling /home/user/ros2_ws/install/my_turtle/lib/python3.10/site-packages/my_turtle/lap_time_action_server.py to lap_time_action_server.cpython-310.pyc
[3.885s] byte-compiling /home/user/ros2_ws/install/my_turtle/lib/python3.10/site-packages/my_turtle/lap_time_action_client.py to lap_time_action_client.cpython-310.pyc
[3.886s] byte-compiling /home/user/ros2_ws/install/my_turtle/lib/python3.10/site-packages/my_turtle/wall_finder_server.py to wall_finder_server.cpython-310.pyc
[3.887s] byte-compiling /home/user/ros2_ws/install/my_turtle/lib/python3.10/site-packages/my_turtle/turtle_avoid_wall.py to turtle_avoid_wall.cpython-310.pyc
[3.889s] running install_data
[3.889s] running install_egg_info
[3.893s] removing '/home/user/ros2_ws/install/my_turtle/lib/python3.10/site-packages/my_turtle-0.0.0-py3.10.egg-info' (and everything under it)
[3.894s] Copying ../../build/my_turtle/my_turtle.egg-info to /home/user/ros2_ws/install/my_turtle/lib/python3.10/site-packages/my_turtle-0.0.0-py3.10.egg-info
[3.897s] running install_scripts
[4.013s] Installing find_wall_server script to /home/user/ros2_ws/install/my_turtle/lib/my_turtle
[4.015s] Installing stop_on_obstacle script to /home/user/ros2_ws/install/my_turtle/lib/my_turtle
[4.016s] Installing time_lap_client script to /home/user/ros2_ws/install/my_turtle/lib/my_turtle
[4.017s] Installing time_lap_server script to /home/user/ros2_ws/install/my_turtle/lib/my_turtle
[4.018s] writing list of installed files to '/home/user/ros2_ws/build/my_turtle/install.log'
[4.154s] Invoked command in '/home/user/ros2_ws/src/my_turtle' returned '0': PYTHONPATH=/home/user/ros2_ws/build/my_turtle/prefix_override:/home/user/ros2_ws/install/my_turtle/lib/python3.10/site-packages:${PYTHONPATH} _=/usr/bin/env /usr/bin/python3 -W ignore:setup.py install is deprecated setup.py egg_info --egg-base ../../build/my_turtle build --build-base /home/user/ros2_ws/build/my_turtle/build install --record /home/user/ros2_ws/build/my_turtle/install.log --single-version-externally-managed install_data
