[2.268s] Invoking command in '/home/user/ros2_ws/src/my_turtle': PYTHONPATH=/home/user/ros2_ws/build/my_turtle/prefix_override:/home/user/ros2_ws/install/my_turtle/lib/python3.10/site-packages:${PYTHONPATH} _=/usr/bin/env /usr/bin/python3 -W ignore:setup.py install is deprecated setup.py egg_info --egg-base ../../build/my_turtle build --build-base /home/user/ros2_ws/build/my_turtle/build install --record /home/user/ros2_ws/build/my_turtle/install.log --single-version-externally-managed install_data
[3.081s] running egg_info
[3.082s] writing ../../build/my_turtle/my_turtle.egg-info/PKG-INFO
[3.083s] writing dependency_links to ../../build/my_turtle/my_turtle.egg-info/dependency_links.txt
[3.083s] writing entry points to ../../build/my_turtle/my_turtle.egg-info/entry_points.txt
[3.083s] writing requirements to ../../build/my_turtle/my_turtle.egg-info/requires.txt
[3.084s] writing top-level names to ../../build/my_turtle/my_turtle.egg-info/top_level.txt
[3.085s] reading manifest file '../../build/my_turtle/my_turtle.egg-info/SOURCES.txt'
[3.086s] writing manifest file '../../build/my_turtle/my_turtle.egg-info/SOURCES.txt'
[3.086s] running build
[3.087s] running build_py
[3.087s] copying my_turtle/turtle_avoid_wall.py -> /home/user/ros2_ws/build/my_turtle/build/lib/my_turtle
[3.087s] running install
[3.088s] running install_lib
[3.089s] copying /home/user/ros2_ws/build/my_turtle/build/lib/my_turtle/turtle_avoid_wall.py -> /home/user/ros2_ws/install/my_turtle/lib/python3.10/site-packages/my_turtle
[3.090s] byte-compiling /home/user/ros2_ws/install/my_turtle/lib/python3.10/site-packages/my_turtle/turtle_avoid_wall.py to turtle_avoid_wall.cpython-310.pyc
[3.091s] running install_data
[3.092s] running install_egg_info
[3.097s] removing '/home/user/ros2_ws/install/my_turtle/lib/python3.10/site-packages/my_turtle-0.0.0-py3.10.egg-info' (and everything under it)
[3.097s] Copying ../../build/my_turtle/my_turtle.egg-info to /home/user/ros2_ws/install/my_turtle/lib/python3.10/site-packages/my_turtle-0.0.0-py3.10.egg-info
[3.098s] running install_scripts
[3.174s] Installing stop_on_obstacle script to /home/user/ros2_ws/install/my_turtle/lib/my_turtle
[3.175s] writing list of installed files to '/home/user/ros2_ws/build/my_turtle/install.log'
[3.260s] Invoked command in '/home/user/ros2_ws/src/my_turtle' returned '0': PYTHONPATH=/home/user/ros2_ws/build/my_turtle/prefix_override:/home/user/ros2_ws/install/my_turtle/lib/python3.10/site-packages:${PYTHONPATH} _=/usr/bin/env /usr/bin/python3 -W ignore:setup.py install is deprecated setup.py egg_info --egg-base ../../build/my_turtle build --build-base /home/user/ros2_ws/build/my_turtle/build install --record /home/user/ros2_ws/build/my_turtle/install.log --single-version-externally-managed install_data
