[0.101s] Invoking command in '/home/user/ros2_ws/build/my_interfaces': CMAKE_PREFIX_PATH=${CMAKE_PREFIX_PATH}:/home/simulations/ros2_sims_ws/install/rclrs_tests:/home/simulations/ros2_sims_ws/install/examples_rclrs_minimal_client_service:/home/simulations/ros2_sims_ws/install/sensor_msgs_py:/home/simulations/ros2_sims_ws/install/examples_rclrs_minimal_pub_sub:/home/simulations/ros2_sims_ws/install/examples_rclrs_message_demo:/home/simulations/ros2_sims_ws/install/rclrs:/home/simulations/ros2_sims_ws/install/rosidl_runtime_rs:/home/user/ros2_ws/install/my_turtle:/opt/ros/humble _=/usr/bin/env /usr/bin/cmake /home/user/ros2_ws/src/my_interfaces -DCMAKE_INSTALL_PREFIX=/home/user/ros2_ws/install/my_interfaces
[6.334s] -- The C compiler identification is GNU 11.4.0
[9.199s] -- The CXX compiler identification is GNU 11.4.0
[9.416s] -- Detecting C compiler ABI info
[9.720s] -- Detecting C compiler ABI info - done
[9.736s] -- Check for working C compiler: /usr/bin/cc - skipped
[9.741s] -- Detecting C compile features
[9.796s] -- Detecting C compile features - done
[9.816s] -- Detecting CXX compiler ABI info
[10.198s] -- Detecting CXX compiler ABI info - done
[10.212s] -- Check for working CXX compiler: /usr/bin/c++ - skipped
[10.212s] -- Detecting CXX compile features
[10.213s] -- Detecting CXX compile features - done
[10.288s] -- Found ament_cmake: 1.3.8 (/opt/ros/humble/share/ament_cmake/cmake)
[11.309s] -- Found Python3: /usr/bin/python3 (found version "3.10.12") found components: Interpreter 
[12.117s] -- Found ament_lint_auto: 0.12.10 (/opt/ros/humble/share/ament_lint_auto/cmake)
[12.616s] -- Added test 'lint_cmake' to check CMake code style
[12.621s] -- Added test 'xmllint' to check XML markup files
[12.638s] -- Found rosidl_default_generators: 1.2.0 (/home/simulations/ros2_sims_ws/install/rosidl_default_generators/share/rosidl_default_generators/cmake)
[12.727s] -- Using all available rosidl_typesupport_c: rosidl_typesupport_fastrtps_c;rosidl_typesupport_introspection_c
[12.855s] -- Found rosidl_adapter: 3.1.5 (/opt/ros/humble/share/rosidl_adapter/cmake)
[13.600s] -- Using all available rosidl_typesupport_cpp: rosidl_typesupport_fastrtps_cpp;rosidl_typesupport_introspection_cpp
[13.923s] [31mCMake Error at /opt/ros/humble/share/rosidl_cmake/cmake/rosidl_generate_interfaces.cmake:64 (message):
[13.923s]   rosidl_generate_interfaces() must be called before ament_package()
[13.923s] Call Stack (most recent call first):
[13.923s]   CMakeLists.txt:30 (rosidl_generate_interfaces)
[13.924s] 
[13.924s] [0m
[13.924s] -- Configuring incomplete, errors occurred!
[13.924s] See also "/home/user/ros2_ws/build/my_interfaces/CMakeFiles/CMakeOutput.log".
[13.934s] Invoked command in '/home/user/ros2_ws/build/my_interfaces' returned '1': CMAKE_PREFIX_PATH=${CMAKE_PREFIX_PATH}:/home/simulations/ros2_sims_ws/install/rclrs_tests:/home/simulations/ros2_sims_ws/install/examples_rclrs_minimal_client_service:/home/simulations/ros2_sims_ws/install/sensor_msgs_py:/home/simulations/ros2_sims_ws/install/examples_rclrs_minimal_pub_sub:/home/simulations/ros2_sims_ws/install/examples_rclrs_message_demo:/home/simulations/ros2_sims_ws/install/rclrs:/home/simulations/ros2_sims_ws/install/rosidl_runtime_rs:/home/user/ros2_ws/install/my_turtle:/opt/ros/humble _=/usr/bin/env /usr/bin/cmake /home/user/ros2_ws/src/my_interfaces -DCMAKE_INSTALL_PREFIX=/home/user/ros2_ws/install/my_interfaces
