[0.939s] Invoking command in '/home/user/ros2_ws/src/my_turtle': PYTHONPATH=/home/user/ros2_ws/build/my_turtle/prefix_override:/home/user/ros2_ws/install/my_turtle/lib/python3.10/site-packages:${PYTHONPATH} _=/usr/bin/env /usr/bin/python3 -W ignore:setup.py install is deprecated setup.py egg_info --egg-base ../../build/my_turtle build --build-base /home/user/ros2_ws/build/my_turtle/build install --record /home/user/ros2_ws/build/my_turtle/install.log --single-version-externally-managed install_data
[1.297s] running egg_info
[1.299s] writing ../../build/my_turtle/my_turtle.egg-info/PKG-INFO
[1.299s] writing dependency_links to ../../build/my_turtle/my_turtle.egg-info/dependency_links.txt
[1.301s] writing entry points to ../../build/my_turtle/my_turtle.egg-info/entry_points.txt
[1.302s] writing requirements to ../../build/my_turtle/my_turtle.egg-info/requires.txt
[1.302s] writing top-level names to ../../build/my_turtle/my_turtle.egg-info/top_level.txt
[1.305s] reading manifest file '../../build/my_turtle/my_turtle.egg-info/SOURCES.txt'
[1.306s] writing manifest file '../../build/my_turtle/my_turtle.egg-info/SOURCES.txt'
[1.306s] running build
[1.306s] running build_py
[1.306s] copying my_turtle/turtle_avoid_wall.py -> /home/user/ros2_ws/build/my_turtle/build/lib/my_turtle
[1.306s] running install
[1.307s] running install_lib
[1.308s] copying /home/user/ros2_ws/build/my_turtle/build/lib/my_turtle/turtle_avoid_wall.py -> /home/user/ros2_ws/install/my_turtle/lib/python3.10/site-packages/my_turtle
[1.309s] byte-compiling /home/user/ros2_ws/install/my_turtle/lib/python3.10/site-packages/my_turtle/turtle_avoid_wall.py to turtle_avoid_wall.cpython-310.pyc
[1.309s] running install_data
[1.309s] running install_egg_info
[1.313s] removing '/home/user/ros2_ws/install/my_turtle/lib/python3.10/site-packages/my_turtle-0.0.0-py3.10.egg-info' (and everything under it)
[1.313s] Copying ../../build/my_turtle/my_turtle.egg-info to /home/user/ros2_ws/install/my_turtle/lib/python3.10/site-packages/my_turtle-0.0.0-py3.10.egg-info
[1.315s] running install_scripts
[1.345s] Installing stop_on_obstacle script to /home/user/ros2_ws/install/my_turtle/lib/my_turtle
[1.347s] writing list of installed files to '/home/user/ros2_ws/build/my_turtle/install.log'
[1.381s] Invoked command in '/home/user/ros2_ws/src/my_turtle' returned '0': PYTHONPATH=/home/user/ros2_ws/build/my_turtle/prefix_override:/home/user/ros2_ws/install/my_turtle/lib/python3.10/site-packages:${PYTHONPATH} _=/usr/bin/env /usr/bin/python3 -W ignore:setup.py install is deprecated setup.py egg_info --egg-base ../../build/my_turtle build --build-base /home/user/ros2_ws/build/my_turtle/build install --record /home/user/ros2_ws/build/my_turtle/install.log --single-version-externally-managed install_data
