[2.907s] Invoking command in '/home/user/ros2_ws/src/my_turtle': PYTHONPATH=/home/user/ros2_ws/build/my_turtle/prefix_override:/home/user/ros2_ws/install/my_turtle/lib/python3.10/site-packages:${PYTHONPATH} _=/usr/bin/env /usr/bin/python3 -W ignore:setup.py install is deprecated setup.py egg_info --egg-base ../../build/my_turtle build --build-base /home/user/ros2_ws/build/my_turtle/build install --record /home/user/ros2_ws/build/my_turtle/install.log --single-version-externally-managed install_data
[3.990s] running egg_info
[3.990s] writing ../../build/my_turtle/my_turtle.egg-info/PKG-INFO
[3.992s] writing dependency_links to ../../build/my_turtle/my_turtle.egg-info/dependency_links.txt
[3.992s] writing entry points to ../../build/my_turtle/my_turtle.egg-info/entry_points.txt
[3.994s] writing requirements to ../../build/my_turtle/my_turtle.egg-info/requires.txt
[3.994s] writing top-level names to ../../build/my_turtle/my_turtle.egg-info/top_level.txt
[3.994s] reading manifest file '../../build/my_turtle/my_turtle.egg-info/SOURCES.txt'
[3.995s] writing manifest file '../../build/my_turtle/my_turtle.egg-info/SOURCES.txt'
[3.995s] running build
[3.995s] running build_py
[3.996s] copying my_turtle/lap_time_action_server.py -> /home/user/ros2_ws/build/my_turtle/build/lib/my_turtle
[3.997s] running install
[3.997s] running install_lib
[3.998s] copying /home/user/ros2_ws/build/my_turtle/build/lib/my_turtle/lap_time_action_server.py -> /home/user/ros2_ws/install/my_turtle/lib/python3.10/site-packages/my_turtle
[3.999s] byte-compiling /home/user/ros2_ws/install/my_turtle/lib/python3.10/site-packages/my_turtle/lap_time_action_server.py to lap_time_action_server.cpython-310.pyc
[4.001s] running install_data
[4.001s] running install_egg_info
[4.004s] removing '/home/user/ros2_ws/install/my_turtle/lib/python3.10/site-packages/my_turtle-0.0.0-py3.10.egg-info' (and everything under it)
[4.005s] Copying ../../build/my_turtle/my_turtle.egg-info to /home/user/ros2_ws/install/my_turtle/lib/python3.10/site-packages/my_turtle-0.0.0-py3.10.egg-info
[4.006s] running install_scripts
[4.094s] Installing find_wall_server script to /home/user/ros2_ws/install/my_turtle/lib/my_turtle
[4.096s] Installing stop_on_obstacle script to /home/user/ros2_ws/install/my_turtle/lib/my_turtle
[4.096s] writing list of installed files to '/home/user/ros2_ws/build/my_turtle/install.log'
[4.199s] Invoked command in '/home/user/ros2_ws/src/my_turtle' returned '0': PYTHONPATH=/home/user/ros2_ws/build/my_turtle/prefix_override:/home/user/ros2_ws/install/my_turtle/lib/python3.10/site-packages:${PYTHONPATH} _=/usr/bin/env /usr/bin/python3 -W ignore:setup.py install is deprecated setup.py egg_info --egg-base ../../build/my_turtle build --build-base /home/user/ros2_ws/build/my_turtle/build install --record /home/user/ros2_ws/build/my_turtle/install.log --single-version-externally-managed install_data
