[0.070s] Invoking command in '/home/user/ros2_ws/build/my_interfaces': CMAKE_PREFIX_PATH=${CMAKE_PREFIX_PATH}:/home/simulations/ros2_sims_ws/install/rclrs_tests:/home/simulations/ros2_sims_ws/install/examples_rclrs_minimal_client_service:/home/simulations/ros2_sims_ws/install/sensor_msgs_py:/home/simulations/ros2_sims_ws/install/examples_rclrs_minimal_pub_sub:/home/simulations/ros2_sims_ws/install/examples_rclrs_message_demo:/home/simulations/ros2_sims_ws/install/rclrs:/home/simulations/ros2_sims_ws/install/rosidl_runtime_rs:/home/user/ros2_ws/install/my_turtle:/opt/ros/humble _=/usr/bin/env /usr/bin/cmake --build /home/user/ros2_ws/build/my_interfaces -- -j8 -l8
[0.324s] [  2%] [34m[1mGenerating Rust code for ROS interfaces[0m
[1.590s] [  2%] Built target my_interfaces__rs
[1.784s] [  2%] Built target ament_cmake_python_copy_my_interfaces
[1.962s] [  5%] Built target my_interfaces__cpp
[2.911s] running egg_info
[2.913s] writing my_interfaces.egg-info/PKG-INFO
[2.913s] writing dependency_links to my_interfaces.egg-info/dependency_links.txt
[2.915s] writing top-level names to my_interfaces.egg-info/top_level.txt
[2.962s] reading manifest file 'my_interfaces.egg-info/SOURCES.txt'
[2.962s] writing manifest file 'my_interfaces.egg-info/SOURCES.txt'
[3.071s] [  5%] Built target ament_cmake_python_build_my_interfaces_egg
[3.199s] [ 15%] Built target my_interfaces__rosidl_typesupport_cpp
[3.318s] [ 25%] Built target my_interfaces__rosidl_typesupport_introspection_cpp
[3.496s] [ 35%] Built target my_interfaces__rosidl_typesupport_fastrtps_cpp
[3.664s] [ 45%] Built target my_interfaces__rosidl_generator_c
[3.869s] [ 55%] Built target my_interfaces__rosidl_typesupport_fastrtps_c
[3.971s] [ 65%] Built target my_interfaces__rosidl_typesupport_c
[4.028s] [ 75%] Built target my_interfaces__rosidl_typesupport_introspection_c
[4.112s] [ 75%] Built target my_interfaces
[4.188s] [ 77%] Built target my_interfaces__py
[4.287s] [ 85%] Built target my_interfaces__rosidl_generator_py
[4.371s] [ 90%] Built target my_interfaces__rosidl_typesupport_fastrtps_c__pyext
[4.465s] [ 95%] Built target my_interfaces__rosidl_typesupport_c__pyext
[4.569s] [100%] Built target my_interfaces__rosidl_typesupport_introspection_c__pyext
[4.591s] Invoked command in '/home/user/ros2_ws/build/my_interfaces' returned '0': CMAKE_PREFIX_PATH=${CMAKE_PREFIX_PATH}:/home/simulations/ros2_sims_ws/install/rclrs_tests:/home/simulations/ros2_sims_ws/install/examples_rclrs_minimal_client_service:/home/simulations/ros2_sims_ws/install/sensor_msgs_py:/home/simulations/ros2_sims_ws/install/examples_rclrs_minimal_pub_sub:/home/simulations/ros2_sims_ws/install/examples_rclrs_message_demo:/home/simulations/ros2_sims_ws/install/rclrs:/home/simulations/ros2_sims_ws/install/rosidl_runtime_rs:/home/user/ros2_ws/install/my_turtle:/opt/ros/humble _=/usr/bin/env /usr/bin/cmake --build /home/user/ros2_ws/build/my_interfaces -- -j8 -l8
[5.297s] Invoking command in '/home/user/ros2_ws/build/my_interfaces': CMAKE_PREFIX_PATH=${CMAKE_PREFIX_PATH}:/home/simulations/ros2_sims_ws/install/rclrs_tests:/home/simulations/ros2_sims_ws/install/examples_rclrs_minimal_client_service:/home/simulations/ros2_sims_ws/install/sensor_msgs_py:/home/simulations/ros2_sims_ws/install/examples_rclrs_minimal_pub_sub:/home/simulations/ros2_sims_ws/install/examples_rclrs_message_demo:/home/simulations/ros2_sims_ws/install/rclrs:/home/simulations/ros2_sims_ws/install/rosidl_runtime_rs:/home/user/ros2_ws/install/my_turtle:/opt/ros/humble _=/usr/bin/env /usr/bin/cmake --install /home/user/ros2_ws/build/my_interfaces
[5.317s] -- Install configuration: ""
[5.317s] -- Up-to-date: /home/user/ros2_ws/install/my_interfaces/share/ament_index/resource_index/rosidl_interfaces/my_interfaces
[5.318s] -- Up-to-date: /home/user/ros2_ws/install/my_interfaces/include/my_interfaces/my_interfaces
[5.318s] -- Up-to-date: /home/user/ros2_ws/install/my_interfaces/include/my_interfaces/my_interfaces/srv
[5.319s] -- Up-to-date: /home/user/ros2_ws/install/my_interfaces/include/my_interfaces/my_interfaces/srv/detail
[5.319s] -- Up-to-date: /home/user/ros2_ws/install/my_interfaces/include/my_interfaces/my_interfaces/srv/detail/find_wall__functions.h
[5.320s] -- Up-to-date: /home/user/ros2_ws/install/my_interfaces/include/my_interfaces/my_interfaces/srv/detail/find_wall__functions.c
[5.320s] -- Up-to-date: /home/user/ros2_ws/install/my_interfaces/include/my_interfaces/my_interfaces/srv/detail/find_wall__struct.h
[5.320s] -- Up-to-date: /home/user/ros2_ws/install/my_interfaces/include/my_interfaces/my_interfaces/srv/detail/find_wall__type_support.h
[5.321s] -- Up-to-date: /home/user/ros2_ws/install/my_interfaces/include/my_interfaces/my_interfaces/srv/find_wall.h
[5.321s] -- Up-to-date: /home/user/ros2_ws/install/my_interfaces/include/my_interfaces/my_interfaces/msg
[5.322s] -- Up-to-date: /home/user/ros2_ws/install/my_interfaces/include/my_interfaces/my_interfaces/msg/rosidl_generator_c__visibility_control.h
[5.322s] -- Up-to-date: /home/user/ros2_ws/install/my_interfaces/include/my_interfaces/my_interfaces/action
[5.323s] -- Up-to-date: /home/user/ros2_ws/install/my_interfaces/include/my_interfaces/my_interfaces/action/detail
[5.323s] -- Up-to-date: /home/user/ros2_ws/install/my_interfaces/include/my_interfaces/my_interfaces/action/detail/measure_lap_time__struct.h
[5.323s] -- Up-to-date: /home/user/ros2_ws/install/my_interfaces/include/my_interfaces/my_interfaces/action/detail/measure_lap_time__type_support.h
[5.324s] -- Up-to-date: /home/user/ros2_ws/install/my_interfaces/include/my_interfaces/my_interfaces/action/detail/measure_lap_time__functions.h
[5.324s] -- Up-to-date: /home/user/ros2_ws/install/my_interfaces/include/my_interfaces/my_interfaces/action/detail/measure_lap_time__functions.c
[5.324s] -- Up-to-date: /home/user/ros2_ws/install/my_interfaces/include/my_interfaces/my_interfaces/action/measure_lap_time.h
[5.324s] -- Up-to-date: /home/user/ros2_ws/install/my_interfaces/share/my_interfaces/environment/library_path.sh
[5.324s] -- Up-to-date: /home/user/ros2_ws/install/my_interfaces/share/my_interfaces/environment/library_path.dsv
[5.324s] -- Up-to-date: /home/user/ros2_ws/install/my_interfaces/lib/libmy_interfaces__rosidl_generator_c.so
[5.327s] -- Up-to-date: /home/user/ros2_ws/install/my_interfaces/include/my_interfaces/my_interfaces
[5.327s] -- Up-to-date: /home/user/ros2_ws/install/my_interfaces/include/my_interfaces/my_interfaces/srv
[5.327s] -- Up-to-date: /home/user/ros2_ws/install/my_interfaces/include/my_interfaces/my_interfaces/srv/detail
[5.327s] -- Up-to-date: /home/user/ros2_ws/install/my_interfaces/include/my_interfaces/my_interfaces/srv/detail/find_wall__rosidl_typesupport_fastrtps_c.h
[5.328s] -- Up-to-date: /home/user/ros2_ws/install/my_interfaces/include/my_interfaces/my_interfaces/msg
[5.328s] -- Up-to-date: /home/user/ros2_ws/install/my_interfaces/include/my_interfaces/my_interfaces/msg/rosidl_typesupport_fastrtps_c__visibility_control.h
[5.328s] -- Up-to-date: /home/user/ros2_ws/install/my_interfaces/include/my_interfaces/my_interfaces/action
[5.328s] -- Up-to-date: /home/user/ros2_ws/install/my_interfaces/include/my_interfaces/my_interfaces/action/detail
[5.329s] -- Up-to-date: /home/user/ros2_ws/install/my_interfaces/include/my_interfaces/my_interfaces/action/detail/measure_lap_time__rosidl_typesupport_fastrtps_c.h
[5.329s] -- Up-to-date: /home/user/ros2_ws/install/my_interfaces/lib/libmy_interfaces__rosidl_typesupport_fastrtps_c.so
[5.329s] -- Up-to-date: /home/user/ros2_ws/install/my_interfaces/include/my_interfaces/my_interfaces
[5.329s] -- Up-to-date: /home/user/ros2_ws/install/my_interfaces/include/my_interfaces/my_interfaces/srv
[5.330s] -- Up-to-date: /home/user/ros2_ws/install/my_interfaces/include/my_interfaces/my_interfaces/srv/detail
[5.330s] -- Up-to-date: /home/user/ros2_ws/install/my_interfaces/include/my_interfaces/my_interfaces/srv/detail/find_wall__type_support.c
[5.330s] -- Up-to-date: /home/user/ros2_ws/install/my_interfaces/include/my_interfaces/my_interfaces/srv/detail/find_wall__rosidl_typesupport_introspection_c.h
[5.330s] -- Up-to-date: /home/user/ros2_ws/install/my_interfaces/include/my_interfaces/my_interfaces/msg
[5.330s] -- Up-to-date: /home/user/ros2_ws/install/my_interfaces/include/my_interfaces/my_interfaces/msg/rosidl_typesupport_introspection_c__visibility_control.h
[5.330s] -- Up-to-date: /home/user/ros2_ws/install/my_interfaces/include/my_interfaces/my_interfaces/action
[5.330s] -- Up-to-date: /home/user/ros2_ws/install/my_interfaces/include/my_interfaces/my_interfaces/action/detail
[5.331s] -- Up-to-date: /home/user/ros2_ws/install/my_interfaces/include/my_interfaces/my_interfaces/action/detail/measure_lap_time__rosidl_typesupport_introspection_c.h
[5.331s] -- Up-to-date: /home/user/ros2_ws/install/my_interfaces/include/my_interfaces/my_interfaces/action/detail/measure_lap_time__type_support.c
[5.332s] -- Up-to-date: /home/user/ros2_ws/install/my_interfaces/lib/libmy_interfaces__rosidl_typesupport_introspection_c.so
[5.332s] -- Up-to-date: /home/user/ros2_ws/install/my_interfaces/lib/libmy_interfaces__rosidl_typesupport_c.so
[5.332s] -- Up-to-date: /home/user/ros2_ws/install/my_interfaces/include/my_interfaces/my_interfaces
[5.332s] -- Up-to-date: /home/user/ros2_ws/install/my_interfaces/include/my_interfaces/my_interfaces/srv
[5.332s] -- Up-to-date: /home/user/ros2_ws/install/my_interfaces/include/my_interfaces/my_interfaces/srv/detail
[5.333s] -- Up-to-date: /home/user/ros2_ws/install/my_interfaces/include/my_interfaces/my_interfaces/srv/detail/find_wall__struct.hpp
[5.333s] -- Up-to-date: /home/user/ros2_ws/install/my_interfaces/include/my_interfaces/my_interfaces/srv/detail/find_wall__builder.hpp
[5.333s] -- Up-to-date: /home/user/ros2_ws/install/my_interfaces/include/my_interfaces/my_interfaces/srv/detail/find_wall__traits.hpp
[5.333s] -- Up-to-date: /home/user/ros2_ws/install/my_interfaces/include/my_interfaces/my_interfaces/srv/find_wall.hpp
[5.335s] -- Up-to-date: /home/user/ros2_ws/install/my_interfaces/include/my_interfaces/my_interfaces/action
[5.335s] -- Up-to-date: /home/user/ros2_ws/install/my_interfaces/include/my_interfaces/my_interfaces/action/detail
[5.335s] -- Up-to-date: /home/user/ros2_ws/install/my_interfaces/include/my_interfaces/my_interfaces/action/detail/measure_lap_time__builder.hpp
[5.337s] -- Up-to-date: /home/user/ros2_ws/install/my_interfaces/include/my_interfaces/my_interfaces/action/detail/measure_lap_time__struct.hpp
[5.337s] -- Up-to-date: /home/user/ros2_ws/install/my_interfaces/include/my_interfaces/my_interfaces/action/detail/measure_lap_time__traits.hpp
[5.337s] -- Up-to-date: /home/user/ros2_ws/install/my_interfaces/include/my_interfaces/my_interfaces/action/measure_lap_time.hpp
[5.337s] -- Up-to-date: /home/user/ros2_ws/install/my_interfaces/include/my_interfaces/my_interfaces
[5.337s] -- Up-to-date: /home/user/ros2_ws/install/my_interfaces/include/my_interfaces/my_interfaces/srv
[5.337s] -- Up-to-date: /home/user/ros2_ws/install/my_interfaces/include/my_interfaces/my_interfaces/srv/detail
[5.337s] -- Up-to-date: /home/user/ros2_ws/install/my_interfaces/include/my_interfaces/my_interfaces/srv/detail/dds_fastrtps
[5.340s] -- Up-to-date: /home/user/ros2_ws/install/my_interfaces/include/my_interfaces/my_interfaces/srv/detail/find_wall__rosidl_typesupport_fastrtps_cpp.hpp
[5.340s] -- Up-to-date: /home/user/ros2_ws/install/my_interfaces/include/my_interfaces/my_interfaces/msg
[5.340s] -- Up-to-date: /home/user/ros2_ws/install/my_interfaces/include/my_interfaces/my_interfaces/msg/rosidl_typesupport_fastrtps_cpp__visibility_control.h
[5.340s] -- Up-to-date: /home/user/ros2_ws/install/my_interfaces/include/my_interfaces/my_interfaces/action
[5.340s] -- Up-to-date: /home/user/ros2_ws/install/my_interfaces/include/my_interfaces/my_interfaces/action/detail
[5.340s] -- Up-to-date: /home/user/ros2_ws/install/my_interfaces/include/my_interfaces/my_interfaces/action/detail/measure_lap_time__rosidl_typesupport_fastrtps_cpp.hpp
[5.340s] -- Up-to-date: /home/user/ros2_ws/install/my_interfaces/include/my_interfaces/my_interfaces/action/detail/dds_fastrtps
[5.340s] -- Up-to-date: /home/user/ros2_ws/install/my_interfaces/lib/libmy_interfaces__rosidl_typesupport_fastrtps_cpp.so
[5.340s] -- Up-to-date: /home/user/ros2_ws/install/my_interfaces/include/my_interfaces/my_interfaces
[5.340s] -- Up-to-date: /home/user/ros2_ws/install/my_interfaces/include/my_interfaces/my_interfaces/srv
[5.340s] -- Up-to-date: /home/user/ros2_ws/install/my_interfaces/include/my_interfaces/my_interfaces/srv/detail
[5.363s] -- Up-to-date: /home/user/ros2_ws/install/my_interfaces/include/my_interfaces/my_interfaces/srv/detail/find_wall__type_support.cpp
[5.363s] -- Up-to-date: /home/user/ros2_ws/install/my_interfaces/include/my_interfaces/my_interfaces/srv/detail/find_wall__rosidl_typesupport_introspection_cpp.hpp
[5.363s] -- Up-to-date: /home/user/ros2_ws/install/my_interfaces/include/my_interfaces/my_interfaces/action
[5.363s] -- Up-to-date: /home/user/ros2_ws/install/my_interfaces/include/my_interfaces/my_interfaces/action/detail
[5.363s] -- Up-to-date: /home/user/ros2_ws/install/my_interfaces/include/my_interfaces/my_interfaces/action/detail/measure_lap_time__type_support.cpp
[5.363s] -- Up-to-date: /home/user/ros2_ws/install/my_interfaces/include/my_interfaces/my_interfaces/action/detail/measure_lap_time__rosidl_typesupport_introspection_cpp.hpp
[5.363s] -- Up-to-date: /home/user/ros2_ws/install/my_interfaces/lib/libmy_interfaces__rosidl_typesupport_introspection_cpp.so
[5.363s] -- Up-to-date: /home/user/ros2_ws/install/my_interfaces/lib/libmy_interfaces__rosidl_typesupport_cpp.so
[5.363s] -- Up-to-date: /home/user/ros2_ws/install/my_interfaces/share/ament_index/resource_index/rust_packages/my_interfaces
[5.364s] -- Up-to-date: /home/user/ros2_ws/install/my_interfaces/share/my_interfaces/rust
[5.364s] -- Installing: /home/user/ros2_ws/install/my_interfaces/share/my_interfaces/rust/Cargo.toml
[5.364s] -- Up-to-date: /home/user/ros2_ws/install/my_interfaces/share/my_interfaces/rust/src
[5.364s] -- Installing: /home/user/ros2_ws/install/my_interfaces/share/my_interfaces/rust/src/srv.rs
[5.364s] -- Installing: /home/user/ros2_ws/install/my_interfaces/share/my_interfaces/rust/src/lib.rs
[5.364s] -- Installing: /home/user/ros2_ws/install/my_interfaces/share/my_interfaces/rust/build.rs
[5.364s] -- Up-to-date: /home/user/ros2_ws/install/my_interfaces/share/my_interfaces/rust
[5.364s] -- Up-to-date: /home/user/ros2_ws/install/my_interfaces/share/my_interfaces/rust/Cargo.toml
[5.364s] -- Up-to-date: /home/user/ros2_ws/install/my_interfaces/share/my_interfaces/rust/src
[5.365s] -- Up-to-date: /home/user/ros2_ws/install/my_interfaces/share/my_interfaces/rust/src/srv.rs
[5.365s] -- Up-to-date: /home/user/ros2_ws/install/my_interfaces/share/my_interfaces/rust/src/lib.rs
[5.365s] -- Up-to-date: /home/user/ros2_ws/install/my_interfaces/share/my_interfaces/rust/build.rs
[5.365s] -- Up-to-date: /home/user/ros2_ws/install/my_interfaces/share/my_interfaces/rust
[5.366s] -- Up-to-date: /home/user/ros2_ws/install/my_interfaces/share/my_interfaces/rust/Cargo.toml
[5.366s] -- Up-to-date: /home/user/ros2_ws/install/my_interfaces/share/my_interfaces/rust/src
[5.366s] -- Up-to-date: /home/user/ros2_ws/install/my_interfaces/share/my_interfaces/rust/src/srv.rs
[5.368s] -- Up-to-date: /home/user/ros2_ws/install/my_interfaces/share/my_interfaces/rust/src/lib.rs
[5.368s] -- Up-to-date: /home/user/ros2_ws/install/my_interfaces/share/my_interfaces/rust/build.rs
[5.368s] -- Up-to-date: /home/user/ros2_ws/install/my_interfaces/share/my_interfaces/environment/pythonpath.sh
[5.368s] -- Up-to-date: /home/user/ros2_ws/install/my_interfaces/share/my_interfaces/environment/pythonpath.dsv
[5.368s] -- Up-to-date: /home/user/ros2_ws/install/my_interfaces/local/lib/python3.10/dist-packages/my_interfaces-0.0.0-py3.10.egg-info
[5.368s] -- Installing: /home/user/ros2_ws/install/my_interfaces/local/lib/python3.10/dist-packages/my_interfaces-0.0.0-py3.10.egg-info/PKG-INFO
[5.368s] -- Installing: /home/user/ros2_ws/install/my_interfaces/local/lib/python3.10/dist-packages/my_interfaces-0.0.0-py3.10.egg-info/top_level.txt
[5.369s] -- Installing: /home/user/ros2_ws/install/my_interfaces/local/lib/python3.10/dist-packages/my_interfaces-0.0.0-py3.10.egg-info/SOURCES.txt
[5.369s] -- Installing: /home/user/ros2_ws/install/my_interfaces/local/lib/python3.10/dist-packages/my_interfaces-0.0.0-py3.10.egg-info/dependency_links.txt
[5.369s] -- Up-to-date: /home/user/ros2_ws/install/my_interfaces/local/lib/python3.10/dist-packages/my_interfaces
[5.369s] -- Up-to-date: /home/user/ros2_ws/install/my_interfaces/local/lib/python3.10/dist-packages/my_interfaces/srv
[5.369s] -- Up-to-date: /home/user/ros2_ws/install/my_interfaces/local/lib/python3.10/dist-packages/my_interfaces/srv/_find_wall.py
[5.369s] -- Up-to-date: /home/user/ros2_ws/install/my_interfaces/local/lib/python3.10/dist-packages/my_interfaces/srv/__init__.py
[5.369s] -- Up-to-date: /home/user/ros2_ws/install/my_interfaces/local/lib/python3.10/dist-packages/my_interfaces/srv/_find_wall_s.c
[5.369s] -- Up-to-date: /home/user/ros2_ws/install/my_interfaces/local/lib/python3.10/dist-packages/my_interfaces/_my_interfaces_s.ep.rosidl_typesupport_introspection_c.c
[5.369s] -- Up-to-date: /home/user/ros2_ws/install/my_interfaces/local/lib/python3.10/dist-packages/my_interfaces/my_interfaces_s__rosidl_typesupport_fastrtps_c.cpython-310-x86_64-linux-gnu.so
[5.369s] -- Up-to-date: /home/user/ros2_ws/install/my_interfaces/local/lib/python3.10/dist-packages/my_interfaces/my_interfaces_s__rosidl_typesupport_introspection_c.cpython-310-x86_64-linux-gnu.so
[5.370s] -- Up-to-date: /home/user/ros2_ws/install/my_interfaces/local/lib/python3.10/dist-packages/my_interfaces/_my_interfaces_s.ep.rosidl_typesupport_fastrtps_c.c
[5.370s] -- Up-to-date: /home/user/ros2_ws/install/my_interfaces/local/lib/python3.10/dist-packages/my_interfaces/__init__.py
[5.370s] -- Up-to-date: /home/user/ros2_ws/install/my_interfaces/local/lib/python3.10/dist-packages/my_interfaces/_my_interfaces_s.ep.rosidl_typesupport_c.c
[5.370s] -- Up-to-date: /home/user/ros2_ws/install/my_interfaces/local/lib/python3.10/dist-packages/my_interfaces/libmy_interfaces__rosidl_generator_py.so
[5.370s] -- Up-to-date: /home/user/ros2_ws/install/my_interfaces/local/lib/python3.10/dist-packages/my_interfaces/my_interfaces_s__rosidl_typesupport_c.cpython-310-x86_64-linux-gnu.so
[5.371s] -- Up-to-date: /home/user/ros2_ws/install/my_interfaces/local/lib/python3.10/dist-packages/my_interfaces/action
[5.371s] -- Up-to-date: /home/user/ros2_ws/install/my_interfaces/local/lib/python3.10/dist-packages/my_interfaces/action/_measure_lap_time_s.c
[5.371s] -- Up-to-date: /home/user/ros2_ws/install/my_interfaces/local/lib/python3.10/dist-packages/my_interfaces/action/__init__.py
[5.371s] -- Up-to-date: /home/user/ros2_ws/install/my_interfaces/local/lib/python3.10/dist-packages/my_interfaces/action/_measure_lap_time.py
[5.478s] Listing '/home/user/ros2_ws/install/my_interfaces/local/lib/python3.10/dist-packages/my_interfaces'...
[5.479s] Listing '/home/user/ros2_ws/install/my_interfaces/local/lib/python3.10/dist-packages/my_interfaces/action'...
[5.479s] Listing '/home/user/ros2_ws/install/my_interfaces/local/lib/python3.10/dist-packages/my_interfaces/srv'...
[5.481s] -- Up-to-date: /home/user/ros2_ws/install/my_interfaces/local/lib/python3.10/dist-packages/my_interfaces/my_interfaces_s__rosidl_typesupport_fastrtps_c.cpython-310-x86_64-linux-gnu.so
[5.481s] -- Up-to-date: /home/user/ros2_ws/install/my_interfaces/local/lib/python3.10/dist-packages/my_interfaces/my_interfaces_s__rosidl_typesupport_introspection_c.cpython-310-x86_64-linux-gnu.so
[5.482s] -- Up-to-date: /home/user/ros2_ws/install/my_interfaces/local/lib/python3.10/dist-packages/my_interfaces/my_interfaces_s__rosidl_typesupport_c.cpython-310-x86_64-linux-gnu.so
[5.483s] -- Up-to-date: /home/user/ros2_ws/install/my_interfaces/lib/libmy_interfaces__rosidl_generator_py.so
[5.483s] -- Up-to-date: /home/user/ros2_ws/install/my_interfaces/share/my_interfaces/action/MeasureLapTime.idl
[5.483s] -- Up-to-date: /home/user/ros2_ws/install/my_interfaces/share/my_interfaces/srv/FindWall.idl
[5.484s] -- Up-to-date: /home/user/ros2_ws/install/my_interfaces/share/my_interfaces/action/MeasureLapTime.action
[5.484s] -- Up-to-date: /home/user/ros2_ws/install/my_interfaces/share/my_interfaces/srv/FindWall.srv
[5.484s] -- Up-to-date: /home/user/ros2_ws/install/my_interfaces/share/my_interfaces/srv/FindWall_Request.msg
[5.485s] -- Up-to-date: /home/user/ros2_ws/install/my_interfaces/share/my_interfaces/srv/FindWall_Response.msg
[5.485s] -- Up-to-date: /home/user/ros2_ws/install/my_interfaces/share/ament_index/resource_index/package_run_dependencies/my_interfaces
[5.485s] -- Up-to-date: /home/user/ros2_ws/install/my_interfaces/share/ament_index/resource_index/parent_prefix_path/my_interfaces
[5.485s] -- Up-to-date: /home/user/ros2_ws/install/my_interfaces/share/my_interfaces/environment/ament_prefix_path.sh
[5.485s] -- Up-to-date: /home/user/ros2_ws/install/my_interfaces/share/my_interfaces/environment/ament_prefix_path.dsv
[5.486s] -- Up-to-date: /home/user/ros2_ws/install/my_interfaces/share/my_interfaces/environment/path.sh
[5.487s] -- Up-to-date: /home/user/ros2_ws/install/my_interfaces/share/my_interfaces/environment/path.dsv
[5.487s] -- Up-to-date: /home/user/ros2_ws/install/my_interfaces/share/my_interfaces/local_setup.bash
[5.487s] -- Up-to-date: /home/user/ros2_ws/install/my_interfaces/share/my_interfaces/local_setup.sh
[5.488s] -- Up-to-date: /home/user/ros2_ws/install/my_interfaces/share/my_interfaces/local_setup.zsh
[5.488s] -- Up-to-date: /home/user/ros2_ws/install/my_interfaces/share/my_interfaces/local_setup.dsv
[5.488s] -- Installing: /home/user/ros2_ws/install/my_interfaces/share/my_interfaces/package.dsv
[5.488s] -- Up-to-date: /home/user/ros2_ws/install/my_interfaces/share/ament_index/resource_index/packages/my_interfaces
[5.488s] -- Up-to-date: /home/user/ros2_ws/install/my_interfaces/share/my_interfaces/cmake/export_my_interfaces__rosidl_generator_cExport.cmake
[5.488s] -- Up-to-date: /home/user/ros2_ws/install/my_interfaces/share/my_interfaces/cmake/export_my_interfaces__rosidl_generator_cExport-noconfig.cmake
[5.488s] -- Up-to-date: /home/user/ros2_ws/install/my_interfaces/share/my_interfaces/cmake/export_my_interfaces__rosidl_typesupport_fastrtps_cExport.cmake
[5.488s] -- Up-to-date: /home/user/ros2_ws/install/my_interfaces/share/my_interfaces/cmake/export_my_interfaces__rosidl_typesupport_fastrtps_cExport-noconfig.cmake
[5.488s] -- Up-to-date: /home/user/ros2_ws/install/my_interfaces/share/my_interfaces/cmake/my_interfaces__rosidl_typesupport_introspection_cExport.cmake
[5.510s] -- Up-to-date: /home/user/ros2_ws/install/my_interfaces/share/my_interfaces/cmake/my_interfaces__rosidl_typesupport_introspection_cExport-noconfig.cmake
[5.511s] -- Up-to-date: /home/user/ros2_ws/install/my_interfaces/share/my_interfaces/cmake/my_interfaces__rosidl_typesupport_cExport.cmake
[5.511s] -- Up-to-date: /home/user/ros2_ws/install/my_interfaces/share/my_interfaces/cmake/my_interfaces__rosidl_typesupport_cExport-noconfig.cmake
[5.511s] -- Up-to-date: /home/user/ros2_ws/install/my_interfaces/share/my_interfaces/cmake/export_my_interfaces__rosidl_generator_cppExport.cmake
[5.511s] -- Up-to-date: /home/user/ros2_ws/install/my_interfaces/share/my_interfaces/cmake/export_my_interfaces__rosidl_typesupport_fastrtps_cppExport.cmake
[5.512s] -- Up-to-date: /home/user/ros2_ws/install/my_interfaces/share/my_interfaces/cmake/export_my_interfaces__rosidl_typesupport_fastrtps_cppExport-noconfig.cmake
[5.512s] -- Up-to-date: /home/user/ros2_ws/install/my_interfaces/share/my_interfaces/cmake/my_interfaces__rosidl_typesupport_introspection_cppExport.cmake
[5.512s] -- Up-to-date: /home/user/ros2_ws/install/my_interfaces/share/my_interfaces/cmake/my_interfaces__rosidl_typesupport_introspection_cppExport-noconfig.cmake
[5.512s] -- Up-to-date: /home/user/ros2_ws/install/my_interfaces/share/my_interfaces/cmake/my_interfaces__rosidl_typesupport_cppExport.cmake
[5.512s] -- Up-to-date: /home/user/ros2_ws/install/my_interfaces/share/my_interfaces/cmake/my_interfaces__rosidl_typesupport_cppExport-noconfig.cmake
[5.512s] -- Up-to-date: /home/user/ros2_ws/install/my_interfaces/share/my_interfaces/cmake/export_my_interfaces__rosidl_generator_pyExport.cmake
[5.512s] -- Up-to-date: /home/user/ros2_ws/install/my_interfaces/share/my_interfaces/cmake/export_my_interfaces__rosidl_generator_pyExport-noconfig.cmake
[5.513s] -- Up-to-date: /home/user/ros2_ws/install/my_interfaces/share/my_interfaces/cmake/rosidl_cmake-extras.cmake
[5.513s] -- Up-to-date: /home/user/ros2_ws/install/my_interfaces/share/my_interfaces/cmake/ament_cmake_export_dependencies-extras.cmake
[5.513s] -- Up-to-date: /home/user/ros2_ws/install/my_interfaces/share/my_interfaces/cmake/ament_cmake_export_include_directories-extras.cmake
[5.514s] -- Up-to-date: /home/user/ros2_ws/install/my_interfaces/share/my_interfaces/cmake/ament_cmake_export_libraries-extras.cmake
[5.515s] -- Up-to-date: /home/user/ros2_ws/install/my_interfaces/share/my_interfaces/cmake/ament_cmake_export_targets-extras.cmake
[5.515s] -- Up-to-date: /home/user/ros2_ws/install/my_interfaces/share/my_interfaces/cmake/rosidl_cmake_export_typesupport_targets-extras.cmake
[5.515s] -- Up-to-date: /home/user/ros2_ws/install/my_interfaces/share/my_interfaces/cmake/rosidl_cmake_export_typesupport_libraries-extras.cmake
[5.515s] -- Up-to-date: /home/user/ros2_ws/install/my_interfaces/share/my_interfaces/cmake/my_interfacesConfig.cmake
[5.515s] -- Up-to-date: /home/user/ros2_ws/install/my_interfaces/share/my_interfaces/cmake/my_interfacesConfig-version.cmake
[5.516s] -- Up-to-date: /home/user/ros2_ws/install/my_interfaces/share/my_interfaces/package.xml
[5.516s] Invoked command in '/home/user/ros2_ws/build/my_interfaces' returned '0': CMAKE_PREFIX_PATH=${CMAKE_PREFIX_PATH}:/home/simulations/ros2_sims_ws/install/rclrs_tests:/home/simulations/ros2_sims_ws/install/examples_rclrs_minimal_client_service:/home/simulations/ros2_sims_ws/install/sensor_msgs_py:/home/simulations/ros2_sims_ws/install/examples_rclrs_minimal_pub_sub:/home/simulations/ros2_sims_ws/install/examples_rclrs_message_demo:/home/simulations/ros2_sims_ws/install/rclrs:/home/simulations/ros2_sims_ws/install/rosidl_runtime_rs:/home/user/ros2_ws/install/my_turtle:/opt/ros/humble _=/usr/bin/env /usr/bin/cmake --install /home/user/ros2_ws/build/my_interfaces
