[2.182s] Invoking command in '/home/user/ros2_ws/src/my_turtle': PYTHONPATH=/home/user/ros2_ws/build/my_turtle/prefix_override:/home/user/ros2_ws/install/my_turtle/lib/python3.10/site-packages:${PYTHONPATH} _=/usr/bin/env /usr/bin/python3 -W ignore:setup.py install is deprecated setup.py egg_info --egg-base ../../build/my_turtle build --build-base /home/user/ros2_ws/build/my_turtle/build install --record /home/user/ros2_ws/build/my_turtle/install.log --single-version-externally-managed install_data
[3.070s] running egg_info
[3.071s] writing ../../build/my_turtle/my_turtle.egg-info/PKG-INFO
[3.071s] writing dependency_links to ../../build/my_turtle/my_turtle.egg-info/dependency_links.txt
[3.073s] writing entry points to ../../build/my_turtle/my_turtle.egg-info/entry_points.txt
[3.073s] writing requirements to ../../build/my_turtle/my_turtle.egg-info/requires.txt
[3.073s] writing top-level names to ../../build/my_turtle/my_turtle.egg-info/top_level.txt
[3.076s] reading manifest file '../../build/my_turtle/my_turtle.egg-info/SOURCES.txt'
[3.077s] writing manifest file '../../build/my_turtle/my_turtle.egg-info/SOURCES.txt'
[3.077s] running build
[3.077s] running build_py
[3.077s] running install
[3.078s] running install_lib
[3.079s] running install_data
[3.080s] running install_egg_info
[3.084s] removing '/home/user/ros2_ws/install/my_turtle/lib/python3.10/site-packages/my_turtle-0.0.0-py3.10.egg-info' (and everything under it)
[3.084s] Copying ../../build/my_turtle/my_turtle.egg-info to /home/user/ros2_ws/install/my_turtle/lib/python3.10/site-packages/my_turtle-0.0.0-py3.10.egg-info
[3.086s] running install_scripts
[3.167s] Installing stop_on_obstacle script to /home/user/ros2_ws/install/my_turtle/lib/my_turtle
[3.167s] writing list of installed files to '/home/user/ros2_ws/build/my_turtle/install.log'
[3.202s] Invoked command in '/home/user/ros2_ws/src/my_turtle' returned '0': PYTHONPATH=/home/user/ros2_ws/build/my_turtle/prefix_override:/home/user/ros2_ws/install/my_turtle/lib/python3.10/site-packages:${PYTHONPATH} _=/usr/bin/env /usr/bin/python3 -W ignore:setup.py install is deprecated setup.py egg_info --egg-base ../../build/my_turtle build --build-base /home/user/ros2_ws/build/my_turtle/build install --record /home/user/ros2_ws/build/my_turtle/install.log --single-version-externally-managed install_data
