[0.099s] Invoking command in '/home/user/ros2_ws/build/my_interfaces': CMAKE_PREFIX_PATH=${CMAKE_PREFIX_PATH}:/home/simulations/ros2_sims_ws/install/rclrs_tests:/home/simulations/ros2_sims_ws/install/examples_rclrs_minimal_client_service:/home/simulations/ros2_sims_ws/install/sensor_msgs_py:/home/simulations/ros2_sims_ws/install/examples_rclrs_minimal_pub_sub:/home/simulations/ros2_sims_ws/install/examples_rclrs_message_demo:/home/simulations/ros2_sims_ws/install/rclrs:/home/simulations/ros2_sims_ws/install/rosidl_runtime_rs:/home/user/ros2_ws/install/my_turtle:/opt/ros/humble _=/usr/bin/env /usr/bin/cmake --build /home/user/ros2_ws/build/my_interfaces -- -j8 -l8
[0.399s] [  2%] [34m[1mGenerating Rust code for ROS interfaces[0m
[1.808s] [  2%] Built target my_interfaces__rs
[2.004s] [  2%] Built target ament_cmake_python_copy_my_interfaces
[2.126s] [  5%] Built target my_interfaces__cpp
[3.313s] running egg_info
[3.317s] writing my_interfaces.egg-info/PKG-INFO
[3.318s] writing dependency_links to my_interfaces.egg-info/dependency_links.txt
[3.319s] writing top-level names to my_interfaces.egg-info/top_level.txt
[3.322s] reading manifest file 'my_interfaces.egg-info/SOURCES.txt'
[3.324s] writing manifest file 'my_interfaces.egg-info/SOURCES.txt'
[3.491s] [  5%] Built target ament_cmake_python_build_my_interfaces_egg
[3.690s] [ 15%] Built target my_interfaces__rosidl_typesupport_cpp
[3.815s] [ 25%] Built target my_interfaces__rosidl_typesupport_introspection_cpp
[3.999s] [ 35%] Built target my_interfaces__rosidl_typesupport_fastrtps_cpp
[4.183s] [ 45%] Built target my_interfaces__rosidl_generator_c
[4.290s] [ 55%] Built target my_interfaces__rosidl_typesupport_fastrtps_c
[4.406s] [ 65%] Built target my_interfaces__rosidl_typesupport_c
[4.491s] [ 75%] Built target my_interfaces__rosidl_typesupport_introspection_c
[4.612s] [ 75%] Built target my_interfaces
[4.716s] [ 77%] Built target my_interfaces__py
[4.818s] [ 85%] Built target my_interfaces__rosidl_generator_py
[4.901s] [ 90%] Built target my_interfaces__rosidl_typesupport_fastrtps_c__pyext
[5.008s] [ 95%] Built target my_interfaces__rosidl_typesupport_c__pyext
[5.104s] [100%] Built target my_interfaces__rosidl_typesupport_introspection_c__pyext
[5.136s] Invoked command in '/home/user/ros2_ws/build/my_interfaces' returned '0': CMAKE_PREFIX_PATH=${CMAKE_PREFIX_PATH}:/home/simulations/ros2_sims_ws/install/rclrs_tests:/home/simulations/ros2_sims_ws/install/examples_rclrs_minimal_client_service:/home/simulations/ros2_sims_ws/install/sensor_msgs_py:/home/simulations/ros2_sims_ws/install/examples_rclrs_minimal_pub_sub:/home/simulations/ros2_sims_ws/install/examples_rclrs_message_demo:/home/simulations/ros2_sims_ws/install/rclrs:/home/simulations/ros2_sims_ws/install/rosidl_runtime_rs:/home/user/ros2_ws/install/my_turtle:/opt/ros/humble _=/usr/bin/env /usr/bin/cmake --build /home/user/ros2_ws/build/my_interfaces -- -j8 -l8
[5.914s] Invoking command in '/home/user/ros2_ws/build/my_interfaces': CMAKE_PREFIX_PATH=${CMAKE_PREFIX_PATH}:/home/simulations/ros2_sims_ws/install/rclrs_tests:/home/simulations/ros2_sims_ws/install/examples_rclrs_minimal_client_service:/home/simulations/ros2_sims_ws/install/sensor_msgs_py:/home/simulations/ros2_sims_ws/install/examples_rclrs_minimal_pub_sub:/home/simulations/ros2_sims_ws/install/examples_rclrs_message_demo:/home/simulations/ros2_sims_ws/install/rclrs:/home/simulations/ros2_sims_ws/install/rosidl_runtime_rs:/home/user/ros2_ws/install/my_turtle:/opt/ros/humble _=/usr/bin/env /usr/bin/cmake --install /home/user/ros2_ws/build/my_interfaces
[5.935s] -- Install configuration: ""
[5.936s] -- Up-to-date: /home/user/ros2_ws/install/my_interfaces/share/ament_index/resource_index/rosidl_interfaces/my_interfaces
[5.936s] -- Up-to-date: /home/user/ros2_ws/install/my_interfaces/include/my_interfaces/my_interfaces
[5.937s] -- Up-to-date: /home/user/ros2_ws/install/my_interfaces/include/my_interfaces/my_interfaces/srv
[5.937s] -- Up-to-date: /home/user/ros2_ws/install/my_interfaces/include/my_interfaces/my_interfaces/srv/detail
[5.939s] -- Up-to-date: /home/user/ros2_ws/install/my_interfaces/include/my_interfaces/my_interfaces/srv/detail/find_wall__functions.h
[5.939s] -- Up-to-date: /home/user/ros2_ws/install/my_interfaces/include/my_interfaces/my_interfaces/srv/detail/find_wall__functions.c
[5.939s] -- Up-to-date: /home/user/ros2_ws/install/my_interfaces/include/my_interfaces/my_interfaces/srv/detail/find_wall__struct.h
[5.940s] -- Up-to-date: /home/user/ros2_ws/install/my_interfaces/include/my_interfaces/my_interfaces/srv/detail/find_wall__type_support.h
[5.940s] -- Up-to-date: /home/user/ros2_ws/install/my_interfaces/include/my_interfaces/my_interfaces/srv/find_wall.h
[5.940s] -- Up-to-date: /home/user/ros2_ws/install/my_interfaces/include/my_interfaces/my_interfaces/msg
[5.940s] -- Up-to-date: /home/user/ros2_ws/install/my_interfaces/include/my_interfaces/my_interfaces/msg/rosidl_generator_c__visibility_control.h
[5.940s] -- Up-to-date: /home/user/ros2_ws/install/my_interfaces/include/my_interfaces/my_interfaces/action
[5.940s] -- Up-to-date: /home/user/ros2_ws/install/my_interfaces/include/my_interfaces/my_interfaces/action/detail
[5.940s] -- Up-to-date: /home/user/ros2_ws/install/my_interfaces/include/my_interfaces/my_interfaces/action/detail/measure_lap_time__struct.h
[5.940s] -- Up-to-date: /home/user/ros2_ws/install/my_interfaces/include/my_interfaces/my_interfaces/action/detail/measure_lap_time__type_support.h
[5.940s] -- Up-to-date: /home/user/ros2_ws/install/my_interfaces/include/my_interfaces/my_interfaces/action/detail/measure_lap_time__functions.h
[5.940s] -- Up-to-date: /home/user/ros2_ws/install/my_interfaces/include/my_interfaces/my_interfaces/action/detail/measure_lap_time__functions.c
[5.940s] -- Up-to-date: /home/user/ros2_ws/install/my_interfaces/include/my_interfaces/my_interfaces/action/measure_lap_time.h
[5.941s] -- Up-to-date: /home/user/ros2_ws/install/my_interfaces/share/my_interfaces/environment/library_path.sh
[5.941s] -- Up-to-date: /home/user/ros2_ws/install/my_interfaces/share/my_interfaces/environment/library_path.dsv
[5.941s] -- Up-to-date: /home/user/ros2_ws/install/my_interfaces/lib/libmy_interfaces__rosidl_generator_c.so
[5.941s] -- Up-to-date: /home/user/ros2_ws/install/my_interfaces/include/my_interfaces/my_interfaces
[5.941s] -- Up-to-date: /home/user/ros2_ws/install/my_interfaces/include/my_interfaces/my_interfaces/srv
[5.941s] -- Up-to-date: /home/user/ros2_ws/install/my_interfaces/include/my_interfaces/my_interfaces/srv/detail
[5.941s] -- Up-to-date: /home/user/ros2_ws/install/my_interfaces/include/my_interfaces/my_interfaces/srv/detail/find_wall__rosidl_typesupport_fastrtps_c.h
[5.941s] -- Up-to-date: /home/user/ros2_ws/install/my_interfaces/include/my_interfaces/my_interfaces/msg
[5.942s] -- Up-to-date: /home/user/ros2_ws/install/my_interfaces/include/my_interfaces/my_interfaces/msg/rosidl_typesupport_fastrtps_c__visibility_control.h
[5.942s] -- Up-to-date: /home/user/ros2_ws/install/my_interfaces/include/my_interfaces/my_interfaces/action
[5.942s] -- Up-to-date: /home/user/ros2_ws/install/my_interfaces/include/my_interfaces/my_interfaces/action/detail
[5.942s] -- Up-to-date: /home/user/ros2_ws/install/my_interfaces/include/my_interfaces/my_interfaces/action/detail/measure_lap_time__rosidl_typesupport_fastrtps_c.h
[5.942s] -- Up-to-date: /home/user/ros2_ws/install/my_interfaces/lib/libmy_interfaces__rosidl_typesupport_fastrtps_c.so
[5.942s] -- Up-to-date: /home/user/ros2_ws/install/my_interfaces/include/my_interfaces/my_interfaces
[5.942s] -- Up-to-date: /home/user/ros2_ws/install/my_interfaces/include/my_interfaces/my_interfaces/srv
[5.943s] -- Up-to-date: /home/user/ros2_ws/install/my_interfaces/include/my_interfaces/my_interfaces/srv/detail
[5.943s] -- Up-to-date: /home/user/ros2_ws/install/my_interfaces/include/my_interfaces/my_interfaces/srv/detail/find_wall__type_support.c
[5.943s] -- Up-to-date: /home/user/ros2_ws/install/my_interfaces/include/my_interfaces/my_interfaces/srv/detail/find_wall__rosidl_typesupport_introspection_c.h
[5.943s] -- Up-to-date: /home/user/ros2_ws/install/my_interfaces/include/my_interfaces/my_interfaces/msg
[5.944s] -- Up-to-date: /home/user/ros2_ws/install/my_interfaces/include/my_interfaces/my_interfaces/msg/rosidl_typesupport_introspection_c__visibility_control.h
[5.944s] -- Up-to-date: /home/user/ros2_ws/install/my_interfaces/include/my_interfaces/my_interfaces/action
[5.944s] -- Up-to-date: /home/user/ros2_ws/install/my_interfaces/include/my_interfaces/my_interfaces/action/detail
[5.944s] -- Up-to-date: /home/user/ros2_ws/install/my_interfaces/include/my_interfaces/my_interfaces/action/detail/measure_lap_time__rosidl_typesupport_introspection_c.h
[5.944s] -- Up-to-date: /home/user/ros2_ws/install/my_interfaces/include/my_interfaces/my_interfaces/action/detail/measure_lap_time__type_support.c
[5.944s] -- Up-to-date: /home/user/ros2_ws/install/my_interfaces/lib/libmy_interfaces__rosidl_typesupport_introspection_c.so
[5.945s] -- Up-to-date: /home/user/ros2_ws/install/my_interfaces/lib/libmy_interfaces__rosidl_typesupport_c.so
[5.945s] -- Up-to-date: /home/user/ros2_ws/install/my_interfaces/include/my_interfaces/my_interfaces
[5.946s] -- Up-to-date: /home/user/ros2_ws/install/my_interfaces/include/my_interfaces/my_interfaces/srv
[5.946s] -- Up-to-date: /home/user/ros2_ws/install/my_interfaces/include/my_interfaces/my_interfaces/srv/detail
[5.946s] -- Up-to-date: /home/user/ros2_ws/install/my_interfaces/include/my_interfaces/my_interfaces/srv/detail/find_wall__struct.hpp
[5.946s] -- Up-to-date: /home/user/ros2_ws/install/my_interfaces/include/my_interfaces/my_interfaces/srv/detail/find_wall__builder.hpp
[5.947s] -- Up-to-date: /home/user/ros2_ws/install/my_interfaces/include/my_interfaces/my_interfaces/srv/detail/find_wall__traits.hpp
[5.947s] -- Up-to-date: /home/user/ros2_ws/install/my_interfaces/include/my_interfaces/my_interfaces/srv/find_wall.hpp
[5.947s] -- Up-to-date: /home/user/ros2_ws/install/my_interfaces/include/my_interfaces/my_interfaces/action
[5.947s] -- Up-to-date: /home/user/ros2_ws/install/my_interfaces/include/my_interfaces/my_interfaces/action/detail
[5.948s] -- Up-to-date: /home/user/ros2_ws/install/my_interfaces/include/my_interfaces/my_interfaces/action/detail/measure_lap_time__builder.hpp
[5.948s] -- Up-to-date: /home/user/ros2_ws/install/my_interfaces/include/my_interfaces/my_interfaces/action/detail/measure_lap_time__struct.hpp
[5.948s] -- Up-to-date: /home/user/ros2_ws/install/my_interfaces/include/my_interfaces/my_interfaces/action/detail/measure_lap_time__traits.hpp
[5.949s] -- Up-to-date: /home/user/ros2_ws/install/my_interfaces/include/my_interfaces/my_interfaces/action/measure_lap_time.hpp
[5.983s] -- Up-to-date: /home/user/ros2_ws/install/my_interfaces/include/my_interfaces/my_interfaces
[5.983s] -- Up-to-date: /home/user/ros2_ws/install/my_interfaces/include/my_interfaces/my_interfaces/srv
[5.983s] -- Up-to-date: /home/user/ros2_ws/install/my_interfaces/include/my_interfaces/my_interfaces/srv/detail
[5.984s] -- Up-to-date: /home/user/ros2_ws/install/my_interfaces/include/my_interfaces/my_interfaces/srv/detail/dds_fastrtps
[5.984s] -- Up-to-date: /home/user/ros2_ws/install/my_interfaces/include/my_interfaces/my_interfaces/srv/detail/find_wall__rosidl_typesupport_fastrtps_cpp.hpp
[5.984s] -- Up-to-date: /home/user/ros2_ws/install/my_interfaces/include/my_interfaces/my_interfaces/msg
[5.984s] -- Up-to-date: /home/user/ros2_ws/install/my_interfaces/include/my_interfaces/my_interfaces/msg/rosidl_typesupport_fastrtps_cpp__visibility_control.h
[5.984s] -- Up-to-date: /home/user/ros2_ws/install/my_interfaces/include/my_interfaces/my_interfaces/action
[5.984s] -- Up-to-date: /home/user/ros2_ws/install/my_interfaces/include/my_interfaces/my_interfaces/action/detail
[5.987s] -- Up-to-date: /home/user/ros2_ws/install/my_interfaces/include/my_interfaces/my_interfaces/action/detail/measure_lap_time__rosidl_typesupport_fastrtps_cpp.hpp
[5.987s] -- Up-to-date: /home/user/ros2_ws/install/my_interfaces/include/my_interfaces/my_interfaces/action/detail/dds_fastrtps
[5.987s] -- Up-to-date: /home/user/ros2_ws/install/my_interfaces/lib/libmy_interfaces__rosidl_typesupport_fastrtps_cpp.so
[5.987s] -- Up-to-date: /home/user/ros2_ws/install/my_interfaces/include/my_interfaces/my_interfaces
[5.988s] -- Up-to-date: /home/user/ros2_ws/install/my_interfaces/include/my_interfaces/my_interfaces/srv
[5.988s] -- Up-to-date: /home/user/ros2_ws/install/my_interfaces/include/my_interfaces/my_interfaces/srv/detail
[5.988s] -- Up-to-date: /home/user/ros2_ws/install/my_interfaces/include/my_interfaces/my_interfaces/srv/detail/find_wall__type_support.cpp
[5.988s] -- Up-to-date: /home/user/ros2_ws/install/my_interfaces/include/my_interfaces/my_interfaces/srv/detail/find_wall__rosidl_typesupport_introspection_cpp.hpp
[5.988s] -- Up-to-date: /home/user/ros2_ws/install/my_interfaces/include/my_interfaces/my_interfaces/action
[5.988s] -- Up-to-date: /home/user/ros2_ws/install/my_interfaces/include/my_interfaces/my_interfaces/action/detail
[5.988s] -- Up-to-date: /home/user/ros2_ws/install/my_interfaces/include/my_interfaces/my_interfaces/action/detail/measure_lap_time__type_support.cpp
[5.989s] -- Up-to-date: /home/user/ros2_ws/install/my_interfaces/include/my_interfaces/my_interfaces/action/detail/measure_lap_time__rosidl_typesupport_introspection_cpp.hpp
[5.989s] -- Up-to-date: /home/user/ros2_ws/install/my_interfaces/lib/libmy_interfaces__rosidl_typesupport_introspection_cpp.so
[5.989s] -- Up-to-date: /home/user/ros2_ws/install/my_interfaces/lib/libmy_interfaces__rosidl_typesupport_cpp.so
[5.989s] -- Up-to-date: /home/user/ros2_ws/install/my_interfaces/share/ament_index/resource_index/rust_packages/my_interfaces
[5.989s] -- Up-to-date: /home/user/ros2_ws/install/my_interfaces/share/my_interfaces/rust
[5.989s] -- Installing: /home/user/ros2_ws/install/my_interfaces/share/my_interfaces/rust/Cargo.toml
[5.989s] -- Up-to-date: /home/user/ros2_ws/install/my_interfaces/share/my_interfaces/rust/src
[5.990s] -- Installing: /home/user/ros2_ws/install/my_interfaces/share/my_interfaces/rust/src/srv.rs
[5.990s] -- Installing: /home/user/ros2_ws/install/my_interfaces/share/my_interfaces/rust/src/lib.rs
[5.990s] -- Installing: /home/user/ros2_ws/install/my_interfaces/share/my_interfaces/rust/build.rs
[5.990s] -- Up-to-date: /home/user/ros2_ws/install/my_interfaces/share/my_interfaces/rust
[5.990s] -- Up-to-date: /home/user/ros2_ws/install/my_interfaces/share/my_interfaces/rust/Cargo.toml
[5.990s] -- Up-to-date: /home/user/ros2_ws/install/my_interfaces/share/my_interfaces/rust/src
[5.991s] -- Up-to-date: /home/user/ros2_ws/install/my_interfaces/share/my_interfaces/rust/src/srv.rs
[5.991s] -- Up-to-date: /home/user/ros2_ws/install/my_interfaces/share/my_interfaces/rust/src/lib.rs
[5.991s] -- Up-to-date: /home/user/ros2_ws/install/my_interfaces/share/my_interfaces/rust/build.rs
[5.991s] -- Up-to-date: /home/user/ros2_ws/install/my_interfaces/share/my_interfaces/rust
[5.991s] -- Up-to-date: /home/user/ros2_ws/install/my_interfaces/share/my_interfaces/rust/Cargo.toml
[5.991s] -- Up-to-date: /home/user/ros2_ws/install/my_interfaces/share/my_interfaces/rust/src
[5.992s] -- Up-to-date: /home/user/ros2_ws/install/my_interfaces/share/my_interfaces/rust/src/srv.rs
[5.992s] -- Up-to-date: /home/user/ros2_ws/install/my_interfaces/share/my_interfaces/rust/src/lib.rs
[5.992s] -- Up-to-date: /home/user/ros2_ws/install/my_interfaces/share/my_interfaces/rust/build.rs
[5.993s] -- Up-to-date: /home/user/ros2_ws/install/my_interfaces/share/my_interfaces/environment/pythonpath.sh
[5.993s] -- Up-to-date: /home/user/ros2_ws/install/my_interfaces/share/my_interfaces/environment/pythonpath.dsv
[5.993s] -- Up-to-date: /home/user/ros2_ws/install/my_interfaces/local/lib/python3.10/dist-packages/my_interfaces-0.0.0-py3.10.egg-info
[5.993s] -- Installing: /home/user/ros2_ws/install/my_interfaces/local/lib/python3.10/dist-packages/my_interfaces-0.0.0-py3.10.egg-info/PKG-INFO
[5.993s] -- Installing: /home/user/ros2_ws/install/my_interfaces/local/lib/python3.10/dist-packages/my_interfaces-0.0.0-py3.10.egg-info/top_level.txt
[5.993s] -- Installing: /home/user/ros2_ws/install/my_interfaces/local/lib/python3.10/dist-packages/my_interfaces-0.0.0-py3.10.egg-info/SOURCES.txt
[5.994s] -- Installing: /home/user/ros2_ws/install/my_interfaces/local/lib/python3.10/dist-packages/my_interfaces-0.0.0-py3.10.egg-info/dependency_links.txt
[5.994s] -- Up-to-date: /home/user/ros2_ws/install/my_interfaces/local/lib/python3.10/dist-packages/my_interfaces
[5.994s] -- Up-to-date: /home/user/ros2_ws/install/my_interfaces/local/lib/python3.10/dist-packages/my_interfaces/srv
[5.994s] -- Up-to-date: /home/user/ros2_ws/install/my_interfaces/local/lib/python3.10/dist-packages/my_interfaces/srv/_find_wall.py
[5.994s] -- Up-to-date: /home/user/ros2_ws/install/my_interfaces/local/lib/python3.10/dist-packages/my_interfaces/srv/__init__.py
[5.994s] -- Up-to-date: /home/user/ros2_ws/install/my_interfaces/local/lib/python3.10/dist-packages/my_interfaces/srv/_find_wall_s.c
[5.994s] -- Up-to-date: /home/user/ros2_ws/install/my_interfaces/local/lib/python3.10/dist-packages/my_interfaces/_my_interfaces_s.ep.rosidl_typesupport_introspection_c.c
[5.995s] -- Up-to-date: /home/user/ros2_ws/install/my_interfaces/local/lib/python3.10/dist-packages/my_interfaces/my_interfaces_s__rosidl_typesupport_fastrtps_c.cpython-310-x86_64-linux-gnu.so
[5.995s] -- Up-to-date: /home/user/ros2_ws/install/my_interfaces/local/lib/python3.10/dist-packages/my_interfaces/my_interfaces_s__rosidl_typesupport_introspection_c.cpython-310-x86_64-linux-gnu.so
[5.996s] -- Up-to-date: /home/user/ros2_ws/install/my_interfaces/local/lib/python3.10/dist-packages/my_interfaces/_my_interfaces_s.ep.rosidl_typesupport_fastrtps_c.c
[5.996s] -- Up-to-date: /home/user/ros2_ws/install/my_interfaces/local/lib/python3.10/dist-packages/my_interfaces/__init__.py
[5.996s] -- Up-to-date: /home/user/ros2_ws/install/my_interfaces/local/lib/python3.10/dist-packages/my_interfaces/_my_interfaces_s.ep.rosidl_typesupport_c.c
[5.996s] -- Up-to-date: /home/user/ros2_ws/install/my_interfaces/local/lib/python3.10/dist-packages/my_interfaces/libmy_interfaces__rosidl_generator_py.so
[5.996s] -- Up-to-date: /home/user/ros2_ws/install/my_interfaces/local/lib/python3.10/dist-packages/my_interfaces/my_interfaces_s__rosidl_typesupport_c.cpython-310-x86_64-linux-gnu.so
[5.997s] -- Up-to-date: /home/user/ros2_ws/install/my_interfaces/local/lib/python3.10/dist-packages/my_interfaces/action
[5.997s] -- Up-to-date: /home/user/ros2_ws/install/my_interfaces/local/lib/python3.10/dist-packages/my_interfaces/action/_measure_lap_time_s.c
[5.997s] -- Up-to-date: /home/user/ros2_ws/install/my_interfaces/local/lib/python3.10/dist-packages/my_interfaces/action/__init__.py
[5.997s] -- Up-to-date: /home/user/ros2_ws/install/my_interfaces/local/lib/python3.10/dist-packages/my_interfaces/action/_measure_lap_time.py
[6.183s] Listing '/home/user/ros2_ws/install/my_interfaces/local/lib/python3.10/dist-packages/my_interfaces'...
[6.183s] Listing '/home/user/ros2_ws/install/my_interfaces/local/lib/python3.10/dist-packages/my_interfaces/action'...
[6.183s] Listing '/home/user/ros2_ws/install/my_interfaces/local/lib/python3.10/dist-packages/my_interfaces/srv'...
[6.202s] -- Up-to-date: /home/user/ros2_ws/install/my_interfaces/local/lib/python3.10/dist-packages/my_interfaces/my_interfaces_s__rosidl_typesupport_fastrtps_c.cpython-310-x86_64-linux-gnu.so
[6.202s] -- Up-to-date: /home/user/ros2_ws/install/my_interfaces/local/lib/python3.10/dist-packages/my_interfaces/my_interfaces_s__rosidl_typesupport_introspection_c.cpython-310-x86_64-linux-gnu.so
[6.203s] -- Up-to-date: /home/user/ros2_ws/install/my_interfaces/local/lib/python3.10/dist-packages/my_interfaces/my_interfaces_s__rosidl_typesupport_c.cpython-310-x86_64-linux-gnu.so
[6.204s] -- Up-to-date: /home/user/ros2_ws/install/my_interfaces/lib/libmy_interfaces__rosidl_generator_py.so
[6.204s] -- Up-to-date: /home/user/ros2_ws/install/my_interfaces/share/my_interfaces/action/MeasureLapTime.idl
[6.204s] -- Up-to-date: /home/user/ros2_ws/install/my_interfaces/share/my_interfaces/srv/FindWall.idl
[6.204s] -- Up-to-date: /home/user/ros2_ws/install/my_interfaces/share/my_interfaces/action/MeasureLapTime.action
[6.204s] -- Up-to-date: /home/user/ros2_ws/install/my_interfaces/share/my_interfaces/srv/FindWall.srv
[6.205s] -- Up-to-date: /home/user/ros2_ws/install/my_interfaces/share/my_interfaces/srv/FindWall_Request.msg
[6.205s] -- Up-to-date: /home/user/ros2_ws/install/my_interfaces/share/my_interfaces/srv/FindWall_Response.msg
[6.205s] -- Up-to-date: /home/user/ros2_ws/install/my_interfaces/share/ament_index/resource_index/package_run_dependencies/my_interfaces
[6.205s] -- Up-to-date: /home/user/ros2_ws/install/my_interfaces/share/ament_index/resource_index/parent_prefix_path/my_interfaces
[6.205s] -- Up-to-date: /home/user/ros2_ws/install/my_interfaces/share/my_interfaces/environment/ament_prefix_path.sh
[6.205s] -- Up-to-date: /home/user/ros2_ws/install/my_interfaces/share/my_interfaces/environment/ament_prefix_path.dsv
[6.205s] -- Up-to-date: /home/user/ros2_ws/install/my_interfaces/share/my_interfaces/environment/path.sh
[6.206s] -- Up-to-date: /home/user/ros2_ws/install/my_interfaces/share/my_interfaces/environment/path.dsv
[6.206s] -- Up-to-date: /home/user/ros2_ws/install/my_interfaces/share/my_interfaces/local_setup.bash
[6.206s] -- Up-to-date: /home/user/ros2_ws/install/my_interfaces/share/my_interfaces/local_setup.sh
[6.206s] -- Up-to-date: /home/user/ros2_ws/install/my_interfaces/share/my_interfaces/local_setup.zsh
[6.206s] -- Up-to-date: /home/user/ros2_ws/install/my_interfaces/share/my_interfaces/local_setup.dsv
[6.207s] -- Installing: /home/user/ros2_ws/install/my_interfaces/share/my_interfaces/package.dsv
[6.207s] -- Up-to-date: /home/user/ros2_ws/install/my_interfaces/share/ament_index/resource_index/packages/my_interfaces
[6.207s] -- Up-to-date: /home/user/ros2_ws/install/my_interfaces/share/my_interfaces/cmake/export_my_interfaces__rosidl_generator_cExport.cmake
[6.207s] -- Up-to-date: /home/user/ros2_ws/install/my_interfaces/share/my_interfaces/cmake/export_my_interfaces__rosidl_generator_cExport-noconfig.cmake
[6.207s] -- Up-to-date: /home/user/ros2_ws/install/my_interfaces/share/my_interfaces/cmake/export_my_interfaces__rosidl_typesupport_fastrtps_cExport.cmake
[6.207s] -- Up-to-date: /home/user/ros2_ws/install/my_interfaces/share/my_interfaces/cmake/export_my_interfaces__rosidl_typesupport_fastrtps_cExport-noconfig.cmake
[6.207s] -- Up-to-date: /home/user/ros2_ws/install/my_interfaces/share/my_interfaces/cmake/my_interfaces__rosidl_typesupport_introspection_cExport.cmake
[6.207s] -- Up-to-date: /home/user/ros2_ws/install/my_interfaces/share/my_interfaces/cmake/my_interfaces__rosidl_typesupport_introspection_cExport-noconfig.cmake
[6.207s] -- Up-to-date: /home/user/ros2_ws/install/my_interfaces/share/my_interfaces/cmake/my_interfaces__rosidl_typesupport_cExport.cmake
[6.207s] -- Up-to-date: /home/user/ros2_ws/install/my_interfaces/share/my_interfaces/cmake/my_interfaces__rosidl_typesupport_cExport-noconfig.cmake
[6.207s] -- Up-to-date: /home/user/ros2_ws/install/my_interfaces/share/my_interfaces/cmake/export_my_interfaces__rosidl_generator_cppExport.cmake
[6.208s] -- Up-to-date: /home/user/ros2_ws/install/my_interfaces/share/my_interfaces/cmake/export_my_interfaces__rosidl_typesupport_fastrtps_cppExport.cmake
[6.208s] -- Up-to-date: /home/user/ros2_ws/install/my_interfaces/share/my_interfaces/cmake/export_my_interfaces__rosidl_typesupport_fastrtps_cppExport-noconfig.cmake
[6.208s] -- Up-to-date: /home/user/ros2_ws/install/my_interfaces/share/my_interfaces/cmake/my_interfaces__rosidl_typesupport_introspection_cppExport.cmake
[6.208s] -- Up-to-date: /home/user/ros2_ws/install/my_interfaces/share/my_interfaces/cmake/my_interfaces__rosidl_typesupport_introspection_cppExport-noconfig.cmake
[6.208s] -- Up-to-date: /home/user/ros2_ws/install/my_interfaces/share/my_interfaces/cmake/my_interfaces__rosidl_typesupport_cppExport.cmake
[6.208s] -- Up-to-date: /home/user/ros2_ws/install/my_interfaces/share/my_interfaces/cmake/my_interfaces__rosidl_typesupport_cppExport-noconfig.cmake
[6.208s] -- Up-to-date: /home/user/ros2_ws/install/my_interfaces/share/my_interfaces/cmake/export_my_interfaces__rosidl_generator_pyExport.cmake
[6.208s] -- Up-to-date: /home/user/ros2_ws/install/my_interfaces/share/my_interfaces/cmake/export_my_interfaces__rosidl_generator_pyExport-noconfig.cmake
[6.209s] -- Up-to-date: /home/user/ros2_ws/install/my_interfaces/share/my_interfaces/cmake/rosidl_cmake-extras.cmake
[6.209s] -- Up-to-date: /home/user/ros2_ws/install/my_interfaces/share/my_interfaces/cmake/ament_cmake_export_dependencies-extras.cmake
[6.209s] -- Up-to-date: /home/user/ros2_ws/install/my_interfaces/share/my_interfaces/cmake/ament_cmake_export_include_directories-extras.cmake
[6.209s] -- Up-to-date: /home/user/ros2_ws/install/my_interfaces/share/my_interfaces/cmake/ament_cmake_export_libraries-extras.cmake
[6.209s] -- Up-to-date: /home/user/ros2_ws/install/my_interfaces/share/my_interfaces/cmake/ament_cmake_export_targets-extras.cmake
[6.209s] -- Up-to-date: /home/user/ros2_ws/install/my_interfaces/share/my_interfaces/cmake/rosidl_cmake_export_typesupport_targets-extras.cmake
[6.209s] -- Up-to-date: /home/user/ros2_ws/install/my_interfaces/share/my_interfaces/cmake/rosidl_cmake_export_typesupport_libraries-extras.cmake
[6.209s] -- Up-to-date: /home/user/ros2_ws/install/my_interfaces/share/my_interfaces/cmake/my_interfacesConfig.cmake
[6.209s] -- Up-to-date: /home/user/ros2_ws/install/my_interfaces/share/my_interfaces/cmake/my_interfacesConfig-version.cmake
[6.210s] -- Up-to-date: /home/user/ros2_ws/install/my_interfaces/share/my_interfaces/package.xml
[6.217s] Invoked command in '/home/user/ros2_ws/build/my_interfaces' returned '0': CMAKE_PREFIX_PATH=${CMAKE_PREFIX_PATH}:/home/simulations/ros2_sims_ws/install/rclrs_tests:/home/simulations/ros2_sims_ws/install/examples_rclrs_minimal_client_service:/home/simulations/ros2_sims_ws/install/sensor_msgs_py:/home/simulations/ros2_sims_ws/install/examples_rclrs_minimal_pub_sub:/home/simulations/ros2_sims_ws/install/examples_rclrs_message_demo:/home/simulations/ros2_sims_ws/install/rclrs:/home/simulations/ros2_sims_ws/install/rosidl_runtime_rs:/home/user/ros2_ws/install/my_turtle:/opt/ros/humble _=/usr/bin/env /usr/bin/cmake --install /home/user/ros2_ws/build/my_interfaces
