[2.965s] Invoking command in '/home/user/ros2_ws/src/my_turtle': PYTHONPATH=/home/user/ros2_ws/build/my_turtle/prefix_override:/home/user/ros2_ws/install/my_turtle/lib/python3.10/site-packages:${PYTHONPATH} _=/usr/bin/env /usr/bin/python3 -W ignore:setup.py install is deprecated setup.py egg_info --egg-base ../../build/my_turtle build --build-base /home/user/ros2_ws/build/my_turtle/build install --record /home/user/ros2_ws/build/my_turtle/install.log --single-version-externally-managed install_data
[4.059s] running egg_info
[4.060s] writing ../../build/my_turtle/my_turtle.egg-info/PKG-INFO
[4.061s] writing dependency_links to ../../build/my_turtle/my_turtle.egg-info/dependency_links.txt
[4.061s] writing entry points to ../../build/my_turtle/my_turtle.egg-info/entry_points.txt
[4.061s] writing requirements to ../../build/my_turtle/my_turtle.egg-info/requires.txt
[4.061s] writing top-level names to ../../build/my_turtle/my_turtle.egg-info/top_level.txt
[4.064s] reading manifest file '../../build/my_turtle/my_turtle.egg-info/SOURCES.txt'
[4.066s] writing manifest file '../../build/my_turtle/my_turtle.egg-info/SOURCES.txt'
[4.066s] running build
[4.066s] running build_py
[4.067s] copying my_turtle/turtle_avoid_wall.py -> /home/user/ros2_ws/build/my_turtle/build/lib/my_turtle
[4.069s] running install
[4.069s] running install_lib
[4.070s] copying /home/user/ros2_ws/build/my_turtle/build/lib/my_turtle/turtle_avoid_wall.py -> /home/user/ros2_ws/install/my_turtle/lib/python3.10/site-packages/my_turtle
[4.074s] byte-compiling /home/user/ros2_ws/install/my_turtle/lib/python3.10/site-packages/my_turtle/turtle_avoid_wall.py to turtle_avoid_wall.cpython-310.pyc
[4.076s] running install_data
[4.077s] running install_egg_info
[4.082s] removing '/home/user/ros2_ws/install/my_turtle/lib/python3.10/site-packages/my_turtle-0.0.0-py3.10.egg-info' (and everything under it)
[4.082s] Copying ../../build/my_turtle/my_turtle.egg-info to /home/user/ros2_ws/install/my_turtle/lib/python3.10/site-packages/my_turtle-0.0.0-py3.10.egg-info
[4.083s] running install_scripts
[4.169s] Installing find_wall_server script to /home/user/ros2_ws/install/my_turtle/lib/my_turtle
[4.170s] Installing stop_on_obstacle script to /home/user/ros2_ws/install/my_turtle/lib/my_turtle
[4.171s] writing list of installed files to '/home/user/ros2_ws/build/my_turtle/install.log'
[4.274s] Invoked command in '/home/user/ros2_ws/src/my_turtle' returned '0': PYTHONPATH=/home/user/ros2_ws/build/my_turtle/prefix_override:/home/user/ros2_ws/install/my_turtle/lib/python3.10/site-packages:${PYTHONPATH} _=/usr/bin/env /usr/bin/python3 -W ignore:setup.py install is deprecated setup.py egg_info --egg-base ../../build/my_turtle build --build-base /home/user/ros2_ws/build/my_turtle/build install --record /home/user/ros2_ws/build/my_turtle/install.log --single-version-externally-managed install_data
