[2.024s] Invoking command in '/home/user/ros2_ws/src/my_turtle': PYTHONPATH=/home/user/ros2_ws/build/my_turtle/prefix_override:/home/user/ros2_ws/install/my_turtle/lib/python3.10/site-packages:${PYTHONPATH} _=/usr/bin/env /usr/bin/python3 -W ignore:setup.py install is deprecated setup.py egg_info --egg-base ../../build/my_turtle build --build-base /home/user/ros2_ws/build/my_turtle/build install --record /home/user/ros2_ws/build/my_turtle/install.log --single-version-externally-managed install_data
[2.846s] running egg_info
[2.847s] writing ../../build/my_turtle/my_turtle.egg-info/PKG-INFO
[2.848s] writing dependency_links to ../../build/my_turtle/my_turtle.egg-info/dependency_links.txt
[2.862s] writing entry points to ../../build/my_turtle/my_turtle.egg-info/entry_points.txt
[2.862s] writing requirements to ../../build/my_turtle/my_turtle.egg-info/requires.txt
[2.863s] writing top-level names to ../../build/my_turtle/my_turtle.egg-info/top_level.txt
[2.864s] reading manifest file '../../build/my_turtle/my_turtle.egg-info/SOURCES.txt'
[2.865s] writing manifest file '../../build/my_turtle/my_turtle.egg-info/SOURCES.txt'
[2.866s] running build
[2.866s] running build_py
[2.866s] copying my_turtle/turtle_avoid_wall.py -> /home/user/ros2_ws/build/my_turtle/build/lib/my_turtle
[2.867s] running install
[2.867s] running install_lib
[2.868s] copying /home/user/ros2_ws/build/my_turtle/build/lib/my_turtle/turtle_avoid_wall.py -> /home/user/ros2_ws/install/my_turtle/lib/python3.10/site-packages/my_turtle
[2.870s] byte-compiling /home/user/ros2_ws/install/my_turtle/lib/python3.10/site-packages/my_turtle/turtle_avoid_wall.py to turtle_avoid_wall.cpython-310.pyc
[2.871s] running install_data
[2.871s] running install_egg_info
[2.875s] removing '/home/user/ros2_ws/install/my_turtle/lib/python3.10/site-packages/my_turtle-0.0.0-py3.10.egg-info' (and everything under it)
[2.875s] Copying ../../build/my_turtle/my_turtle.egg-info to /home/user/ros2_ws/install/my_turtle/lib/python3.10/site-packages/my_turtle-0.0.0-py3.10.egg-info
[2.877s] running install_scripts
[2.916s] Installing stop_on_obstacle script to /home/user/ros2_ws/install/my_turtle/lib/my_turtle
[2.917s] writing list of installed files to '/home/user/ros2_ws/build/my_turtle/install.log'
[2.986s] Invoked command in '/home/user/ros2_ws/src/my_turtle' returned '0': PYTHONPATH=/home/user/ros2_ws/build/my_turtle/prefix_override:/home/user/ros2_ws/install/my_turtle/lib/python3.10/site-packages:${PYTHONPATH} _=/usr/bin/env /usr/bin/python3 -W ignore:setup.py install is deprecated setup.py egg_info --egg-base ../../build/my_turtle build --build-base /home/user/ros2_ws/build/my_turtle/build install --record /home/user/ros2_ws/build/my_turtle/install.log --single-version-externally-managed install_data
