[6.033s] Invoking command in '/home/user/ros2_ws/src/my_turtle': PYTHONPATH=/home/user/ros2_ws/build/my_turtle/prefix_override:/home/user/ros2_ws/install/my_turtle/lib/python3.10/site-packages:${PYTHONPATH} _=/usr/bin/env /usr/bin/python3 -W ignore:setup.py install is deprecated setup.py egg_info --egg-base ../../build/my_turtle build --build-base /home/user/ros2_ws/build/my_turtle/build install --record /home/user/ros2_ws/build/my_turtle/install.log --single-version-externally-managed install_data
[7.124s] running egg_info
[7.126s] writing ../../build/my_turtle/my_turtle.egg-info/PKG-INFO
[7.127s] writing dependency_links to ../../build/my_turtle/my_turtle.egg-info/dependency_links.txt
[7.127s] writing entry points to ../../build/my_turtle/my_turtle.egg-info/entry_points.txt
[7.128s] writing requirements to ../../build/my_turtle/my_turtle.egg-info/requires.txt
[7.128s] writing top-level names to ../../build/my_turtle/my_turtle.egg-info/top_level.txt
[7.131s] reading manifest file '../../build/my_turtle/my_turtle.egg-info/SOURCES.txt'
[7.132s] writing manifest file '../../build/my_turtle/my_turtle.egg-info/SOURCES.txt'
[7.132s] running build
[7.132s] running build_py
[7.132s] copying my_turtle/turtle_avoid_wall.py -> /home/user/ros2_ws/build/my_turtle/build/lib/my_turtle
[7.133s] running install
[7.133s] running install_lib
[7.136s] copying /home/user/ros2_ws/build/my_turtle/build/lib/my_turtle/turtle_avoid_wall.py -> /home/user/ros2_ws/install/my_turtle/lib/python3.10/site-packages/my_turtle
[7.136s] byte-compiling /home/user/ros2_ws/install/my_turtle/lib/python3.10/site-packages/my_turtle/turtle_avoid_wall.py to turtle_avoid_wall.cpython-310.pyc
[7.137s] running install_data
[7.138s] running install_egg_info
[7.200s] removing '/home/user/ros2_ws/install/my_turtle/lib/python3.10/site-packages/my_turtle-0.0.0-py3.10.egg-info' (and everything under it)
[7.200s] Copying ../../build/my_turtle/my_turtle.egg-info to /home/user/ros2_ws/install/my_turtle/lib/python3.10/site-packages/my_turtle-0.0.0-py3.10.egg-info
[7.201s] running install_scripts
[7.241s] Installing stop_on_obstacle script to /home/user/ros2_ws/install/my_turtle/lib/my_turtle
[7.242s] writing list of installed files to '/home/user/ros2_ws/build/my_turtle/install.log'
[7.401s] Invoked command in '/home/user/ros2_ws/src/my_turtle' returned '0': PYTHONPATH=/home/user/ros2_ws/build/my_turtle/prefix_override:/home/user/ros2_ws/install/my_turtle/lib/python3.10/site-packages:${PYTHONPATH} _=/usr/bin/env /usr/bin/python3 -W ignore:setup.py install is deprecated setup.py egg_info --egg-base ../../build/my_turtle build --build-base /home/user/ros2_ws/build/my_turtle/build install --record /home/user/ros2_ws/build/my_turtle/install.log --single-version-externally-managed install_data
