[2.549s] Invoking command in '/home/user/ros2_ws/src/my_turtle': PYTHONPATH=/home/user/ros2_ws/build/my_turtle/prefix_override:/home/user/ros2_ws/install/my_turtle/lib/python3.10/site-packages:${PYTHONPATH} _=/usr/bin/env /usr/bin/python3 -W ignore:setup.py install is deprecated setup.py egg_info --egg-base ../../build/my_turtle build --build-base /home/user/ros2_ws/build/my_turtle/build install --record /home/user/ros2_ws/build/my_turtle/install.log --single-version-externally-managed install_data
[3.550s] running egg_info
[3.552s] writing ../../build/my_turtle/my_turtle.egg-info/PKG-INFO
[3.592s] writing dependency_links to ../../build/my_turtle/my_turtle.egg-info/dependency_links.txt
[3.592s] writing entry points to ../../build/my_turtle/my_turtle.egg-info/entry_points.txt
[3.592s] writing requirements to ../../build/my_turtle/my_turtle.egg-info/requires.txt
[3.593s] writing top-level names to ../../build/my_turtle/my_turtle.egg-info/top_level.txt
[3.593s] reading manifest file '../../build/my_turtle/my_turtle.egg-info/SOURCES.txt'
[3.593s] writing manifest file '../../build/my_turtle/my_turtle.egg-info/SOURCES.txt'
[3.593s] running build
[3.593s] running build_py
[3.593s] running install
[3.594s] running install_lib
[3.597s] running install_data
[3.598s] running install_egg_info
[3.602s] removing '/home/user/ros2_ws/install/my_turtle/lib/python3.10/site-packages/my_turtle-0.0.0-py3.10.egg-info' (and everything under it)
[3.604s] Copying ../../build/my_turtle/my_turtle.egg-info to /home/user/ros2_ws/install/my_turtle/lib/python3.10/site-packages/my_turtle-0.0.0-py3.10.egg-info
[3.605s] running install_scripts
[3.652s] Installing find_wall_server script to /home/user/ros2_ws/install/my_turtle/lib/my_turtle
[3.655s] Installing stop_on_obstacle script to /home/user/ros2_ws/install/my_turtle/lib/my_turtle
[3.657s] Installing time_lap_client script to /home/user/ros2_ws/install/my_turtle/lib/my_turtle
[3.657s] Installing time_lap_server script to /home/user/ros2_ws/install/my_turtle/lib/my_turtle
[3.658s] writing list of installed files to '/home/user/ros2_ws/build/my_turtle/install.log'
[3.735s] Invoked command in '/home/user/ros2_ws/src/my_turtle' returned '0': PYTHONPATH=/home/user/ros2_ws/build/my_turtle/prefix_override:/home/user/ros2_ws/install/my_turtle/lib/python3.10/site-packages:${PYTHONPATH} _=/usr/bin/env /usr/bin/python3 -W ignore:setup.py install is deprecated setup.py egg_info --egg-base ../../build/my_turtle build --build-base /home/user/ros2_ws/build/my_turtle/build install --record /home/user/ros2_ws/build/my_turtle/install.log --single-version-externally-managed install_data
