running egg_info
creating ../../build/my_turtle/my_turtle.egg-info
writing ../../build/my_turtle/my_turtle.egg-info/PKG-INFO
writing dependency_links to ../../build/my_turtle/my_turtle.egg-info/dependency_links.txt
writing entry points to ../../build/my_turtle/my_turtle.egg-info/entry_points.txt
writing requirements to ../../build/my_turtle/my_turtle.egg-info/requires.txt
writing top-level names to ../../build/my_turtle/my_turtle.egg-info/top_level.txt
writing manifest file '../../build/my_turtle/my_turtle.egg-info/SOURCES.txt'
reading manifest file '../../build/my_turtle/my_turtle.egg-info/SOURCES.txt'
writing manifest file '../../build/my_turtle/my_turtle.egg-info/SOURCES.txt'
running build
running build_py
creating /home/user/ros2_ws/build/my_turtle/build
creating /home/user/ros2_ws/build/my_turtle/build/lib
creating /home/user/ros2_ws/build/my_turtle/build/lib/my_turtle
copying my_turtle/__init__.py -> /home/user/ros2_ws/build/my_turtle/build/lib/my_turtle
copying my_turtle/turtle_avoid_wall.py -> /home/user/ros2_ws/build/my_turtle/build/lib/my_turtle
running install
running install_lib
creating /home/user/ros2_ws/install/my_turtle/lib/python3.10/site-packages/my_turtle
copying /home/user/ros2_ws/build/my_turtle/build/lib/my_turtle/__init__.py -> /home/user/ros2_ws/install/my_turtle/lib/python3.10/site-packages/my_turtle
copying /home/user/ros2_ws/build/my_turtle/build/lib/my_turtle/turtle_avoid_wall.py -> /home/user/ros2_ws/install/my_turtle/lib/python3.10/site-packages/my_turtle
byte-compiling /home/user/ros2_ws/install/my_turtle/lib/python3.10/site-packages/my_turtle/__init__.py to __init__.cpython-310.pyc
byte-compiling /home/user/ros2_ws/install/my_turtle/lib/python3.10/site-packages/my_turtle/turtle_avoid_wall.py to turtle_avoid_wall.cpython-310.pyc
running install_data
creating /home/user/ros2_ws/install/my_turtle/share/ament_index
creating /home/user/ros2_ws/install/my_turtle/share/ament_index/resource_index
creating /home/user/ros2_ws/install/my_turtle/share/ament_index/resource_index/packages
copying resource/my_turtle -> /home/user/ros2_ws/install/my_turtle/share/ament_index/resource_index/packages
copying package.xml -> /home/user/ros2_ws/install/my_turtle/share/my_turtle
running install_egg_info
Copying ../../build/my_turtle/my_turtle.egg-info to /home/user/ros2_ws/install/my_turtle/lib/python3.10/site-packages/my_turtle-0.0.0-py3.10.egg-info
running install_scripts
Installing stop_on_obstacle script to /home/user/ros2_ws/install/my_turtle/lib/my_turtle
writing list of installed files to '/home/user/ros2_ws/build/my_turtle/install.log'
