[0.095s] Invoking command in '/home/user/ros2_ws/build/my_interfaces': CMAKE_PREFIX_PATH=${CMAKE_PREFIX_PATH}:/home/simulations/ros2_sims_ws/install/rclrs_tests:/home/simulations/ros2_sims_ws/install/examples_rclrs_minimal_client_service:/home/simulations/ros2_sims_ws/install/sensor_msgs_py:/home/simulations/ros2_sims_ws/install/examples_rclrs_minimal_pub_sub:/home/simulations/ros2_sims_ws/install/examples_rclrs_message_demo:/home/simulations/ros2_sims_ws/install/rclrs:/home/simulations/ros2_sims_ws/install/rosidl_runtime_rs:/home/user/ros2_ws/install/my_turtle:/opt/ros/humble _=/usr/bin/env /usr/bin/cmake --build /home/user/ros2_ws/build/my_interfaces -- -j8 -l8
[0.335s] [  3%] [34m[1mGenerating Rust code for ROS interfaces[0m
[1.642s] [  3%] Built target my_interfaces__rs
[1.810s] [  3%] Built target ament_cmake_python_copy_my_interfaces
[1.923s] [  6%] Built target my_interfaces__cpp
[2.911s] running egg_info
[2.912s] writing my_interfaces.egg-info/PKG-INFO
[2.912s] writing dependency_links to my_interfaces.egg-info/dependency_links.txt
[2.913s] writing top-level names to my_interfaces.egg-info/top_level.txt
[2.929s] reading manifest file 'my_interfaces.egg-info/SOURCES.txt'
[2.929s] writing manifest file 'my_interfaces.egg-info/SOURCES.txt'
[3.017s] [  6%] Built target ament_cmake_python_build_my_interfaces_egg
[3.097s] [35m[1mConsolidate compiler generated dependencies of target my_interfaces__rosidl_typesupport_cpp[0m
[3.182s] [ 15%] Built target my_interfaces__rosidl_typesupport_cpp
[3.247s] [35m[1mConsolidate compiler generated dependencies of target my_interfaces__rosidl_typesupport_introspection_cpp[0m
[3.311s] [ 25%] Built target my_interfaces__rosidl_typesupport_introspection_cpp
[3.347s] [35m[1mConsolidate compiler generated dependencies of target my_interfaces__rosidl_typesupport_fastrtps_cpp[0m
[3.423s] [ 34%] Built target my_interfaces__rosidl_typesupport_fastrtps_cpp
[3.488s] [35m[1mConsolidate compiler generated dependencies of target my_interfaces__rosidl_generator_c[0m
[3.587s] [ 43%] Built target my_interfaces__rosidl_generator_c
[3.617s] [35m[1mConsolidate compiler generated dependencies of target my_interfaces__rosidl_typesupport_fastrtps_c[0m
[3.731s] [ 53%] Built target my_interfaces__rosidl_typesupport_fastrtps_c
[3.805s] [35m[1mConsolidate compiler generated dependencies of target my_interfaces__rosidl_typesupport_c[0m
[3.900s] [ 62%] Built target my_interfaces__rosidl_typesupport_c
[3.979s] [35m[1mConsolidate compiler generated dependencies of target my_interfaces__rosidl_typesupport_introspection_c[0m
[4.027s] [ 71%] Built target my_interfaces__rosidl_typesupport_introspection_c
[4.120s] [ 71%] Built target my_interfaces
[4.228s] [ 75%] Built target my_interfaces__py
[4.330s] [35m[1mConsolidate compiler generated dependencies of target my_interfaces__rosidl_generator_py[0m
[4.378s] [ 81%] Built target my_interfaces__rosidl_generator_py
[4.424s] [35m[1mConsolidate compiler generated dependencies of target my_interfaces__rosidl_typesupport_fastrtps_c__pyext[0m
[4.475s] [ 87%] Built target my_interfaces__rosidl_typesupport_fastrtps_c__pyext
[4.508s] [35m[1mConsolidate compiler generated dependencies of target my_interfaces__rosidl_typesupport_c__pyext[0m
[4.544s] [ 93%] Built target my_interfaces__rosidl_typesupport_c__pyext
[4.597s] [35m[1mConsolidate compiler generated dependencies of target my_interfaces__rosidl_typesupport_introspection_c__pyext[0m
[4.641s] [100%] Built target my_interfaces__rosidl_typesupport_introspection_c__pyext
[4.697s] Invoked command in '/home/user/ros2_ws/build/my_interfaces' returned '0': CMAKE_PREFIX_PATH=${CMAKE_PREFIX_PATH}:/home/simulations/ros2_sims_ws/install/rclrs_tests:/home/simulations/ros2_sims_ws/install/examples_rclrs_minimal_client_service:/home/simulations/ros2_sims_ws/install/sensor_msgs_py:/home/simulations/ros2_sims_ws/install/examples_rclrs_minimal_pub_sub:/home/simulations/ros2_sims_ws/install/examples_rclrs_message_demo:/home/simulations/ros2_sims_ws/install/rclrs:/home/simulations/ros2_sims_ws/install/rosidl_runtime_rs:/home/user/ros2_ws/install/my_turtle:/opt/ros/humble _=/usr/bin/env /usr/bin/cmake --build /home/user/ros2_ws/build/my_interfaces -- -j8 -l8
[5.305s] Invoking command in '/home/user/ros2_ws/build/my_interfaces': CMAKE_PREFIX_PATH=${CMAKE_PREFIX_PATH}:/home/simulations/ros2_sims_ws/install/rclrs_tests:/home/simulations/ros2_sims_ws/install/examples_rclrs_minimal_client_service:/home/simulations/ros2_sims_ws/install/sensor_msgs_py:/home/simulations/ros2_sims_ws/install/examples_rclrs_minimal_pub_sub:/home/simulations/ros2_sims_ws/install/examples_rclrs_message_demo:/home/simulations/ros2_sims_ws/install/rclrs:/home/simulations/ros2_sims_ws/install/rosidl_runtime_rs:/home/user/ros2_ws/install/my_turtle:/opt/ros/humble _=/usr/bin/env /usr/bin/cmake --install /home/user/ros2_ws/build/my_interfaces
[5.336s] -- Install configuration: ""
[5.336s] -- Up-to-date: /home/user/ros2_ws/install/my_interfaces/share/ament_index/resource_index/rosidl_interfaces/my_interfaces
[5.336s] -- Up-to-date: /home/user/ros2_ws/install/my_interfaces/include/my_interfaces/my_interfaces
[5.337s] -- Up-to-date: /home/user/ros2_ws/install/my_interfaces/include/my_interfaces/my_interfaces/srv
[5.337s] -- Up-to-date: /home/user/ros2_ws/install/my_interfaces/include/my_interfaces/my_interfaces/srv/detail
[5.337s] -- Up-to-date: /home/user/ros2_ws/install/my_interfaces/include/my_interfaces/my_interfaces/srv/detail/find_wall__functions.h
[5.337s] -- Up-to-date: /home/user/ros2_ws/install/my_interfaces/include/my_interfaces/my_interfaces/srv/detail/find_wall__functions.c
[5.337s] -- Up-to-date: /home/user/ros2_ws/install/my_interfaces/include/my_interfaces/my_interfaces/srv/detail/find_wall__struct.h
[5.337s] -- Up-to-date: /home/user/ros2_ws/install/my_interfaces/include/my_interfaces/my_interfaces/srv/detail/find_wall__type_support.h
[5.337s] -- Up-to-date: /home/user/ros2_ws/install/my_interfaces/include/my_interfaces/my_interfaces/srv/find_wall.h
[5.337s] -- Up-to-date: /home/user/ros2_ws/install/my_interfaces/include/my_interfaces/my_interfaces/msg
[5.337s] -- Up-to-date: /home/user/ros2_ws/install/my_interfaces/include/my_interfaces/my_interfaces/msg/rosidl_generator_c__visibility_control.h
[5.338s] -- Up-to-date: /home/user/ros2_ws/install/my_interfaces/share/my_interfaces/environment/library_path.sh
[5.338s] -- Up-to-date: /home/user/ros2_ws/install/my_interfaces/share/my_interfaces/environment/library_path.dsv
[5.338s] -- Up-to-date: /home/user/ros2_ws/install/my_interfaces/lib/libmy_interfaces__rosidl_generator_c.so
[5.338s] -- Up-to-date: /home/user/ros2_ws/install/my_interfaces/include/my_interfaces/my_interfaces
[5.338s] -- Up-to-date: /home/user/ros2_ws/install/my_interfaces/include/my_interfaces/my_interfaces/srv
[5.338s] -- Up-to-date: /home/user/ros2_ws/install/my_interfaces/include/my_interfaces/my_interfaces/srv/detail
[5.338s] -- Up-to-date: /home/user/ros2_ws/install/my_interfaces/include/my_interfaces/my_interfaces/srv/detail/find_wall__rosidl_typesupport_fastrtps_c.h
[5.338s] -- Up-to-date: /home/user/ros2_ws/install/my_interfaces/include/my_interfaces/my_interfaces/msg
[5.338s] -- Up-to-date: /home/user/ros2_ws/install/my_interfaces/include/my_interfaces/my_interfaces/msg/rosidl_typesupport_fastrtps_c__visibility_control.h
[5.338s] -- Up-to-date: /home/user/ros2_ws/install/my_interfaces/lib/libmy_interfaces__rosidl_typesupport_fastrtps_c.so
[5.338s] -- Up-to-date: /home/user/ros2_ws/install/my_interfaces/include/my_interfaces/my_interfaces
[5.339s] -- Up-to-date: /home/user/ros2_ws/install/my_interfaces/include/my_interfaces/my_interfaces/srv
[5.339s] -- Up-to-date: /home/user/ros2_ws/install/my_interfaces/include/my_interfaces/my_interfaces/srv/detail
[5.339s] -- Up-to-date: /home/user/ros2_ws/install/my_interfaces/include/my_interfaces/my_interfaces/srv/detail/find_wall__type_support.c
[5.339s] -- Up-to-date: /home/user/ros2_ws/install/my_interfaces/include/my_interfaces/my_interfaces/srv/detail/find_wall__rosidl_typesupport_introspection_c.h
[5.339s] -- Up-to-date: /home/user/ros2_ws/install/my_interfaces/include/my_interfaces/my_interfaces/msg
[5.340s] -- Up-to-date: /home/user/ros2_ws/install/my_interfaces/include/my_interfaces/my_interfaces/msg/rosidl_typesupport_introspection_c__visibility_control.h
[5.340s] -- Up-to-date: /home/user/ros2_ws/install/my_interfaces/lib/libmy_interfaces__rosidl_typesupport_introspection_c.so
[5.340s] -- Up-to-date: /home/user/ros2_ws/install/my_interfaces/lib/libmy_interfaces__rosidl_typesupport_c.so
[5.340s] -- Up-to-date: /home/user/ros2_ws/install/my_interfaces/include/my_interfaces/my_interfaces
[5.340s] -- Up-to-date: /home/user/ros2_ws/install/my_interfaces/include/my_interfaces/my_interfaces/srv
[5.341s] -- Up-to-date: /home/user/ros2_ws/install/my_interfaces/include/my_interfaces/my_interfaces/srv/detail
[5.341s] -- Up-to-date: /home/user/ros2_ws/install/my_interfaces/include/my_interfaces/my_interfaces/srv/detail/find_wall__struct.hpp
[5.342s] -- Up-to-date: /home/user/ros2_ws/install/my_interfaces/include/my_interfaces/my_interfaces/srv/detail/find_wall__builder.hpp
[5.342s] -- Up-to-date: /home/user/ros2_ws/install/my_interfaces/include/my_interfaces/my_interfaces/srv/detail/find_wall__traits.hpp
[5.342s] -- Up-to-date: /home/user/ros2_ws/install/my_interfaces/include/my_interfaces/my_interfaces/srv/find_wall.hpp
[5.342s] -- Up-to-date: /home/user/ros2_ws/install/my_interfaces/include/my_interfaces/my_interfaces
[5.342s] -- Up-to-date: /home/user/ros2_ws/install/my_interfaces/include/my_interfaces/my_interfaces/srv
[5.342s] -- Up-to-date: /home/user/ros2_ws/install/my_interfaces/include/my_interfaces/my_interfaces/srv/detail
[5.343s] -- Up-to-date: /home/user/ros2_ws/install/my_interfaces/include/my_interfaces/my_interfaces/srv/detail/dds_fastrtps
[5.343s] -- Up-to-date: /home/user/ros2_ws/install/my_interfaces/include/my_interfaces/my_interfaces/srv/detail/find_wall__rosidl_typesupport_fastrtps_cpp.hpp
[5.343s] -- Up-to-date: /home/user/ros2_ws/install/my_interfaces/include/my_interfaces/my_interfaces/msg
[5.343s] -- Up-to-date: /home/user/ros2_ws/install/my_interfaces/include/my_interfaces/my_interfaces/msg/rosidl_typesupport_fastrtps_cpp__visibility_control.h
[5.343s] -- Up-to-date: /home/user/ros2_ws/install/my_interfaces/lib/libmy_interfaces__rosidl_typesupport_fastrtps_cpp.so
[5.344s] -- Up-to-date: /home/user/ros2_ws/install/my_interfaces/include/my_interfaces/my_interfaces
[5.344s] -- Up-to-date: /home/user/ros2_ws/install/my_interfaces/include/my_interfaces/my_interfaces/srv
[5.344s] -- Up-to-date: /home/user/ros2_ws/install/my_interfaces/include/my_interfaces/my_interfaces/srv/detail
[5.344s] -- Up-to-date: /home/user/ros2_ws/install/my_interfaces/include/my_interfaces/my_interfaces/srv/detail/find_wall__type_support.cpp
[5.344s] -- Up-to-date: /home/user/ros2_ws/install/my_interfaces/include/my_interfaces/my_interfaces/srv/detail/find_wall__rosidl_typesupport_introspection_cpp.hpp
[5.344s] -- Up-to-date: /home/user/ros2_ws/install/my_interfaces/lib/libmy_interfaces__rosidl_typesupport_introspection_cpp.so
[5.344s] -- Up-to-date: /home/user/ros2_ws/install/my_interfaces/lib/libmy_interfaces__rosidl_typesupport_cpp.so
[5.345s] -- Up-to-date: /home/user/ros2_ws/install/my_interfaces/share/ament_index/resource_index/rust_packages/my_interfaces
[5.345s] -- Up-to-date: /home/user/ros2_ws/install/my_interfaces/share/my_interfaces/rust
[5.345s] -- Installing: /home/user/ros2_ws/install/my_interfaces/share/my_interfaces/rust/Cargo.toml
[5.345s] -- Up-to-date: /home/user/ros2_ws/install/my_interfaces/share/my_interfaces/rust/src
[5.345s] -- Installing: /home/user/ros2_ws/install/my_interfaces/share/my_interfaces/rust/src/srv.rs
[5.345s] -- Installing: /home/user/ros2_ws/install/my_interfaces/share/my_interfaces/rust/src/lib.rs
[5.345s] -- Installing: /home/user/ros2_ws/install/my_interfaces/share/my_interfaces/rust/build.rs
[5.345s] -- Up-to-date: /home/user/ros2_ws/install/my_interfaces/share/my_interfaces/rust
[5.345s] -- Up-to-date: /home/user/ros2_ws/install/my_interfaces/share/my_interfaces/rust/Cargo.toml
[5.345s] -- Up-to-date: /home/user/ros2_ws/install/my_interfaces/share/my_interfaces/rust/src
[5.346s] -- Up-to-date: /home/user/ros2_ws/install/my_interfaces/share/my_interfaces/rust/src/srv.rs
[5.346s] -- Up-to-date: /home/user/ros2_ws/install/my_interfaces/share/my_interfaces/rust/src/lib.rs
[5.346s] -- Up-to-date: /home/user/ros2_ws/install/my_interfaces/share/my_interfaces/rust/build.rs
[5.346s] -- Up-to-date: /home/user/ros2_ws/install/my_interfaces/share/my_interfaces/rust
[5.346s] -- Up-to-date: /home/user/ros2_ws/install/my_interfaces/share/my_interfaces/rust/Cargo.toml
[5.346s] -- Up-to-date: /home/user/ros2_ws/install/my_interfaces/share/my_interfaces/rust/src
[5.346s] -- Up-to-date: /home/user/ros2_ws/install/my_interfaces/share/my_interfaces/rust/src/srv.rs
[5.346s] -- Up-to-date: /home/user/ros2_ws/install/my_interfaces/share/my_interfaces/rust/src/lib.rs
[5.346s] -- Up-to-date: /home/user/ros2_ws/install/my_interfaces/share/my_interfaces/rust/build.rs
[5.346s] -- Up-to-date: /home/user/ros2_ws/install/my_interfaces/share/my_interfaces/environment/pythonpath.sh
[5.346s] -- Up-to-date: /home/user/ros2_ws/install/my_interfaces/share/my_interfaces/environment/pythonpath.dsv
[5.346s] -- Up-to-date: /home/user/ros2_ws/install/my_interfaces/local/lib/python3.10/dist-packages/my_interfaces-0.0.0-py3.10.egg-info
[5.346s] -- Installing: /home/user/ros2_ws/install/my_interfaces/local/lib/python3.10/dist-packages/my_interfaces-0.0.0-py3.10.egg-info/PKG-INFO
[5.347s] -- Installing: /home/user/ros2_ws/install/my_interfaces/local/lib/python3.10/dist-packages/my_interfaces-0.0.0-py3.10.egg-info/top_level.txt
[5.347s] -- Installing: /home/user/ros2_ws/install/my_interfaces/local/lib/python3.10/dist-packages/my_interfaces-0.0.0-py3.10.egg-info/SOURCES.txt
[5.347s] -- Installing: /home/user/ros2_ws/install/my_interfaces/local/lib/python3.10/dist-packages/my_interfaces-0.0.0-py3.10.egg-info/dependency_links.txt
[5.351s] -- Up-to-date: /home/user/ros2_ws/install/my_interfaces/local/lib/python3.10/dist-packages/my_interfaces
[5.352s] -- Up-to-date: /home/user/ros2_ws/install/my_interfaces/local/lib/python3.10/dist-packages/my_interfaces/srv
[5.353s] -- Up-to-date: /home/user/ros2_ws/install/my_interfaces/local/lib/python3.10/dist-packages/my_interfaces/srv/_find_wall.py
[5.354s] -- Up-to-date: /home/user/ros2_ws/install/my_interfaces/local/lib/python3.10/dist-packages/my_interfaces/srv/__init__.py
[5.354s] -- Up-to-date: /home/user/ros2_ws/install/my_interfaces/local/lib/python3.10/dist-packages/my_interfaces/srv/_find_wall_s.c
[5.354s] -- Up-to-date: /home/user/ros2_ws/install/my_interfaces/local/lib/python3.10/dist-packages/my_interfaces/_my_interfaces_s.ep.rosidl_typesupport_introspection_c.c
[5.354s] -- Up-to-date: /home/user/ros2_ws/install/my_interfaces/local/lib/python3.10/dist-packages/my_interfaces/my_interfaces_s__rosidl_typesupport_fastrtps_c.cpython-310-x86_64-linux-gnu.so
[5.354s] -- Up-to-date: /home/user/ros2_ws/install/my_interfaces/local/lib/python3.10/dist-packages/my_interfaces/my_interfaces_s__rosidl_typesupport_introspection_c.cpython-310-x86_64-linux-gnu.so
[5.354s] -- Up-to-date: /home/user/ros2_ws/install/my_interfaces/local/lib/python3.10/dist-packages/my_interfaces/_my_interfaces_s.ep.rosidl_typesupport_fastrtps_c.c
[5.354s] -- Up-to-date: /home/user/ros2_ws/install/my_interfaces/local/lib/python3.10/dist-packages/my_interfaces/__init__.py
[5.354s] -- Up-to-date: /home/user/ros2_ws/install/my_interfaces/local/lib/python3.10/dist-packages/my_interfaces/_my_interfaces_s.ep.rosidl_typesupport_c.c
[5.354s] -- Up-to-date: /home/user/ros2_ws/install/my_interfaces/local/lib/python3.10/dist-packages/my_interfaces/libmy_interfaces__rosidl_generator_py.so
[5.354s] -- Up-to-date: /home/user/ros2_ws/install/my_interfaces/local/lib/python3.10/dist-packages/my_interfaces/my_interfaces_s__rosidl_typesupport_c.cpython-310-x86_64-linux-gnu.so
[5.495s] Listing '/home/user/ros2_ws/install/my_interfaces/local/lib/python3.10/dist-packages/my_interfaces'...
[5.495s] Listing '/home/user/ros2_ws/install/my_interfaces/local/lib/python3.10/dist-packages/my_interfaces/srv'...
[5.540s] -- Up-to-date: /home/user/ros2_ws/install/my_interfaces/local/lib/python3.10/dist-packages/my_interfaces/my_interfaces_s__rosidl_typesupport_fastrtps_c.cpython-310-x86_64-linux-gnu.so
[5.540s] -- Up-to-date: /home/user/ros2_ws/install/my_interfaces/local/lib/python3.10/dist-packages/my_interfaces/my_interfaces_s__rosidl_typesupport_introspection_c.cpython-310-x86_64-linux-gnu.so
[5.540s] -- Up-to-date: /home/user/ros2_ws/install/my_interfaces/local/lib/python3.10/dist-packages/my_interfaces/my_interfaces_s__rosidl_typesupport_c.cpython-310-x86_64-linux-gnu.so
[5.541s] -- Up-to-date: /home/user/ros2_ws/install/my_interfaces/lib/libmy_interfaces__rosidl_generator_py.so
[5.543s] -- Up-to-date: /home/user/ros2_ws/install/my_interfaces/share/my_interfaces/srv/FindWall.idl
[5.544s] -- Up-to-date: /home/user/ros2_ws/install/my_interfaces/share/my_interfaces/srv/FindWall.srv
[5.544s] -- Up-to-date: /home/user/ros2_ws/install/my_interfaces/share/my_interfaces/srv/FindWall_Request.msg
[5.544s] -- Up-to-date: /home/user/ros2_ws/install/my_interfaces/share/my_interfaces/srv/FindWall_Response.msg
[5.544s] -- Up-to-date: /home/user/ros2_ws/install/my_interfaces/share/ament_index/resource_index/package_run_dependencies/my_interfaces
[5.544s] -- Up-to-date: /home/user/ros2_ws/install/my_interfaces/share/ament_index/resource_index/parent_prefix_path/my_interfaces
[5.544s] -- Up-to-date: /home/user/ros2_ws/install/my_interfaces/share/my_interfaces/environment/ament_prefix_path.sh
[5.544s] -- Up-to-date: /home/user/ros2_ws/install/my_interfaces/share/my_interfaces/environment/ament_prefix_path.dsv
[5.544s] -- Up-to-date: /home/user/ros2_ws/install/my_interfaces/share/my_interfaces/environment/path.sh
[5.544s] -- Up-to-date: /home/user/ros2_ws/install/my_interfaces/share/my_interfaces/environment/path.dsv
[5.545s] -- Up-to-date: /home/user/ros2_ws/install/my_interfaces/share/my_interfaces/local_setup.bash
[5.545s] -- Up-to-date: /home/user/ros2_ws/install/my_interfaces/share/my_interfaces/local_setup.sh
[5.545s] -- Up-to-date: /home/user/ros2_ws/install/my_interfaces/share/my_interfaces/local_setup.zsh
[5.545s] -- Up-to-date: /home/user/ros2_ws/install/my_interfaces/share/my_interfaces/local_setup.dsv
[5.545s] -- Installing: /home/user/ros2_ws/install/my_interfaces/share/my_interfaces/package.dsv
[5.545s] -- Up-to-date: /home/user/ros2_ws/install/my_interfaces/share/ament_index/resource_index/packages/my_interfaces
[5.545s] -- Up-to-date: /home/user/ros2_ws/install/my_interfaces/share/my_interfaces/cmake/export_my_interfaces__rosidl_generator_cExport.cmake
[5.545s] -- Up-to-date: /home/user/ros2_ws/install/my_interfaces/share/my_interfaces/cmake/export_my_interfaces__rosidl_generator_cExport-noconfig.cmake
[5.545s] -- Up-to-date: /home/user/ros2_ws/install/my_interfaces/share/my_interfaces/cmake/export_my_interfaces__rosidl_typesupport_fastrtps_cExport.cmake
[5.546s] -- Up-to-date: /home/user/ros2_ws/install/my_interfaces/share/my_interfaces/cmake/export_my_interfaces__rosidl_typesupport_fastrtps_cExport-noconfig.cmake
[5.546s] -- Up-to-date: /home/user/ros2_ws/install/my_interfaces/share/my_interfaces/cmake/my_interfaces__rosidl_typesupport_introspection_cExport.cmake
[5.546s] -- Up-to-date: /home/user/ros2_ws/install/my_interfaces/share/my_interfaces/cmake/my_interfaces__rosidl_typesupport_introspection_cExport-noconfig.cmake
[5.546s] -- Up-to-date: /home/user/ros2_ws/install/my_interfaces/share/my_interfaces/cmake/my_interfaces__rosidl_typesupport_cExport.cmake
[5.547s] -- Up-to-date: /home/user/ros2_ws/install/my_interfaces/share/my_interfaces/cmake/my_interfaces__rosidl_typesupport_cExport-noconfig.cmake
[5.547s] -- Up-to-date: /home/user/ros2_ws/install/my_interfaces/share/my_interfaces/cmake/export_my_interfaces__rosidl_generator_cppExport.cmake
[5.547s] -- Up-to-date: /home/user/ros2_ws/install/my_interfaces/share/my_interfaces/cmake/export_my_interfaces__rosidl_typesupport_fastrtps_cppExport.cmake
[5.547s] -- Up-to-date: /home/user/ros2_ws/install/my_interfaces/share/my_interfaces/cmake/export_my_interfaces__rosidl_typesupport_fastrtps_cppExport-noconfig.cmake
[5.547s] -- Up-to-date: /home/user/ros2_ws/install/my_interfaces/share/my_interfaces/cmake/my_interfaces__rosidl_typesupport_introspection_cppExport.cmake
[5.547s] -- Up-to-date: /home/user/ros2_ws/install/my_interfaces/share/my_interfaces/cmake/my_interfaces__rosidl_typesupport_introspection_cppExport-noconfig.cmake
[5.547s] -- Up-to-date: /home/user/ros2_ws/install/my_interfaces/share/my_interfaces/cmake/my_interfaces__rosidl_typesupport_cppExport.cmake
[5.548s] -- Up-to-date: /home/user/ros2_ws/install/my_interfaces/share/my_interfaces/cmake/my_interfaces__rosidl_typesupport_cppExport-noconfig.cmake
[5.548s] -- Up-to-date: /home/user/ros2_ws/install/my_interfaces/share/my_interfaces/cmake/export_my_interfaces__rosidl_generator_pyExport.cmake
[5.549s] -- Up-to-date: /home/user/ros2_ws/install/my_interfaces/share/my_interfaces/cmake/export_my_interfaces__rosidl_generator_pyExport-noconfig.cmake
[5.549s] -- Up-to-date: /home/user/ros2_ws/install/my_interfaces/share/my_interfaces/cmake/rosidl_cmake-extras.cmake
[5.549s] -- Up-to-date: /home/user/ros2_ws/install/my_interfaces/share/my_interfaces/cmake/ament_cmake_export_include_directories-extras.cmake
[5.549s] -- Up-to-date: /home/user/ros2_ws/install/my_interfaces/share/my_interfaces/cmake/ament_cmake_export_libraries-extras.cmake
[5.549s] -- Up-to-date: /home/user/ros2_ws/install/my_interfaces/share/my_interfaces/cmake/ament_cmake_export_targets-extras.cmake
[5.549s] -- Up-to-date: /home/user/ros2_ws/install/my_interfaces/share/my_interfaces/cmake/rosidl_cmake_export_typesupport_targets-extras.cmake
[5.549s] -- Up-to-date: /home/user/ros2_ws/install/my_interfaces/share/my_interfaces/cmake/ament_cmake_export_dependencies-extras.cmake
[5.549s] -- Up-to-date: /home/user/ros2_ws/install/my_interfaces/share/my_interfaces/cmake/rosidl_cmake_export_typesupport_libraries-extras.cmake
[5.549s] -- Up-to-date: /home/user/ros2_ws/install/my_interfaces/share/my_interfaces/cmake/my_interfacesConfig.cmake
[5.549s] -- Up-to-date: /home/user/ros2_ws/install/my_interfaces/share/my_interfaces/cmake/my_interfacesConfig-version.cmake
[5.550s] -- Up-to-date: /home/user/ros2_ws/install/my_interfaces/share/my_interfaces/package.xml
[5.550s] Invoked command in '/home/user/ros2_ws/build/my_interfaces' returned '0': CMAKE_PREFIX_PATH=${CMAKE_PREFIX_PATH}:/home/simulations/ros2_sims_ws/install/rclrs_tests:/home/simulations/ros2_sims_ws/install/examples_rclrs_minimal_client_service:/home/simulations/ros2_sims_ws/install/sensor_msgs_py:/home/simulations/ros2_sims_ws/install/examples_rclrs_minimal_pub_sub:/home/simulations/ros2_sims_ws/install/examples_rclrs_message_demo:/home/simulations/ros2_sims_ws/install/rclrs:/home/simulations/ros2_sims_ws/install/rosidl_runtime_rs:/home/user/ros2_ws/install/my_turtle:/opt/ros/humble _=/usr/bin/env /usr/bin/cmake --install /home/user/ros2_ws/build/my_interfaces
