[2.149s] Invoking command in '/home/user/ros2_ws/src/my_turtle': PYTHONPATH=/home/user/ros2_ws/build/my_turtle/prefix_override:/home/user/ros2_ws/install/my_turtle/lib/python3.10/site-packages:${PYTHONPATH} _=/usr/bin/env /usr/bin/python3 -W ignore:setup.py install is deprecated setup.py egg_info --egg-base ../../build/my_turtle build --build-base /home/user/ros2_ws/build/my_turtle/build install --record /home/user/ros2_ws/build/my_turtle/install.log --single-version-externally-managed install_data
[2.927s] running egg_info
[2.929s] writing ../../build/my_turtle/my_turtle.egg-info/PKG-INFO
[2.930s] writing dependency_links to ../../build/my_turtle/my_turtle.egg-info/dependency_links.txt
[2.930s] writing entry points to ../../build/my_turtle/my_turtle.egg-info/entry_points.txt
[2.930s] writing requirements to ../../build/my_turtle/my_turtle.egg-info/requires.txt
[2.931s] writing top-level names to ../../build/my_turtle/my_turtle.egg-info/top_level.txt
[2.935s] reading manifest file '../../build/my_turtle/my_turtle.egg-info/SOURCES.txt'
[2.936s] writing manifest file '../../build/my_turtle/my_turtle.egg-info/SOURCES.txt'
[2.937s] running build
[2.937s] running build_py
[2.937s] copying my_turtle/turtle_avoid_wall.py -> /home/user/ros2_ws/build/my_turtle/build/lib/my_turtle
[2.937s] running install
[2.938s] running install_lib
[2.939s] copying /home/user/ros2_ws/build/my_turtle/build/lib/my_turtle/turtle_avoid_wall.py -> /home/user/ros2_ws/install/my_turtle/lib/python3.10/site-packages/my_turtle
[2.941s] byte-compiling /home/user/ros2_ws/install/my_turtle/lib/python3.10/site-packages/my_turtle/turtle_avoid_wall.py to turtle_avoid_wall.cpython-310.pyc
[2.942s] running install_data
[2.942s] running install_egg_info
[2.947s] removing '/home/user/ros2_ws/install/my_turtle/lib/python3.10/site-packages/my_turtle-0.0.0-py3.10.egg-info' (and everything under it)
[2.949s] Copying ../../build/my_turtle/my_turtle.egg-info to /home/user/ros2_ws/install/my_turtle/lib/python3.10/site-packages/my_turtle-0.0.0-py3.10.egg-info
[2.951s] running install_scripts
[2.992s] Installing stop_on_obstacle script to /home/user/ros2_ws/install/my_turtle/lib/my_turtle
[2.993s] writing list of installed files to '/home/user/ros2_ws/build/my_turtle/install.log'
[3.071s] Invoked command in '/home/user/ros2_ws/src/my_turtle' returned '0': PYTHONPATH=/home/user/ros2_ws/build/my_turtle/prefix_override:/home/user/ros2_ws/install/my_turtle/lib/python3.10/site-packages:${PYTHONPATH} _=/usr/bin/env /usr/bin/python3 -W ignore:setup.py install is deprecated setup.py egg_info --egg-base ../../build/my_turtle build --build-base /home/user/ros2_ws/build/my_turtle/build install --record /home/user/ros2_ws/build/my_turtle/install.log --single-version-externally-managed install_data
