[2.108s] DEBUG:colcon:Command line arguments: ['/usr/bin/colcon', 'build']
[2.108s] DEBUG:colcon:Parsed command line arguments: Namespace(log_base=None, log_level=None, verb_name='build', build_base='build', install_base='install', merge_install=False, symlink_install=False, test_result_base=None, continue_on_error=False, executor='parallel', parallel_workers=8, event_handlers=None, ignore_user_meta=False, metas=['./colcon.meta'], base_paths=['.'], packages_ignore=None, packages_ignore_regex=None, paths=None, packages_up_to=None, packages_up_to_regex=None, packages_above=None, packages_above_and_dependencies=None, packages_above_depth=None, packages_select_by_dep=None, packages_skip_by_dep=None, packages_skip_up_to=None, packages_select_build_failed=False, packages_skip_build_finished=False, packages_select_test_failures=False, packages_skip_test_passed=False, packages_select=None, packages_skip=None, packages_select_regex=None, packages_skip_regex=None, packages_start=None, packages_end=None, lookup_in_workspace=False, cargo_args=None, clean_build=False, cmake_args=None, cmake_target=None, cmake_target_skip_unavailable=False, cmake_clean_cache=False, cmake_clean_first=False, cmake_force_configure=False, ament_cmake_args=None, catkin_cmake_args=None, catkin_skip_building_tests=False, mixin_files=None, mixin=None, verb_parser=<colcon_mixin.mixin.mixin_argument.MixinArgumentDecorator object at 0x7f8c8c79e320>, verb_extension=<colcon_core.verb.build.BuildVerb object at 0x7f8c8c79d7b0>, main=<bound method BuildVerb.main of <colcon_core.verb.build.BuildVerb object at 0x7f8c8c79d7b0>>, mixin_verb=('build',))
[12.169s] Level 1:colcon.colcon_core.package_discovery:discover_packages(colcon_meta) check parameters
[12.170s] Level 1:colcon.colcon_core.package_discovery:discover_packages(recursive) check parameters
[12.170s] Level 1:colcon.colcon_core.package_discovery:discover_packages(ignore) check parameters
[12.170s] Level 1:colcon.colcon_core.package_discovery:discover_packages(path) check parameters
[12.170s] Level 1:colcon.colcon_core.package_discovery:discover_packages(colcon_meta) discover
[12.170s] Level 1:colcon.colcon_core.package_discovery:discover_packages(recursive) discover
[12.170s] INFO:colcon.colcon_core.package_discovery:Crawling recursively for packages in '/home/user/ros2_ws'
[12.171s] Level 1:colcon.colcon_core.package_identification:_identify(.) by extensions ['ignore', 'ignore_ament_install']
[12.172s] Level 1:colcon.colcon_core.package_identification:_identify(.) by extension 'ignore'
[12.172s] Level 1:colcon.colcon_core.package_identification:_identify(.) by extension 'ignore_ament_install'
[12.172s] Level 1:colcon.colcon_core.package_identification:_identify(.) by extensions ['colcon_pkg']
[12.172s] Level 1:colcon.colcon_core.package_identification:_identify(.) by extension 'colcon_pkg'
[12.172s] Level 1:colcon.colcon_core.package_identification:_identify(.) by extensions ['colcon_meta']
[12.172s] Level 1:colcon.colcon_core.package_identification:_identify(.) by extension 'colcon_meta'
[12.172s] Level 1:colcon.colcon_core.package_identification:_identify(.) by extensions ['ament_cargo']
[12.172s] Level 1:colcon.colcon_core.package_identification:_identify(.) by extension 'ament_cargo'
[12.172s] Level 1:colcon.colcon_core.package_identification:_identify(.) by extensions ['ros']
[12.173s] Level 1:colcon.colcon_core.package_identification:_identify(.) by extension 'ros'
[12.189s] Level 1:colcon.colcon_core.package_identification:_identify(.) by extensions ['cargo', 'cmake', 'python']
[12.189s] Level 1:colcon.colcon_core.package_identification:_identify(.) by extension 'cargo'
[12.189s] Level 1:colcon.colcon_core.package_identification:_identify(.) by extension 'cmake'
[12.189s] Level 1:colcon.colcon_core.package_identification:_identify(.) by extension 'python'
[12.189s] Level 1:colcon.colcon_core.package_identification:_identify(.) by extensions ['python_setup_py']
[12.189s] Level 1:colcon.colcon_core.package_identification:_identify(.) by extension 'python_setup_py'
[12.189s] Level 1:colcon.colcon_core.package_identification:_identify(build) by extensions ['ignore', 'ignore_ament_install']
[12.190s] Level 1:colcon.colcon_core.package_identification:_identify(build) by extension 'ignore'
[12.190s] Level 1:colcon.colcon_core.package_identification:_identify(build) ignored
[12.190s] Level 1:colcon.colcon_core.package_identification:_identify(install) by extensions ['ignore', 'ignore_ament_install']
[12.190s] Level 1:colcon.colcon_core.package_identification:_identify(install) by extension 'ignore'
[12.190s] Level 1:colcon.colcon_core.package_identification:_identify(install) ignored
[12.190s] Level 1:colcon.colcon_core.package_identification:_identify(log) by extensions ['ignore', 'ignore_ament_install']
[12.190s] Level 1:colcon.colcon_core.package_identification:_identify(log) by extension 'ignore'
[12.190s] Level 1:colcon.colcon_core.package_identification:_identify(log) ignored
[12.191s] Level 1:colcon.colcon_core.package_identification:_identify(src) by extensions ['ignore', 'ignore_ament_install']
[12.191s] Level 1:colcon.colcon_core.package_identification:_identify(src) by extension 'ignore'
[12.191s] Level 1:colcon.colcon_core.package_identification:_identify(src) by extension 'ignore_ament_install'
[12.191s] Level 1:colcon.colcon_core.package_identification:_identify(src) by extensions ['colcon_pkg']
[12.191s] Level 1:colcon.colcon_core.package_identification:_identify(src) by extension 'colcon_pkg'
[12.191s] Level 1:colcon.colcon_core.package_identification:_identify(src) by extensions ['colcon_meta']
[12.191s] Level 1:colcon.colcon_core.package_identification:_identify(src) by extension 'colcon_meta'
[12.191s] Level 1:colcon.colcon_core.package_identification:_identify(src) by extensions ['ament_cargo']
[12.191s] Level 1:colcon.colcon_core.package_identification:_identify(src) by extension 'ament_cargo'
[12.191s] Level 1:colcon.colcon_core.package_identification:_identify(src) by extensions ['ros']
[12.191s] Level 1:colcon.colcon_core.package_identification:_identify(src) by extension 'ros'
[12.192s] Level 1:colcon.colcon_core.package_identification:_identify(src) by extensions ['cargo', 'cmake', 'python']
[12.192s] Level 1:colcon.colcon_core.package_identification:_identify(src) by extension 'cargo'
[12.192s] Level 1:colcon.colcon_core.package_identification:_identify(src) by extension 'cmake'
[12.192s] Level 1:colcon.colcon_core.package_identification:_identify(src) by extension 'python'
[12.192s] Level 1:colcon.colcon_core.package_identification:_identify(src) by extensions ['python_setup_py']
[12.192s] Level 1:colcon.colcon_core.package_identification:_identify(src) by extension 'python_setup_py'
[12.192s] Level 1:colcon.colcon_core.package_identification:_identify(src/my_turtle) by extensions ['ignore', 'ignore_ament_install']
[12.192s] Level 1:colcon.colcon_core.package_identification:_identify(src/my_turtle) by extension 'ignore'
[12.192s] Level 1:colcon.colcon_core.package_identification:_identify(src/my_turtle) by extension 'ignore_ament_install'
[12.193s] Level 1:colcon.colcon_core.package_identification:_identify(src/my_turtle) by extensions ['colcon_pkg']
[12.193s] Level 1:colcon.colcon_core.package_identification:_identify(src/my_turtle) by extension 'colcon_pkg'
[12.193s] Level 1:colcon.colcon_core.package_identification:_identify(src/my_turtle) by extensions ['colcon_meta']
[12.193s] Level 1:colcon.colcon_core.package_identification:_identify(src/my_turtle) by extension 'colcon_meta'
[12.193s] Level 1:colcon.colcon_core.package_identification:_identify(src/my_turtle) by extensions ['ament_cargo']
[12.193s] Level 1:colcon.colcon_core.package_identification:_identify(src/my_turtle) by extension 'ament_cargo'
[12.193s] Level 1:colcon.colcon_core.package_identification:_identify(src/my_turtle) by extensions ['ros']
[12.193s] Level 1:colcon.colcon_core.package_identification:_identify(src/my_turtle) by extension 'ros'
[12.199s] DEBUG:colcon.colcon_core.package_identification:Package 'src/my_turtle' with type 'ros.ament_python' and name 'my_turtle'
[12.199s] Level 1:colcon.colcon_core.package_discovery:discover_packages(recursive) using defaults
[12.199s] Level 1:colcon.colcon_core.package_discovery:discover_packages(ignore) discover
[12.199s] Level 1:colcon.colcon_core.package_discovery:discover_packages(ignore) using defaults
[12.199s] Level 1:colcon.colcon_core.package_discovery:discover_packages(path) discover
[12.199s] Level 1:colcon.colcon_core.package_discovery:discover_packages(path) using defaults
[12.404s] Level 5:colcon.colcon_core.verb:set package 'my_turtle' build argument 'lookup_in_workspace' from command line to 'False'
[12.404s] Level 5:colcon.colcon_core.verb:set package 'my_turtle' build argument 'cargo_args' from command line to 'None'
[12.405s] Level 5:colcon.colcon_core.verb:set package 'my_turtle' build argument 'clean_build' from command line to 'False'
[12.405s] Level 5:colcon.colcon_core.verb:set package 'my_turtle' build argument 'cmake_args' from command line to 'None'
[12.405s] Level 5:colcon.colcon_core.verb:set package 'my_turtle' build argument 'cmake_target' from command line to 'None'
[12.405s] Level 5:colcon.colcon_core.verb:set package 'my_turtle' build argument 'cmake_target_skip_unavailable' from command line to 'False'
[12.405s] Level 5:colcon.colcon_core.verb:set package 'my_turtle' build argument 'cmake_clean_cache' from command line to 'False'
[12.405s] Level 5:colcon.colcon_core.verb:set package 'my_turtle' build argument 'cmake_clean_first' from command line to 'False'
[12.405s] Level 5:colcon.colcon_core.verb:set package 'my_turtle' build argument 'cmake_force_configure' from command line to 'False'
[12.405s] Level 5:colcon.colcon_core.verb:set package 'my_turtle' build argument 'ament_cmake_args' from command line to 'None'
[12.405s] Level 5:colcon.colcon_core.verb:set package 'my_turtle' build argument 'catkin_cmake_args' from command line to 'None'
[12.405s] Level 5:colcon.colcon_core.verb:set package 'my_turtle' build argument 'catkin_skip_building_tests' from command line to 'False'
[12.406s] DEBUG:colcon.colcon_core.verb:Building package 'my_turtle' with the following arguments: {'ament_cmake_args': None, 'build_base': '/home/user/ros2_ws/build/my_turtle', 'cargo_args': None, 'catkin_cmake_args': None, 'catkin_skip_building_tests': False, 'clean_build': False, 'cmake_args': None, 'cmake_clean_cache': False, 'cmake_clean_first': False, 'cmake_force_configure': False, 'cmake_target': None, 'cmake_target_skip_unavailable': False, 'install_base': '/home/user/ros2_ws/install/my_turtle', 'lookup_in_workspace': False, 'merge_install': False, 'path': '/home/user/ros2_ws/src/my_turtle', 'symlink_install': False, 'test_result_base': None}
[12.406s] INFO:colcon.colcon_core.executor:Executing jobs using 'parallel' executor
[12.409s] DEBUG:colcon.colcon_parallel_executor.executor.parallel:run_until_complete
[12.473s] INFO:colcon.colcon_ros.task.ament_python.build:Building ROS package in '/home/user/ros2_ws/src/my_turtle' with build type 'ament_python'
[12.477s] Level 1:colcon.colcon_core.shell:create_environment_hook('my_turtle', 'ament_prefix_path')
[12.594s] INFO:colcon.colcon_core.plugin_system:Skipping extension 'colcon_core.shell.bat': Not used on non-Windows systems
[12.595s] INFO:colcon.colcon_core.shell:Creating environment hook '/home/user/ros2_ws/install/my_turtle/share/my_turtle/hook/ament_prefix_path.ps1'
[12.601s] INFO:colcon.colcon_core.shell:Creating environment descriptor '/home/user/ros2_ws/install/my_turtle/share/my_turtle/hook/ament_prefix_path.dsv'
[12.604s] INFO:colcon.colcon_core.shell:Creating environment hook '/home/user/ros2_ws/install/my_turtle/share/my_turtle/hook/ament_prefix_path.sh'
[12.607s] INFO:colcon.colcon_core.shell:Skip shell extension 'powershell' for command environment: Not usable outside of PowerShell
[12.607s] DEBUG:colcon.colcon_core.shell:Skip shell extension 'dsv' for command environment
[13.806s] INFO:colcon.colcon_core.task.python.build:Building Python package in '/home/user/ros2_ws/src/my_turtle'
[13.869s] INFO:colcon.colcon_core.shell:Skip shell extension 'powershell' for command environment: Not usable outside of PowerShell
[13.869s] DEBUG:colcon.colcon_core.shell:Skip shell extension 'dsv' for command environment
[18.506s] DEBUG:colcon.colcon_core.event_handler.log_command:Invoking command in '/home/user/ros2_ws/src/my_turtle': PYTHONPATH=/home/user/ros2_ws/build/my_turtle/prefix_override:/home/user/ros2_ws/install/my_turtle/lib/python3.10/site-packages:${PYTHONPATH} _=/usr/bin/env /usr/bin/python3 -W ignore:setup.py install is deprecated setup.py egg_info --egg-base ../../build/my_turtle build --build-base /home/user/ros2_ws/build/my_turtle/build install --record /home/user/ros2_ws/build/my_turtle/install.log --single-version-externally-managed install_data
[19.874s] DEBUG:colcon.colcon_core.event_handler.log_command:Invoked command in '/home/user/ros2_ws/src/my_turtle' returned '0': PYTHONPATH=/home/user/ros2_ws/build/my_turtle/prefix_override:/home/user/ros2_ws/install/my_turtle/lib/python3.10/site-packages:${PYTHONPATH} _=/usr/bin/env /usr/bin/python3 -W ignore:setup.py install is deprecated setup.py egg_info --egg-base ../../build/my_turtle build --build-base /home/user/ros2_ws/build/my_turtle/build install --record /home/user/ros2_ws/build/my_turtle/install.log --single-version-externally-managed install_data
[19.899s] Level 1:colcon.colcon_core.environment:checking '/home/user/ros2_ws/install/my_turtle' for CMake module files
[19.900s] Level 1:colcon.colcon_core.environment:checking '/home/user/ros2_ws/install/my_turtle' for CMake config files
[19.901s] Level 1:colcon.colcon_core.environment:checking '/home/user/ros2_ws/install/my_turtle/lib'
[19.902s] Level 1:colcon.colcon_core.environment:checking '/home/user/ros2_ws/install/my_turtle/bin'
[19.902s] Level 1:colcon.colcon_core.environment:checking '/home/user/ros2_ws/install/my_turtle/lib/pkgconfig/my_turtle.pc'
[19.902s] Level 1:colcon.colcon_core.environment:checking '/home/user/ros2_ws/install/my_turtle/lib/python3.10/site-packages'
[19.902s] Level 1:colcon.colcon_core.shell:create_environment_hook('my_turtle', 'pythonpath')
[19.903s] INFO:colcon.colcon_core.shell:Creating environment hook '/home/user/ros2_ws/install/my_turtle/share/my_turtle/hook/pythonpath.ps1'
[19.904s] INFO:colcon.colcon_core.shell:Creating environment descriptor '/home/user/ros2_ws/install/my_turtle/share/my_turtle/hook/pythonpath.dsv'
[19.905s] INFO:colcon.colcon_core.shell:Creating environment hook '/home/user/ros2_ws/install/my_turtle/share/my_turtle/hook/pythonpath.sh'
[19.906s] Level 1:colcon.colcon_core.environment:checking '/home/user/ros2_ws/install/my_turtle/bin'
[19.906s] Level 1:colcon.colcon_core.environment:create_environment_scripts_only(my_turtle)
[19.906s] INFO:colcon.colcon_core.shell:Creating package script '/home/user/ros2_ws/install/my_turtle/share/my_turtle/package.ps1'
[19.908s] INFO:colcon.colcon_core.shell:Creating package descriptor '/home/user/ros2_ws/install/my_turtle/share/my_turtle/package.dsv'
[19.911s] INFO:colcon.colcon_core.shell:Creating package script '/home/user/ros2_ws/install/my_turtle/share/my_turtle/package.sh'
[19.912s] INFO:colcon.colcon_core.shell:Creating package script '/home/user/ros2_ws/install/my_turtle/share/my_turtle/package.bash'
[19.916s] INFO:colcon.colcon_core.shell:Creating package script '/home/user/ros2_ws/install/my_turtle/share/my_turtle/package.zsh'
[19.970s] Level 1:colcon.colcon_core.environment:create_file_with_runtime_dependencies(/home/user/ros2_ws/install/my_turtle/share/colcon-core/packages/my_turtle)
[19.970s] DEBUG:colcon.colcon_parallel_executor.executor.parallel:closing loop
[19.972s] DEBUG:colcon.colcon_parallel_executor.executor.parallel:loop closed
[19.972s] DEBUG:colcon.colcon_parallel_executor.executor.parallel:run_until_complete finished with '0'
[19.972s] DEBUG:colcon.colcon_core.event_reactor:joining thread
[20.084s] INFO:colcon.colcon_core.plugin_system:Skipping extension 'colcon_notification.desktop_notification.notify_send': Could not find 'notify-send'
[20.084s] INFO:colcon.colcon_core.plugin_system:Skipping extension 'colcon_notification.desktop_notification.terminal_notifier': Not used on non-Darwin systems
[20.084s] INFO:colcon.colcon_core.plugin_system:Skipping extension 'colcon_notification.desktop_notification.win32': Not used on non-Windows systems
[20.084s] INFO:colcon.colcon_notification.desktop_notification:Sending desktop notification using 'notify2'
[20.087s] DEBUG:colcon.colcon_notification.desktop_notification.notify2:Failed to initialize notify2: org.freedesktop.DBus.Error.Spawn.ExecFailed: /usr/bin/dbus-launch terminated abnormally without any error message
[20.087s] DEBUG:colcon.colcon_core.event_reactor:joined thread
[20.088s] INFO:colcon.colcon_core.shell:Creating prefix script '/home/user/ros2_ws/install/local_setup.ps1'
[20.091s] INFO:colcon.colcon_core.shell:Creating prefix util module '/home/user/ros2_ws/install/_local_setup_util_ps1.py'
[20.095s] INFO:colcon.colcon_core.shell:Creating prefix chain script '/home/user/ros2_ws/install/setup.ps1'
[20.100s] INFO:colcon.colcon_core.shell:Creating prefix script '/home/user/ros2_ws/install/local_setup.sh'
[20.101s] INFO:colcon.colcon_core.shell:Creating prefix util module '/home/user/ros2_ws/install/_local_setup_util_sh.py'
[20.102s] INFO:colcon.colcon_core.shell:Creating prefix chain script '/home/user/ros2_ws/install/setup.sh'
[20.106s] INFO:colcon.colcon_core.shell:Creating prefix script '/home/user/ros2_ws/install/local_setup.bash'
[20.108s] INFO:colcon.colcon_core.shell:Creating prefix chain script '/home/user/ros2_ws/install/setup.bash'
[20.113s] INFO:colcon.colcon_core.shell:Creating prefix script '/home/user/ros2_ws/install/local_setup.zsh'
[20.185s] INFO:colcon.colcon_core.shell:Creating prefix chain script '/home/user/ros2_ws/install/setup.zsh'
