[3.074s] Invoking command in '/home/user/ros2_ws/src/my_turtle': PYTHONPATH=/home/user/ros2_ws/build/my_turtle/prefix_override:/home/user/ros2_ws/install/my_turtle/lib/python3.10/site-packages:${PYTHONPATH} _=/usr/bin/env /usr/bin/python3 -W ignore:setup.py install is deprecated setup.py egg_info --egg-base ../../build/my_turtle build --build-base /home/user/ros2_ws/build/my_turtle/build install --record /home/user/ros2_ws/build/my_turtle/install.log --single-version-externally-managed install_data
[4.041s] running egg_info
[4.044s] writing ../../build/my_turtle/my_turtle.egg-info/PKG-INFO
[4.044s] writing dependency_links to ../../build/my_turtle/my_turtle.egg-info/dependency_links.txt
[4.045s] writing entry points to ../../build/my_turtle/my_turtle.egg-info/entry_points.txt
[4.045s] writing requirements to ../../build/my_turtle/my_turtle.egg-info/requires.txt
[4.045s] writing top-level names to ../../build/my_turtle/my_turtle.egg-info/top_level.txt
[4.049s] reading manifest file '../../build/my_turtle/my_turtle.egg-info/SOURCES.txt'
[4.051s] writing manifest file '../../build/my_turtle/my_turtle.egg-info/SOURCES.txt'
[4.051s] running build
[4.051s] running build_py
[4.052s] running install
[4.052s] running install_lib
[4.057s] running install_data
[4.058s] running install_egg_info
[4.061s] removing '/home/user/ros2_ws/install/my_turtle/lib/python3.10/site-packages/my_turtle-0.0.0-py3.10.egg-info' (and everything under it)
[4.061s] Copying ../../build/my_turtle/my_turtle.egg-info to /home/user/ros2_ws/install/my_turtle/lib/python3.10/site-packages/my_turtle-0.0.0-py3.10.egg-info
[4.061s] running install_scripts
[4.143s] Installing stop_on_obstacle script to /home/user/ros2_ws/install/my_turtle/lib/my_turtle
[4.146s] writing list of installed files to '/home/user/ros2_ws/build/my_turtle/install.log'
[4.201s] Invoked command in '/home/user/ros2_ws/src/my_turtle' returned '0': PYTHONPATH=/home/user/ros2_ws/build/my_turtle/prefix_override:/home/user/ros2_ws/install/my_turtle/lib/python3.10/site-packages:${PYTHONPATH} _=/usr/bin/env /usr/bin/python3 -W ignore:setup.py install is deprecated setup.py egg_info --egg-base ../../build/my_turtle build --build-base /home/user/ros2_ws/build/my_turtle/build install --record /home/user/ros2_ws/build/my_turtle/install.log --single-version-externally-managed install_data
